[2025-03-19T18:23:01.704+0000] {manager.py:483} INFO - Processing files using up to 2 processes at a time 
[2025-03-19T18:23:01.704+0000] {manager.py:484} INFO - Process each file at most once every 30 seconds
[2025-03-19T18:23:01.705+0000] {manager.py:485} INFO - Checking for new files in /home/amdari/apex-env/airflow/dags every 300 seconds
[2025-03-19T18:23:01.705+0000] {manager.py:821} INFO - Searching for files in /home/amdari/apex-env/airflow/dags
[2025-03-19T18:23:01.721+0000] {manager.py:824} INFO - There are 58 files in /home/amdari/apex-env/airflow/dags
[2025-03-19T18:23:02.031+0000] {manager.py:997} INFO - 
================================================================================
DAG File Processing Stats

File Path                                                                                                                                  PID  Runtime      # DAGs    # Errors  Last Runtime    Last Run      Last # of DB Queries
---------------------------------------------------------------------------------------------------------------------------------------  -----  ---------  --------  ----------  --------------  ----------  ----------------------
/home/amdari/apex-env/airflow/dags/dag.py                                                                                                42831  0.06s             0           0                                                   0
/home/amdari/apex-env/venv/lib/python3.11/site-packages/airflow/example_dags/example_inlet_event_extra.py                                                         0           0                                                   0
/home/amdari/apex-env/venv/lib/python3.11/site-packages/airflow/example_dags/example_sla_dag.py                                                                   0           0                                                   0
/home/amdari/apex-env/venv/lib/python3.11/site-packages/airflow/example_dags/example_dynamic_task_mapping.py                                                      0           0                                                   0
/home/amdari/apex-env/venv/lib/python3.11/site-packages/airflow/example_dags/example_time_delta_sensor_async.py                                                   0           0                                                   0
/home/amdari/apex-env/venv/lib/python3.11/site-packages/airflow/example_dags/example_params_ui_tutorial.py                                                        0           0                                                   0
/home/amdari/apex-env/venv/lib/python3.11/site-packages/airflow/example_dags/example_branch_python_dop_operator_3.py                                              0           0                                                   0
/home/amdari/apex-env/venv/lib/python3.11/site-packages/airflow/example_dags/example_sensor_decorator.py                                                          0           0                                                   0
/home/amdari/apex-env/venv/lib/python3.11/site-packages/airflow/example_dags/example_subdag_operator.py                                                           0           0                                                   0
/home/amdari/apex-env/venv/lib/python3.11/site-packages/airflow/example_dags/example_latest_only.py                                                               0           0                                                   0
/home/amdari/apex-env/venv/lib/python3.11/site-packages/airflow/example_dags/example_dag_decorator.py                                                             0           0                                                   0
/home/amdari/apex-env/venv/lib/python3.11/site-packages/airflow/example_dags/example_branch_datetime_operator.py                                                  0           0                                                   0
/home/amdari/apex-env/venv/lib/python3.11/site-packages/airflow/example_dags/example_dynamic_task_mapping_with_no_taskflow_operators.py                           0           0                                                   0
/home/amdari/apex-env/venv/lib/python3.11/site-packages/airflow/example_dags/example_latest_only_with_trigger.py                                                  0           0                                                   0
/home/amdari/apex-env/venv/lib/python3.11/site-packages/airflow/example_dags/example_dataset_alias.py                                                             0           0                                                   0
/home/amdari/apex-env/venv/lib/python3.11/site-packages/airflow/example_dags/example_branch_operator_decorator.py                                                 0           0                                                   0
/home/amdari/apex-env/venv/lib/python3.11/site-packages/airflow/example_dags/tutorial_objectstorage.py                                   42834  0.03s             0           0                                                   0
/home/amdari/apex-env/venv/lib/python3.11/site-packages/airflow/example_dags/example_xcom.py                                                                      0           0                                                   0
/home/amdari/apex-env/venv/lib/python3.11/site-packages/airflow/example_dags/example_sensors.py                                                                   0           0                                                   0
/home/amdari/apex-env/venv/lib/python3.11/site-packages/airflow/example_dags/example_setup_teardown_taskflow.py                                                   0           0                                                   0
/home/amdari/apex-env/venv/lib/python3.11/site-packages/airflow/example_dags/example_kubernetes_executor.py                                                       0           0                                                   0
/home/amdari/apex-env/venv/lib/python3.11/site-packages/airflow/example_dags/example_dataset_alias_with_no_taskflow.py                                            0           0                                                   0
/home/amdari/apex-env/venv/lib/python3.11/site-packages/airflow/example_dags/example_params_trigger_ui.py                                                         0           0                                                   0
/home/amdari/apex-env/venv/lib/python3.11/site-packages/airflow/example_dags/example_bash_decorator.py                                                            0           0                                                   0
/home/amdari/apex-env/venv/lib/python3.11/site-packages/airflow/example_dags/example_setup_teardown.py                                                            0           0                                                   0
/home/amdari/apex-env/venv/lib/python3.11/site-packages/airflow/example_dags/example_python_decorator.py                                                          0           0                                                   0
/home/amdari/apex-env/venv/lib/python3.11/site-packages/airflow/example_dags/tutorial_taskflow_api_virtualenv.py                                                  0           0                                                   0
/home/amdari/apex-env/venv/lib/python3.11/site-packages/airflow/example_dags/example_branch_labels.py                                                             0           0                                                   0
/home/amdari/apex-env/venv/lib/python3.11/site-packages/airflow/example_dags/example_task_group.py                                                                0           0                                                   0
/home/amdari/apex-env/venv/lib/python3.11/site-packages/airflow/example_dags/example_branch_operator.py                                                           0           0                                                   0
/home/amdari/apex-env/venv/lib/python3.11/site-packages/airflow/example_dags/example_nested_branch_dag.py                                                         0           0                                                   0
/home/amdari/apex-env/venv/lib/python3.11/site-packages/airflow/example_dags/example_trigger_target_dag.py                                                        0           0                                                   0
/home/amdari/apex-env/venv/lib/python3.11/site-packages/airflow/example_dags/example_external_task_marker_dag.py                                                  0           0                                                   0
/home/amdari/apex-env/venv/lib/python3.11/site-packages/airflow/example_dags/example_datasets.py                                                                  0           0                                                   0
/home/amdari/apex-env/venv/lib/python3.11/site-packages/airflow/example_dags/tutorial_dag.py                                                                      0           0                                                   0
/home/amdari/apex-env/venv/lib/python3.11/site-packages/airflow/example_dags/example_trigger_controller_dag.py                                                    0           0                                                   0
/home/amdari/apex-env/venv/lib/python3.11/site-packages/airflow/example_dags/example_python_operator.py                                                           0           0                                                   0
/home/amdari/apex-env/venv/lib/python3.11/site-packages/airflow/example_dags/example_display_name.py                                                              0           0                                                   0
/home/amdari/apex-env/venv/lib/python3.11/site-packages/airflow/example_dags/example_outlet_event_extra.py                                                        0           0                                                   0
/home/amdari/apex-env/venv/lib/python3.11/site-packages/airflow/example_dags/example_complex.py                                                                   0           0                                                   0
/home/amdari/apex-env/venv/lib/python3.11/site-packages/airflow/example_dags/tutorial.py                                                                          0           0                                                   0
/home/amdari/apex-env/venv/lib/python3.11/site-packages/airflow/example_dags/example_short_circuit_operator.py                                                    0           0                                                   0
/home/amdari/apex-env/venv/lib/python3.11/site-packages/airflow/example_dags/example_workday_timetable.py                                                         0           0                                                   0
/home/amdari/apex-env/venv/lib/python3.11/site-packages/airflow/example_dags/tutorial_taskflow_templates.py                                                       0           0                                                   0
/home/amdari/apex-env/venv/lib/python3.11/site-packages/airflow/example_dags/example_skip_dag.py                                                                  0           0                                                   0
/home/amdari/apex-env/venv/lib/python3.11/site-packages/airflow/example_dags/example_short_circuit_decorator.py                                                   0           0                                                   0
/home/amdari/apex-env/venv/lib/python3.11/site-packages/airflow/example_dags/example_passing_params_via_test_command.py                                           0           0                                                   0
/home/amdari/apex-env/venv/lib/python3.11/site-packages/airflow/example_dags/example_bash_operator.py                                                             0           0                                                   0
/home/amdari/apex-env/venv/lib/python3.11/site-packages/airflow/example_dags/example_task_group_decorator.py                                                      0           0                                                   0
/home/amdari/apex-env/venv/lib/python3.11/site-packages/airflow/example_dags/example_local_kubernetes_executor.py                                                 0           0                                                   0
/home/amdari/apex-env/venv/lib/python3.11/site-packages/airflow/example_dags/example_xcomargs.py                                                                  0           0                                                   0
/home/amdari/apex-env/venv/lib/python3.11/site-packages/airflow/example_dags/tutorial_taskflow_api.py                                                             0           0                                                   0
/home/amdari/apex-env/venv/lib/python3.11/site-packages/airflow/example_dags/example_branch_day_of_week_operator.py                                               0           0                                                   0
/home/amdari/apex-env/venv/lib/python3.11/site-packages/airflow/example_dags/subdags/subdag.py                                                                    0           0                                                   0
/home/amdari/apex-env/venv/lib/python3.11/site-packages/airflow/example_dags/plugins/workday.py                                                                   0           0                                                   0
/home/amdari/apex-env/venv/lib/python3.11/site-packages/airflow/example_dags/plugins/decreasing_priority_weight_strategy.py                                       0           0                                                   0
/home/amdari/apex-env/venv/lib/python3.11/site-packages/airflow/example_dags/plugins/event_listener.py                                                            0           0                                                   0
/home/amdari/apex-env/venv/lib/python3.11/site-packages/airflow/example_dags/plugins/listener_plugin.py                                                           0           0                                                   0
================================================================================
[2025-03-19T18:23:32.352+0000] {manager.py:997} INFO - 
================================================================================
DAG File Processing Stats

File Path                                                                                                                                PID    Runtime      # DAGs    # Errors  Last Runtime    Last Run               Last # of DB Queries
---------------------------------------------------------------------------------------------------------------------------------------  -----  ---------  --------  ----------  --------------  -------------------  ----------------------
/home/amdari/apex-env/venv/lib/python3.11/site-packages/airflow/example_dags/example_datasets.py                                                                 10           0  0.66s           2025-03-19T18:23:09                     269
/home/amdari/apex-env/venv/lib/python3.11/site-packages/airflow/example_dags/example_dataset_alias.py                                                             4           0  0.52s           2025-03-19T18:23:08                     115
/home/amdari/apex-env/venv/lib/python3.11/site-packages/airflow/example_dags/example_dataset_alias_with_no_taskflow.py                                            4           0  0.52s           2025-03-19T18:23:08                     115
/home/amdari/apex-env/venv/lib/python3.11/site-packages/airflow/example_dags/example_outlet_event_extra.py                                                        3           0  0.50s           2025-03-19T18:23:06                      85
/home/amdari/apex-env/airflow/dags/dag.py                                                                                                                         1           0  0.49s           2025-03-19T18:23:02                      45
/home/amdari/apex-env/venv/lib/python3.11/site-packages/airflow/example_dags/example_xcomargs.py                                                                  2           0  0.46s           2025-03-19T18:23:03                      57
/home/amdari/apex-env/venv/lib/python3.11/site-packages/airflow/example_dags/tutorial_taskflow_templates.py                                                       1           0  0.45s           2025-03-19T18:23:03                      34
/home/amdari/apex-env/venv/lib/python3.11/site-packages/airflow/example_dags/example_branch_operator.py                                                           1           0  0.45s           2025-03-19T18:23:09                      34
/home/amdari/apex-env/venv/lib/python3.11/site-packages/airflow/example_dags/example_branch_operator_decorator.py                                                 1           0  0.45s           2025-03-19T18:23:08                      34
/home/amdari/apex-env/venv/lib/python3.11/site-packages/airflow/example_dags/example_external_task_marker_dag.py                                                  2           0  0.44s           2025-03-19T18:23:09                      57
/home/amdari/apex-env/venv/lib/python3.11/site-packages/airflow/example_dags/tutorial_taskflow_api_virtualenv.py                                                  1           0  0.44s           2025-03-19T18:23:02                      32
/home/amdari/apex-env/venv/lib/python3.11/site-packages/airflow/example_dags/example_bash_operator.py                                                             1           0  0.44s           2025-03-19T18:23:10                      34
/home/amdari/apex-env/venv/lib/python3.11/site-packages/airflow/example_dags/tutorial.py                                                                          1           0  0.43s           2025-03-19T18:23:03                      34
/home/amdari/apex-env/venv/lib/python3.11/site-packages/airflow/example_dags/example_complex.py                                                                   1           0  0.43s           2025-03-19T18:23:10                      32
/home/amdari/apex-env/venv/lib/python3.11/site-packages/airflow/example_dags/tutorial_dag.py                                                                      1           0  0.43s           2025-03-19T18:23:02                      32
/home/amdari/apex-env/venv/lib/python3.11/site-packages/airflow/example_dags/tutorial_objectstorage.py                                                            1           0  0.43s           2025-03-19T18:23:02                      32
/home/amdari/apex-env/venv/lib/python3.11/site-packages/airflow/example_dags/tutorial_taskflow_api.py                                                             1           0  0.42s           2025-03-19T18:23:03                      32
/home/amdari/apex-env/venv/lib/python3.11/site-packages/airflow/example_dags/example_branch_day_of_week_operator.py                                               1           0  0.42s           2025-03-19T18:23:10                      34
/home/amdari/apex-env/venv/lib/python3.11/site-packages/airflow/example_dags/example_display_name.py                                                              1           0  0.41s           2025-03-19T18:23:09                      32
/home/amdari/apex-env/venv/lib/python3.11/site-packages/airflow/example_dags/example_branch_datetime_operator.py                                                  3           0  0.25s           2025-03-19T18:23:07                      84
/home/amdari/apex-env/venv/lib/python3.11/site-packages/airflow/example_dags/example_workday_timetable.py                                                         1           0  0.21s           2025-03-19T18:23:06                      34
/home/amdari/apex-env/venv/lib/python3.11/site-packages/airflow/example_dags/example_inlet_event_extra.py                                                         2           0  0.21s           2025-03-19T18:23:07                      59
/home/amdari/apex-env/venv/lib/python3.11/site-packages/airflow/example_dags/example_subdag_operator.py                                                           3           0  0.20s           2025-03-19T18:23:04                      42
/home/amdari/apex-env/venv/lib/python3.11/site-packages/airflow/example_dags/example_params_ui_tutorial.py                                                        1           0  0.20s           2025-03-19T18:23:04                      32
/home/amdari/apex-env/venv/lib/python3.11/site-packages/airflow/example_dags/example_branch_python_dop_operator_3.py                                              1           0  0.20s           2025-03-19T18:23:07                      34
/home/amdari/apex-env/venv/lib/python3.11/site-packages/airflow/example_dags/example_nested_branch_dag.py                                                         1           0  0.20s           2025-03-19T18:23:05                      34
/home/amdari/apex-env/venv/lib/python3.11/site-packages/airflow/example_dags/example_params_trigger_ui.py                                                         1           0  0.20s           2025-03-19T18:23:05                      32
/home/amdari/apex-env/venv/lib/python3.11/site-packages/airflow/example_dags/example_dag_decorator.py                                                             1           0  0.19s           2025-03-19T18:23:07                      32
/home/amdari/apex-env/venv/lib/python3.11/site-packages/airflow/example_dags/example_sla_dag.py                                                                   1           0  0.19s           2025-03-19T18:23:04                      34
/home/amdari/apex-env/venv/lib/python3.11/site-packages/airflow/example_dags/example_setup_teardown_taskflow.py                                                   1           0  0.19s           2025-03-19T18:23:05                      32
/home/amdari/apex-env/venv/lib/python3.11/site-packages/airflow/example_dags/example_latest_only_with_trigger.py                                                  1           0  0.19s           2025-03-19T18:23:04                      34
/home/amdari/apex-env/venv/lib/python3.11/site-packages/airflow/example_dags/example_branch_labels.py                                                             1           0  0.19s           2025-03-19T18:23:08                      34
/home/amdari/apex-env/venv/lib/python3.11/site-packages/airflow/example_dags/example_skip_dag.py                                                                  1           0  0.19s           2025-03-19T18:23:06                      34
/home/amdari/apex-env/venv/lib/python3.11/site-packages/airflow/example_dags/example_passing_params_via_test_command.py                                           1           0  0.18s           2025-03-19T18:23:06                      34
/home/amdari/apex-env/venv/lib/python3.11/site-packages/airflow/example_dags/example_xcom.py                                                                      1           0  0.18s           2025-03-19T18:23:04                      34
/home/amdari/apex-env/venv/lib/python3.11/site-packages/airflow/example_dags/example_bash_decorator.py                                                            1           0  0.18s           2025-03-19T18:23:08                      32
/home/amdari/apex-env/venv/lib/python3.11/site-packages/airflow/example_dags/example_sensors.py                                                                   1           0  0.18s           2025-03-19T18:23:05                      32
/home/amdari/apex-env/venv/lib/python3.11/site-packages/airflow/example_dags/example_python_operator.py                                                           1           0  0.18s           2025-03-19T18:23:06                      32
/home/amdari/apex-env/venv/lib/python3.11/site-packages/airflow/example_dags/example_latest_only.py                                                               1           0  0.18s           2025-03-19T18:23:04                      34
/home/amdari/apex-env/venv/lib/python3.11/site-packages/airflow/example_dags/example_sensor_decorator.py                                                          1           0  0.18s           2025-03-19T18:23:04                      32
/home/amdari/apex-env/venv/lib/python3.11/site-packages/airflow/example_dags/example_python_decorator.py                                                          1           0  0.18s           2025-03-19T18:23:05                      32
/home/amdari/apex-env/venv/lib/python3.11/site-packages/airflow/example_dags/example_time_delta_sensor_async.py                                                   1           0  0.18s           2025-03-19T18:23:04                      32
/home/amdari/apex-env/venv/lib/python3.11/site-packages/airflow/example_dags/example_trigger_target_dag.py                                                        1           0  0.18s           2025-03-19T18:23:05                      32
/home/amdari/apex-env/venv/lib/python3.11/site-packages/airflow/example_dags/example_task_group_decorator.py                                                      1           0  0.18s           2025-03-19T18:23:07                      32
/home/amdari/apex-env/venv/lib/python3.11/site-packages/airflow/example_dags/example_dynamic_task_mapping.py                                                      1           0  0.18s           2025-03-19T18:23:07                      32
/home/amdari/apex-env/venv/lib/python3.11/site-packages/airflow/example_dags/example_short_circuit_operator.py                                                    1           0  0.17s           2025-03-19T18:23:06                      32
/home/amdari/apex-env/venv/lib/python3.11/site-packages/airflow/example_dags/example_short_circuit_decorator.py                                                   1           0  0.17s           2025-03-19T18:23:06                      32
/home/amdari/apex-env/venv/lib/python3.11/site-packages/airflow/example_dags/example_task_group.py                                                                1           0  0.17s           2025-03-19T18:23:05                      32
/home/amdari/apex-env/venv/lib/python3.11/site-packages/airflow/example_dags/example_setup_teardown.py                                                            1           0  0.17s           2025-03-19T18:23:05                      32
/home/amdari/apex-env/venv/lib/python3.11/site-packages/airflow/example_dags/example_dynamic_task_mapping_with_no_taskflow_operators.py                           1           0  0.17s           2025-03-19T18:23:07                      32
/home/amdari/apex-env/venv/lib/python3.11/site-packages/airflow/example_dags/example_trigger_controller_dag.py                                                    1           0  0.17s           2025-03-19T18:23:06                      34
/home/amdari/apex-env/venv/lib/python3.11/site-packages/airflow/example_dags/plugins/workday.py                                                                   0           0  0.07s           2025-03-19T18:23:03                       3
/home/amdari/apex-env/venv/lib/python3.11/site-packages/airflow/example_dags/example_kubernetes_executor.py                                                       0           0  0.07s           2025-03-19T18:23:08                       3
/home/amdari/apex-env/venv/lib/python3.11/site-packages/airflow/example_dags/subdags/subdag.py                                                                    0           0  0.07s           2025-03-19T18:23:03                       3
/home/amdari/apex-env/venv/lib/python3.11/site-packages/airflow/example_dags/plugins/listener_plugin.py                                                           0           0  0.07s           2025-03-19T18:23:03                       3
/home/amdari/apex-env/venv/lib/python3.11/site-packages/airflow/example_dags/example_local_kubernetes_executor.py                                                 0           0  0.07s           2025-03-19T18:23:07                       3
/home/amdari/apex-env/venv/lib/python3.11/site-packages/airflow/example_dags/plugins/decreasing_priority_weight_strategy.py                                       0           0  0.07s           2025-03-19T18:23:03                       3
/home/amdari/apex-env/venv/lib/python3.11/site-packages/airflow/example_dags/plugins/event_listener.py                                                            0           0  0.07s           2025-03-19T18:23:03                       3
================================================================================
[2025-03-19T18:24:02.563+0000] {manager.py:997} INFO - 
================================================================================
DAG File Processing Stats

File Path                                                                                                                                PID    Runtime      # DAGs    # Errors  Last Runtime    Last Run               Last # of DB Queries
---------------------------------------------------------------------------------------------------------------------------------------  -----  ---------  --------  ----------  --------------  -------------------  ----------------------
/home/amdari/apex-env/venv/lib/python3.11/site-packages/airflow/example_dags/example_datasets.py                                                                 10           0  0.45s           2025-03-19T18:23:40                      49
/home/amdari/apex-env/venv/lib/python3.11/site-packages/airflow/example_dags/example_subdag_operator.py                                                           3           0  0.40s           2025-03-19T18:23:35                      20
/home/amdari/apex-env/airflow/dags/dag.py                                                                                                                         1           0  0.39s           2025-03-19T18:23:33                      12
/home/amdari/apex-env/venv/lib/python3.11/site-packages/airflow/example_dags/tutorial_taskflow_templates.py                                                       1           0  0.39s           2025-03-19T18:23:34                      12
/home/amdari/apex-env/venv/lib/python3.11/site-packages/airflow/example_dags/example_sla_dag.py                                                                   1           0  0.38s           2025-03-19T18:23:35                      12
/home/amdari/apex-env/venv/lib/python3.11/site-packages/airflow/example_dags/tutorial.py                                                                          1           0  0.38s           2025-03-19T18:23:34                      12
/home/amdari/apex-env/venv/lib/python3.11/site-packages/airflow/example_dags/example_xcom.py                                                                      1           0  0.38s           2025-03-19T18:23:36                      12
/home/amdari/apex-env/venv/lib/python3.11/site-packages/airflow/example_dags/example_latest_only.py                                                               1           0  0.38s           2025-03-19T18:23:35                      12
/home/amdari/apex-env/venv/lib/python3.11/site-packages/airflow/example_dags/example_setup_teardown_taskflow.py                                                   1           0  0.37s           2025-03-19T18:23:36                      10
/home/amdari/apex-env/venv/lib/python3.11/site-packages/airflow/example_dags/example_sensor_decorator.py                                                          1           0  0.37s           2025-03-19T18:23:35                      10
/home/amdari/apex-env/venv/lib/python3.11/site-packages/airflow/example_dags/example_latest_only_with_trigger.py                                                  1           0  0.37s           2025-03-19T18:23:35                      12
/home/amdari/apex-env/venv/lib/python3.11/site-packages/airflow/example_dags/example_branch_datetime_operator.py                                                  3           0  0.20s           2025-03-19T18:23:38                      18
/home/amdari/apex-env/venv/lib/python3.11/site-packages/airflow/example_dags/example_dataset_alias.py                                                             4           0  0.18s           2025-03-19T18:23:39                      27
/home/amdari/apex-env/venv/lib/python3.11/site-packages/airflow/example_dags/example_workday_timetable.py                                                         1           0  0.17s           2025-03-19T18:23:37                      12
/home/amdari/apex-env/venv/lib/python3.11/site-packages/airflow/example_dags/example_dataset_alias_with_no_taskflow.py                                            4           0  0.17s           2025-03-19T18:23:39                      27
/home/amdari/apex-env/venv/lib/python3.11/site-packages/airflow/example_dags/example_branch_operator_decorator.py                                                 1           0  0.16s           2025-03-19T18:23:39                      12
/home/amdari/apex-env/venv/lib/python3.11/site-packages/airflow/example_dags/example_outlet_event_extra.py                                                        3           0  0.16s           2025-03-19T18:23:37                      19
/home/amdari/apex-env/venv/lib/python3.11/site-packages/airflow/example_dags/example_task_group_decorator.py                                                      1           0  0.16s           2025-03-19T18:23:37                      10
/home/amdari/apex-env/venv/lib/python3.11/site-packages/airflow/example_dags/example_passing_params_via_test_command.py                                           1           0  0.15s           2025-03-19T18:23:37                      12
/home/amdari/apex-env/venv/lib/python3.11/site-packages/airflow/example_dags/example_dynamic_task_mapping_with_no_taskflow_operators.py                           1           0  0.15s           2025-03-19T18:23:38                      10
/home/amdari/apex-env/venv/lib/python3.11/site-packages/airflow/example_dags/example_branch_operator.py                                                           1           0  0.15s           2025-03-19T18:23:39                      12
/home/amdari/apex-env/venv/lib/python3.11/site-packages/airflow/example_dags/example_branch_python_dop_operator_3.py                                              1           0  0.15s           2025-03-19T18:23:37                      12
/home/amdari/apex-env/venv/lib/python3.11/site-packages/airflow/example_dags/example_params_ui_tutorial.py                                                        1           0  0.15s           2025-03-19T18:23:35                      10
/home/amdari/apex-env/venv/lib/python3.11/site-packages/airflow/example_dags/example_params_trigger_ui.py                                                         1           0  0.15s           2025-03-19T18:23:36                      10
/home/amdari/apex-env/venv/lib/python3.11/site-packages/airflow/example_dags/example_inlet_event_extra.py                                                         2           0  0.15s           2025-03-19T18:23:37                      15
/home/amdari/apex-env/venv/lib/python3.11/site-packages/airflow/example_dags/example_bash_operator.py                                                             1           0  0.15s           2025-03-19T18:23:40                      12
/home/amdari/apex-env/venv/lib/python3.11/site-packages/airflow/example_dags/example_python_decorator.py                                                          1           0  0.14s           2025-03-19T18:23:36                      10
/home/amdari/apex-env/venv/lib/python3.11/site-packages/airflow/example_dags/example_complex.py                                                                   1           0  0.14s           2025-03-19T18:23:40                      10
/home/amdari/apex-env/venv/lib/python3.11/site-packages/airflow/example_dags/example_python_operator.py                                                           1           0  0.14s           2025-03-19T18:23:36                      10
/home/amdari/apex-env/venv/lib/python3.11/site-packages/airflow/example_dags/example_nested_branch_dag.py                                                         1           0  0.14s           2025-03-19T18:23:36                      12
/home/amdari/apex-env/venv/lib/python3.11/site-packages/airflow/example_dags/example_branch_labels.py                                                             1           0  0.13s           2025-03-19T18:23:39                      12
/home/amdari/apex-env/venv/lib/python3.11/site-packages/airflow/example_dags/example_bash_decorator.py                                                            1           0  0.13s           2025-03-19T18:23:39                      10
/home/amdari/apex-env/venv/lib/python3.11/site-packages/airflow/example_dags/example_branch_day_of_week_operator.py                                               1           0  0.13s           2025-03-19T18:23:41                      12
/home/amdari/apex-env/venv/lib/python3.11/site-packages/airflow/example_dags/example_short_circuit_operator.py                                                    1           0  0.13s           2025-03-19T18:23:37                      10
/home/amdari/apex-env/venv/lib/python3.11/site-packages/airflow/example_dags/example_trigger_controller_dag.py                                                    1           0  0.13s           2025-03-19T18:23:36                      12
/home/amdari/apex-env/venv/lib/python3.11/site-packages/airflow/example_dags/example_skip_dag.py                                                                  1           0  0.13s           2025-03-19T18:23:37                      12
/home/amdari/apex-env/venv/lib/python3.11/site-packages/airflow/example_dags/tutorial_taskflow_api_virtualenv.py                                                  1           0  0.13s           2025-03-19T18:23:33                      10
/home/amdari/apex-env/venv/lib/python3.11/site-packages/airflow/example_dags/example_xcomargs.py                                                                  2           0  0.13s           2025-03-19T18:23:34                      13
/home/amdari/apex-env/venv/lib/python3.11/site-packages/airflow/example_dags/example_sensors.py                                                                   1           0  0.13s           2025-03-19T18:23:36                      10
/home/amdari/apex-env/venv/lib/python3.11/site-packages/airflow/example_dags/tutorial_dag.py                                                                      1           0  0.13s           2025-03-19T18:23:33                      10
/home/amdari/apex-env/venv/lib/python3.11/site-packages/airflow/example_dags/example_dag_decorator.py                                                             1           0  0.13s           2025-03-19T18:23:37                      10
/home/amdari/apex-env/venv/lib/python3.11/site-packages/airflow/example_dags/example_setup_teardown.py                                                            1           0  0.13s           2025-03-19T18:23:36                      10
/home/amdari/apex-env/venv/lib/python3.11/site-packages/airflow/example_dags/example_external_task_marker_dag.py                                                  2           0  0.13s           2025-03-19T18:23:39                      13
/home/amdari/apex-env/venv/lib/python3.11/site-packages/airflow/example_dags/tutorial_taskflow_api.py                                                             1           0  0.13s           2025-03-19T18:23:34                      10
/home/amdari/apex-env/venv/lib/python3.11/site-packages/airflow/example_dags/example_task_group.py                                                                1           0  0.12s           2025-03-19T18:23:36                      10
/home/amdari/apex-env/venv/lib/python3.11/site-packages/airflow/example_dags/tutorial_objectstorage.py                                                            1           0  0.12s           2025-03-19T18:23:32                      10
/home/amdari/apex-env/venv/lib/python3.11/site-packages/airflow/example_dags/example_trigger_target_dag.py                                                        1           0  0.12s           2025-03-19T18:23:36                      10
/home/amdari/apex-env/venv/lib/python3.11/site-packages/airflow/example_dags/example_short_circuit_decorator.py                                                   1           0  0.12s           2025-03-19T18:23:37                      10
/home/amdari/apex-env/venv/lib/python3.11/site-packages/airflow/example_dags/example_display_name.py                                                              1           0  0.12s           2025-03-19T18:23:39                      10
/home/amdari/apex-env/venv/lib/python3.11/site-packages/airflow/example_dags/example_time_delta_sensor_async.py                                                   1           0  0.12s           2025-03-19T18:23:34                      10
/home/amdari/apex-env/venv/lib/python3.11/site-packages/airflow/example_dags/example_dynamic_task_mapping.py                                                      1           0  0.12s           2025-03-19T18:23:37                      10
/home/amdari/apex-env/venv/lib/python3.11/site-packages/airflow/example_dags/plugins/event_listener.py                                                            0           0  0.07s           2025-03-19T18:23:34                       3
/home/amdari/apex-env/venv/lib/python3.11/site-packages/airflow/example_dags/example_local_kubernetes_executor.py                                                 0           0  0.07s           2025-03-19T18:23:37                       3
/home/amdari/apex-env/venv/lib/python3.11/site-packages/airflow/example_dags/plugins/listener_plugin.py                                                           0           0  0.07s           2025-03-19T18:23:34                       3
/home/amdari/apex-env/venv/lib/python3.11/site-packages/airflow/example_dags/plugins/workday.py                                                                   0           0  0.07s           2025-03-19T18:23:34                       3
/home/amdari/apex-env/venv/lib/python3.11/site-packages/airflow/example_dags/example_kubernetes_executor.py                                                       0           0  0.07s           2025-03-19T18:23:39                       3
/home/amdari/apex-env/venv/lib/python3.11/site-packages/airflow/example_dags/subdags/subdag.py                                                                    0           0  0.07s           2025-03-19T18:23:34                       3
/home/amdari/apex-env/venv/lib/python3.11/site-packages/airflow/example_dags/plugins/decreasing_priority_weight_strategy.py                                       0           0  0.06s           2025-03-19T18:23:34                       3
================================================================================
[2025-03-19T18:24:33.302+0000] {manager.py:997} INFO - 
================================================================================
DAG File Processing Stats

File Path                                                                                                                                PID    Runtime      # DAGs    # Errors  Last Runtime    Last Run               Last # of DB Queries
---------------------------------------------------------------------------------------------------------------------------------------  -----  ---------  --------  ----------  --------------  -------------------  ----------------------
/home/amdari/apex-env/venv/lib/python3.11/site-packages/airflow/example_dags/example_datasets.py                                                                 10           0  0.45s           2025-03-19T18:24:11                      49
/home/amdari/apex-env/venv/lib/python3.11/site-packages/airflow/example_dags/example_params_trigger_ui.py                                                         1           0  0.41s           2025-03-19T18:24:07                      10
/home/amdari/apex-env/venv/lib/python3.11/site-packages/airflow/example_dags/example_subdag_operator.py                                                           3           0  0.40s           2025-03-19T18:24:06                      20
/home/amdari/apex-env/venv/lib/python3.11/site-packages/airflow/example_dags/example_sla_dag.py                                                                   1           0  0.39s           2025-03-19T18:24:05                      12
/home/amdari/apex-env/venv/lib/python3.11/site-packages/airflow/example_dags/example_params_ui_tutorial.py                                                        1           0  0.39s           2025-03-19T18:24:06                      10
/home/amdari/apex-env/venv/lib/python3.11/site-packages/airflow/example_dags/example_nested_branch_dag.py                                                         1           0  0.39s           2025-03-19T18:24:08                      12
/home/amdari/apex-env/venv/lib/python3.11/site-packages/airflow/example_dags/example_xcom.py                                                                      1           0  0.39s           2025-03-19T18:24:07                      12
/home/amdari/apex-env/airflow/dags/dag.py                                                                                                                         1           0  0.39s           2025-03-19T18:24:03                      12
/home/amdari/apex-env/venv/lib/python3.11/site-packages/airflow/example_dags/tutorial_taskflow_templates.py                                                       1           0  0.39s           2025-03-19T18:24:05                      12
/home/amdari/apex-env/venv/lib/python3.11/site-packages/airflow/example_dags/example_setup_teardown_taskflow.py                                                   1           0  0.39s           2025-03-19T18:24:07                      10
/home/amdari/apex-env/venv/lib/python3.11/site-packages/airflow/example_dags/example_python_decorator.py                                                          1           0  0.39s           2025-03-19T18:24:08                      10
/home/amdari/apex-env/venv/lib/python3.11/site-packages/airflow/example_dags/example_sensor_decorator.py                                                          1           0  0.38s           2025-03-19T18:24:06                      10
/home/amdari/apex-env/venv/lib/python3.11/site-packages/airflow/example_dags/example_latest_only_with_trigger.py                                                  1           0  0.38s           2025-03-19T18:24:06                      12
/home/amdari/apex-env/venv/lib/python3.11/site-packages/airflow/example_dags/example_sensors.py                                                                   1           0  0.38s           2025-03-19T18:24:07                      10
/home/amdari/apex-env/venv/lib/python3.11/site-packages/airflow/example_dags/example_latest_only.py                                                               1           0  0.38s           2025-03-19T18:24:06                      12
/home/amdari/apex-env/venv/lib/python3.11/site-packages/airflow/example_dags/tutorial.py                                                                          1           0  0.38s           2025-03-19T18:24:05                      12
/home/amdari/apex-env/venv/lib/python3.11/site-packages/airflow/example_dags/example_trigger_controller_dag.py                                                    1           0  0.37s           2025-03-19T18:24:08                      12
/home/amdari/apex-env/venv/lib/python3.11/site-packages/airflow/example_dags/example_task_group.py                                                                1           0  0.37s           2025-03-19T18:24:08                      10
/home/amdari/apex-env/venv/lib/python3.11/site-packages/airflow/example_dags/example_setup_teardown.py                                                            1           0  0.37s           2025-03-19T18:24:07                      10
/home/amdari/apex-env/venv/lib/python3.11/site-packages/airflow/example_dags/example_trigger_target_dag.py                                                        1           0  0.36s           2025-03-19T18:24:08                      10
/home/amdari/apex-env/venv/lib/python3.11/site-packages/airflow/example_dags/example_dataset_alias_with_no_taskflow.py                                            4           0  0.20s           2025-03-19T18:24:10                      27
/home/amdari/apex-env/venv/lib/python3.11/site-packages/airflow/example_dags/example_workday_timetable.py                                                         1           0  0.18s           2025-03-19T18:24:09                      12
/home/amdari/apex-env/venv/lib/python3.11/site-packages/airflow/example_dags/example_dag_decorator.py                                                             1           0  0.17s           2025-03-19T18:24:09                      32
/home/amdari/apex-env/venv/lib/python3.11/site-packages/airflow/example_dags/example_dataset_alias.py                                                             4           0  0.17s           2025-03-19T18:24:10                      27
/home/amdari/apex-env/venv/lib/python3.11/site-packages/airflow/example_dags/example_branch_operator.py                                                           1           0  0.16s           2025-03-19T18:24:10                      12
/home/amdari/apex-env/venv/lib/python3.11/site-packages/airflow/example_dags/example_outlet_event_extra.py                                                        3           0  0.16s           2025-03-19T18:24:08                      19
/home/amdari/apex-env/venv/lib/python3.11/site-packages/airflow/example_dags/example_branch_operator_decorator.py                                                 1           0  0.16s           2025-03-19T18:24:10                      12
/home/amdari/apex-env/venv/lib/python3.11/site-packages/airflow/example_dags/example_branch_datetime_operator.py                                                  3           0  0.15s           2025-03-19T18:24:09                      18
/home/amdari/apex-env/venv/lib/python3.11/site-packages/airflow/example_dags/example_passing_params_via_test_command.py                                           1           0  0.15s           2025-03-19T18:24:09                      12
/home/amdari/apex-env/venv/lib/python3.11/site-packages/airflow/example_dags/example_inlet_event_extra.py                                                         2           0  0.15s           2025-03-19T18:24:09                      15
/home/amdari/apex-env/venv/lib/python3.11/site-packages/airflow/example_dags/example_bash_operator.py                                                             1           0  0.14s           2025-03-19T18:24:11                      12
/home/amdari/apex-env/venv/lib/python3.11/site-packages/airflow/example_dags/example_task_group_decorator.py                                                      1           0  0.14s           2025-03-19T18:24:09                      10
/home/amdari/apex-env/venv/lib/python3.11/site-packages/airflow/example_dags/example_branch_python_dop_operator_3.py                                              1           0  0.14s           2025-03-19T18:24:09                      12
/home/amdari/apex-env/venv/lib/python3.11/site-packages/airflow/example_dags/example_skip_dag.py                                                                  1           0  0.14s           2025-03-19T18:24:09                      12
/home/amdari/apex-env/venv/lib/python3.11/site-packages/airflow/example_dags/example_branch_labels.py                                                             1           0  0.14s           2025-03-19T18:24:10                      12
/home/amdari/apex-env/venv/lib/python3.11/site-packages/airflow/example_dags/example_branch_day_of_week_operator.py                                               1           0  0.14s           2025-03-19T18:24:12                      12
/home/amdari/apex-env/venv/lib/python3.11/site-packages/airflow/example_dags/example_complex.py                                                                   1           0  0.14s           2025-03-19T18:24:10                      10
/home/amdari/apex-env/venv/lib/python3.11/site-packages/airflow/example_dags/example_bash_decorator.py                                                            1           0  0.13s           2025-03-19T18:24:10                      10
/home/amdari/apex-env/venv/lib/python3.11/site-packages/airflow/example_dags/example_python_operator.py                                                           1           0  0.13s           2025-03-19T18:24:08                      10
/home/amdari/apex-env/venv/lib/python3.11/site-packages/airflow/example_dags/example_external_task_marker_dag.py                                                  2           0  0.13s           2025-03-19T18:24:10                      13
/home/amdari/apex-env/venv/lib/python3.11/site-packages/airflow/example_dags/example_xcomargs.py                                                                  2           0  0.13s           2025-03-19T18:24:05                      13
/home/amdari/apex-env/venv/lib/python3.11/site-packages/airflow/example_dags/example_short_circuit_decorator.py                                                   1           0  0.13s           2025-03-19T18:24:09                      10
/home/amdari/apex-env/venv/lib/python3.11/site-packages/airflow/example_dags/example_short_circuit_operator.py                                                    1           0  0.12s           2025-03-19T18:24:09                      10
/home/amdari/apex-env/venv/lib/python3.11/site-packages/airflow/example_dags/tutorial_taskflow_api_virtualenv.py                                                  1           0  0.12s           2025-03-19T18:24:03                      10
/home/amdari/apex-env/venv/lib/python3.11/site-packages/airflow/example_dags/example_dynamic_task_mapping.py                                                      1           0  0.12s           2025-03-19T18:24:09                      10
/home/amdari/apex-env/venv/lib/python3.11/site-packages/airflow/example_dags/example_time_delta_sensor_async.py                                                   1           0  0.12s           2025-03-19T18:24:05                      10
/home/amdari/apex-env/venv/lib/python3.11/site-packages/airflow/example_dags/tutorial_taskflow_api.py                                                             1           0  0.12s           2025-03-19T18:24:05                      10
/home/amdari/apex-env/venv/lib/python3.11/site-packages/airflow/example_dags/example_display_name.py                                                              1           0  0.12s           2025-03-19T18:24:10                      10
/home/amdari/apex-env/venv/lib/python3.11/site-packages/airflow/example_dags/tutorial_dag.py                                                                      1           0  0.12s           2025-03-19T18:24:03                      10
/home/amdari/apex-env/venv/lib/python3.11/site-packages/airflow/example_dags/tutorial_objectstorage.py                                                            1           0  0.12s           2025-03-19T18:24:03                      10
/home/amdari/apex-env/venv/lib/python3.11/site-packages/airflow/example_dags/example_dynamic_task_mapping_with_no_taskflow_operators.py                           1           0  0.12s           2025-03-19T18:24:10                      10
/home/amdari/apex-env/venv/lib/python3.11/site-packages/airflow/example_dags/example_kubernetes_executor.py                                                       0           0  0.11s           2025-03-19T18:24:10                       3
/home/amdari/apex-env/venv/lib/python3.11/site-packages/airflow/example_dags/plugins/workday.py                                                                   0           0  0.07s           2025-03-19T18:24:05                       3
/home/amdari/apex-env/venv/lib/python3.11/site-packages/airflow/example_dags/example_local_kubernetes_executor.py                                                 0           0  0.07s           2025-03-19T18:24:09                       3
/home/amdari/apex-env/venv/lib/python3.11/site-packages/airflow/example_dags/plugins/listener_plugin.py                                                           0           0  0.07s           2025-03-19T18:24:05                       3
/home/amdari/apex-env/venv/lib/python3.11/site-packages/airflow/example_dags/plugins/decreasing_priority_weight_strategy.py                                       0           0  0.07s           2025-03-19T18:24:05                       3
/home/amdari/apex-env/venv/lib/python3.11/site-packages/airflow/example_dags/plugins/event_listener.py                                                            0           0  0.07s           2025-03-19T18:24:05                       3
/home/amdari/apex-env/venv/lib/python3.11/site-packages/airflow/example_dags/subdags/subdag.py                                                                    0           0  0.07s           2025-03-19T18:24:05                       3
================================================================================
[2025-03-19T18:25:03.360+0000] {manager.py:997} INFO - 
================================================================================
DAG File Processing Stats

File Path                                                                                                                                PID    Runtime      # DAGs    # Errors  Last Runtime    Last Run               Last # of DB Queries
---------------------------------------------------------------------------------------------------------------------------------------  -----  ---------  --------  ----------  --------------  -------------------  ----------------------
/home/amdari/apex-env/venv/lib/python3.11/site-packages/airflow/example_dags/example_datasets.py                                                                 10           0  0.46s           2025-03-19T18:24:44                      49
/home/amdari/apex-env/venv/lib/python3.11/site-packages/airflow/example_dags/example_dag_decorator.py                                                             1           0  0.43s           2025-03-19T18:24:42                      32
/home/amdari/apex-env/venv/lib/python3.11/site-packages/airflow/example_dags/example_workday_timetable.py                                                         1           0  0.42s           2025-03-19T18:24:40                      12
/home/amdari/apex-env/venv/lib/python3.11/site-packages/airflow/example_dags/example_dataset_alias.py                                                             4           0  0.42s           2025-03-19T18:24:43                      27
/home/amdari/apex-env/venv/lib/python3.11/site-packages/airflow/example_dags/example_outlet_event_extra.py                                                        3           0  0.41s           2025-03-19T18:24:40                      19
/home/amdari/apex-env/venv/lib/python3.11/site-packages/airflow/example_dags/example_inlet_event_extra.py                                                         2           0  0.41s           2025-03-19T18:24:41                      15
/home/amdari/apex-env/venv/lib/python3.11/site-packages/airflow/example_dags/example_params_trigger_ui.py                                                         1           0  0.41s           2025-03-19T18:24:38                      10
/home/amdari/apex-env/venv/lib/python3.11/site-packages/airflow/example_dags/example_subdag_operator.py                                                           3           0  0.40s           2025-03-19T18:24:37                      20
/home/amdari/apex-env/venv/lib/python3.11/site-packages/airflow/example_dags/example_skip_dag.py                                                                  1           0  0.40s           2025-03-19T18:24:40                      12
/home/amdari/apex-env/venv/lib/python3.11/site-packages/airflow/example_dags/example_branch_datetime_operator.py                                                  3           0  0.40s           2025-03-19T18:24:42                      18
/home/amdari/apex-env/venv/lib/python3.11/site-packages/airflow/example_dags/example_nested_branch_dag.py                                                         1           0  0.40s           2025-03-19T18:24:39                      12
/home/amdari/apex-env/venv/lib/python3.11/site-packages/airflow/example_dags/example_task_group_decorator.py                                                      1           0  0.39s           2025-03-19T18:24:41                      10
/home/amdari/apex-env/venv/lib/python3.11/site-packages/airflow/example_dags/example_passing_params_via_test_command.py                                           1           0  0.39s           2025-03-19T18:24:41                      12
/home/amdari/apex-env/venv/lib/python3.11/site-packages/airflow/example_dags/example_params_ui_tutorial.py                                                        1           0  0.39s           2025-03-19T18:24:36                      10
/home/amdari/apex-env/airflow/dags/dag.py                                                                                                                         1           0  0.39s           2025-03-19T18:24:34                      12
/home/amdari/apex-env/venv/lib/python3.11/site-packages/airflow/example_dags/example_trigger_controller_dag.py                                                    1           0  0.39s           2025-03-19T18:24:39                      12
/home/amdari/apex-env/venv/lib/python3.11/site-packages/airflow/example_dags/example_sensors.py                                                                   1           0  0.39s           2025-03-19T18:24:38                      10
/home/amdari/apex-env/venv/lib/python3.11/site-packages/airflow/example_dags/example_python_decorator.py                                                          1           0  0.38s           2025-03-19T18:24:38                      10
/home/amdari/apex-env/venv/lib/python3.11/site-packages/airflow/example_dags/example_setup_teardown_taskflow.py                                                   1           0  0.38s           2025-03-19T18:24:38                      10
/home/amdari/apex-env/venv/lib/python3.11/site-packages/airflow/example_dags/example_python_operator.py                                                           1           0  0.38s           2025-03-19T18:24:39                      10
/home/amdari/apex-env/venv/lib/python3.11/site-packages/airflow/example_dags/example_xcom.py                                                                      1           0  0.38s           2025-03-19T18:24:37                      12
/home/amdari/apex-env/venv/lib/python3.11/site-packages/airflow/example_dags/tutorial_taskflow_templates.py                                                       1           0  0.38s           2025-03-19T18:24:36                      12
/home/amdari/apex-env/venv/lib/python3.11/site-packages/airflow/example_dags/example_branch_python_dop_operator_3.py                                              1           0  0.38s           2025-03-19T18:24:42                      12
/home/amdari/apex-env/venv/lib/python3.11/site-packages/airflow/example_dags/example_latest_only_with_trigger.py                                                  1           0  0.38s           2025-03-19T18:24:37                      12
/home/amdari/apex-env/venv/lib/python3.11/site-packages/airflow/example_dags/example_sla_dag.py                                                                   1           0  0.38s           2025-03-19T18:24:36                      12
/home/amdari/apex-env/venv/lib/python3.11/site-packages/airflow/example_dags/example_latest_only.py                                                               1           0  0.38s           2025-03-19T18:24:37                      12
/home/amdari/apex-env/venv/lib/python3.11/site-packages/airflow/example_dags/example_dynamic_task_mapping_with_no_taskflow_operators.py                           1           0  0.37s           2025-03-19T18:24:43                      10
/home/amdari/apex-env/venv/lib/python3.11/site-packages/airflow/example_dags/example_short_circuit_decorator.py                                                   1           0  0.37s           2025-03-19T18:24:41                      10
/home/amdari/apex-env/venv/lib/python3.11/site-packages/airflow/example_dags/example_trigger_target_dag.py                                                        1           0  0.37s           2025-03-19T18:24:39                      10
/home/amdari/apex-env/venv/lib/python3.11/site-packages/airflow/example_dags/example_task_group.py                                                                1           0  0.37s           2025-03-19T18:24:39                      10
/home/amdari/apex-env/venv/lib/python3.11/site-packages/airflow/example_dags/example_short_circuit_operator.py                                                    1           0  0.37s           2025-03-19T18:24:40                      10
/home/amdari/apex-env/venv/lib/python3.11/site-packages/airflow/example_dags/tutorial.py                                                                          1           0  0.37s           2025-03-19T18:24:36                      12
/home/amdari/apex-env/venv/lib/python3.11/site-packages/airflow/example_dags/example_dynamic_task_mapping.py                                                      1           0  0.37s           2025-03-19T18:24:42                      10
/home/amdari/apex-env/venv/lib/python3.11/site-packages/airflow/example_dags/example_setup_teardown.py                                                            1           0  0.37s           2025-03-19T18:24:38                      10
/home/amdari/apex-env/venv/lib/python3.11/site-packages/airflow/example_dags/example_sensor_decorator.py                                                          1           0  0.37s           2025-03-19T18:24:37                      10
/home/amdari/apex-env/venv/lib/python3.11/site-packages/airflow/example_dags/example_dataset_alias_with_no_taskflow.py                                            4           0  0.18s           2025-03-19T18:24:43                      27
/home/amdari/apex-env/venv/lib/python3.11/site-packages/airflow/example_dags/example_branch_operator_decorator.py                                                 1           0  0.17s           2025-03-19T18:24:43                      12
/home/amdari/apex-env/venv/lib/python3.11/site-packages/airflow/example_dags/example_branch_operator.py                                                           1           0  0.16s           2025-03-19T18:24:43                      12
/home/amdari/apex-env/venv/lib/python3.11/site-packages/airflow/example_dags/example_bash_operator.py                                                             1           0  0.15s           2025-03-19T18:24:44                      12
/home/amdari/apex-env/venv/lib/python3.11/site-packages/airflow/example_dags/example_branch_day_of_week_operator.py                                               1           0  0.14s           2025-03-19T18:24:44                      12
/home/amdari/apex-env/venv/lib/python3.11/site-packages/airflow/example_dags/example_branch_labels.py                                                             1           0  0.14s           2025-03-19T18:24:43                      12
/home/amdari/apex-env/venv/lib/python3.11/site-packages/airflow/example_dags/example_complex.py                                                                   1           0  0.14s           2025-03-19T18:24:43                      10
/home/amdari/apex-env/venv/lib/python3.11/site-packages/airflow/example_dags/example_xcomargs.py                                                                  2           0  0.14s           2025-03-19T18:24:36                      13
/home/amdari/apex-env/venv/lib/python3.11/site-packages/airflow/example_dags/example_bash_decorator.py                                                            1           0  0.14s           2025-03-19T18:24:43                      10
/home/amdari/apex-env/venv/lib/python3.11/site-packages/airflow/example_dags/tutorial_taskflow_api.py                                                             1           0  0.13s           2025-03-19T18:24:36                      10
/home/amdari/apex-env/venv/lib/python3.11/site-packages/airflow/example_dags/example_external_task_marker_dag.py                                                  2           0  0.13s           2025-03-19T18:24:43                      13
/home/amdari/apex-env/venv/lib/python3.11/site-packages/airflow/example_dags/tutorial_taskflow_api_virtualenv.py                                                  1           0  0.13s           2025-03-19T18:24:34                      10
/home/amdari/apex-env/venv/lib/python3.11/site-packages/airflow/example_dags/example_time_delta_sensor_async.py                                                   1           0  0.12s           2025-03-19T18:24:36                      10
/home/amdari/apex-env/venv/lib/python3.11/site-packages/airflow/example_dags/example_display_name.py                                                              1           0  0.12s           2025-03-19T18:24:43                      10
/home/amdari/apex-env/venv/lib/python3.11/site-packages/airflow/example_dags/tutorial_dag.py                                                                      1           0  0.12s           2025-03-19T18:24:34                      10
/home/amdari/apex-env/venv/lib/python3.11/site-packages/airflow/example_dags/tutorial_objectstorage.py                                                            1           0  0.12s           2025-03-19T18:24:34                      10
/home/amdari/apex-env/venv/lib/python3.11/site-packages/airflow/example_dags/example_local_kubernetes_executor.py                                                 0           0  0.07s           2025-03-19T18:24:41                       3
/home/amdari/apex-env/venv/lib/python3.11/site-packages/airflow/example_dags/example_kubernetes_executor.py                                                       0           0  0.07s           2025-03-19T18:24:43                       3
/home/amdari/apex-env/venv/lib/python3.11/site-packages/airflow/example_dags/plugins/workday.py                                                                   0           0  0.07s           2025-03-19T18:24:36                       3
/home/amdari/apex-env/venv/lib/python3.11/site-packages/airflow/example_dags/plugins/event_listener.py                                                            0           0  0.06s           2025-03-19T18:24:36                       3
/home/amdari/apex-env/venv/lib/python3.11/site-packages/airflow/example_dags/plugins/listener_plugin.py                                                           0           0  0.06s           2025-03-19T18:24:36                       3
/home/amdari/apex-env/venv/lib/python3.11/site-packages/airflow/example_dags/subdags/subdag.py                                                                    0           0  0.06s           2025-03-19T18:24:36                       3
/home/amdari/apex-env/venv/lib/python3.11/site-packages/airflow/example_dags/plugins/decreasing_priority_weight_strategy.py                                       0           0  0.06s           2025-03-19T18:24:36                       3
================================================================================
[2025-03-19T18:25:31.587+0000] {manager.py:465} INFO - Exiting gracefully upon receiving signal 15
