[2025-03-19T18:23:07.740+0000] {processor.py:186} INFO - Started process (PID=43238) to work on /home/amdari/apex-env/venv/lib/python3.11/site-packages/airflow/example_dags/example_branch_operator_decorator.py
[2025-03-19T18:23:07.742+0000] {processor.py:914} INFO - Processing file /home/amdari/apex-env/venv/lib/python3.11/site-packages/airflow/example_dags/example_branch_operator_decorator.py for tasks to queue
[2025-03-19T18:23:07.745+0000] {logging_mixin.py:190} INFO - [2025-03-19T18:23:07.745+0000] {dagbag.py:588} INFO - Filling up the DagBag from /home/amdari/apex-env/venv/lib/python3.11/site-packages/airflow/example_dags/example_branch_operator_decorator.py
[2025-03-19T18:23:07.771+0000] {processor.py:925} INFO - DAG(s) 'example_branch_python_operator_decorator' retrieved from /home/amdari/apex-env/venv/lib/python3.11/site-packages/airflow/example_dags/example_branch_operator_decorator.py
[2025-03-19T18:23:07.866+0000] {logging_mixin.py:190} INFO - [2025-03-19T18:23:07.865+0000] {dag.py:3239} INFO - Sync 1 DAGs
[2025-03-19T18:23:07.891+0000] {logging_mixin.py:190} INFO - [2025-03-19T18:23:07.891+0000] {dag.py:4180} INFO - Setting next_dagrun for example_branch_python_operator_decorator to 2025-03-18 00:00:00+00:00, run_after=2025-03-19 00:00:00+00:00
[2025-03-19T18:23:08.148+0000] {processor.py:208} INFO - Processing /home/amdari/apex-env/venv/lib/python3.11/site-packages/airflow/example_dags/example_branch_operator_decorator.py took 0.417 seconds
[2025-03-19T18:23:39.120+0000] {processor.py:186} INFO - Started process (PID=43597) to work on /home/amdari/apex-env/venv/lib/python3.11/site-packages/airflow/example_dags/example_branch_operator_decorator.py
[2025-03-19T18:23:39.122+0000] {processor.py:914} INFO - Processing file /home/amdari/apex-env/venv/lib/python3.11/site-packages/airflow/example_dags/example_branch_operator_decorator.py for tasks to queue
[2025-03-19T18:23:39.125+0000] {logging_mixin.py:190} INFO - [2025-03-19T18:23:39.125+0000] {dagbag.py:588} INFO - Filling up the DagBag from /home/amdari/apex-env/venv/lib/python3.11/site-packages/airflow/example_dags/example_branch_operator_decorator.py
[2025-03-19T18:23:39.152+0000] {processor.py:925} INFO - DAG(s) 'example_branch_python_operator_decorator' retrieved from /home/amdari/apex-env/venv/lib/python3.11/site-packages/airflow/example_dags/example_branch_operator_decorator.py
[2025-03-19T18:23:39.196+0000] {logging_mixin.py:190} INFO - [2025-03-19T18:23:39.195+0000] {dag.py:3239} INFO - Sync 1 DAGs
[2025-03-19T18:23:39.224+0000] {logging_mixin.py:190} INFO - [2025-03-19T18:23:39.224+0000] {dag.py:4180} INFO - Setting next_dagrun for example_branch_python_operator_decorator to 2025-03-18 00:00:00+00:00, run_after=2025-03-19 00:00:00+00:00
[2025-03-19T18:23:39.245+0000] {processor.py:208} INFO - Processing /home/amdari/apex-env/venv/lib/python3.11/site-packages/airflow/example_dags/example_branch_operator_decorator.py took 0.133 seconds
[2025-03-19T18:24:10.064+0000] {processor.py:186} INFO - Started process (PID=43948) to work on /home/amdari/apex-env/venv/lib/python3.11/site-packages/airflow/example_dags/example_branch_operator_decorator.py
[2025-03-19T18:24:10.066+0000] {processor.py:914} INFO - Processing file /home/amdari/apex-env/venv/lib/python3.11/site-packages/airflow/example_dags/example_branch_operator_decorator.py for tasks to queue
[2025-03-19T18:24:10.069+0000] {logging_mixin.py:190} INFO - [2025-03-19T18:24:10.068+0000] {dagbag.py:588} INFO - Filling up the DagBag from /home/amdari/apex-env/venv/lib/python3.11/site-packages/airflow/example_dags/example_branch_operator_decorator.py
[2025-03-19T18:24:10.095+0000] {processor.py:925} INFO - DAG(s) 'example_branch_python_operator_decorator' retrieved from /home/amdari/apex-env/venv/lib/python3.11/site-packages/airflow/example_dags/example_branch_operator_decorator.py
[2025-03-19T18:24:10.140+0000] {logging_mixin.py:190} INFO - [2025-03-19T18:24:10.139+0000] {dag.py:3239} INFO - Sync 1 DAGs
[2025-03-19T18:24:10.168+0000] {logging_mixin.py:190} INFO - [2025-03-19T18:24:10.168+0000] {dag.py:4180} INFO - Setting next_dagrun for example_branch_python_operator_decorator to 2025-03-18 00:00:00+00:00, run_after=2025-03-19 00:00:00+00:00
[2025-03-19T18:24:10.191+0000] {processor.py:208} INFO - Processing /home/amdari/apex-env/venv/lib/python3.11/site-packages/airflow/example_dags/example_branch_operator_decorator.py took 0.135 seconds
[2025-03-19T18:24:43.034+0000] {processor.py:186} INFO - Started process (PID=44331) to work on /home/amdari/apex-env/venv/lib/python3.11/site-packages/airflow/example_dags/example_branch_operator_decorator.py
[2025-03-19T18:24:43.036+0000] {processor.py:914} INFO - Processing file /home/amdari/apex-env/venv/lib/python3.11/site-packages/airflow/example_dags/example_branch_operator_decorator.py for tasks to queue
[2025-03-19T18:24:43.040+0000] {logging_mixin.py:190} INFO - [2025-03-19T18:24:43.039+0000] {dagbag.py:588} INFO - Filling up the DagBag from /home/amdari/apex-env/venv/lib/python3.11/site-packages/airflow/example_dags/example_branch_operator_decorator.py
[2025-03-19T18:24:43.067+0000] {processor.py:925} INFO - DAG(s) 'example_branch_python_operator_decorator' retrieved from /home/amdari/apex-env/venv/lib/python3.11/site-packages/airflow/example_dags/example_branch_operator_decorator.py
[2025-03-19T18:24:43.111+0000] {logging_mixin.py:190} INFO - [2025-03-19T18:24:43.110+0000] {dag.py:3239} INFO - Sync 1 DAGs
[2025-03-19T18:24:43.146+0000] {logging_mixin.py:190} INFO - [2025-03-19T18:24:43.145+0000] {dag.py:4180} INFO - Setting next_dagrun for example_branch_python_operator_decorator to 2025-03-18 00:00:00+00:00, run_after=2025-03-19 00:00:00+00:00
[2025-03-19T18:24:43.168+0000] {processor.py:208} INFO - Processing /home/amdari/apex-env/venv/lib/python3.11/site-packages/airflow/example_dags/example_branch_operator_decorator.py took 0.142 seconds
[2025-03-19T18:25:14.059+0000] {processor.py:186} INFO - Started process (PID=44778) to work on /home/amdari/apex-env/venv/lib/python3.11/site-packages/airflow/example_dags/example_branch_operator_decorator.py
[2025-03-19T18:25:14.061+0000] {processor.py:914} INFO - Processing file /home/amdari/apex-env/venv/lib/python3.11/site-packages/airflow/example_dags/example_branch_operator_decorator.py for tasks to queue
[2025-03-19T18:25:14.064+0000] {logging_mixin.py:190} INFO - [2025-03-19T18:25:14.063+0000] {dagbag.py:588} INFO - Filling up the DagBag from /home/amdari/apex-env/venv/lib/python3.11/site-packages/airflow/example_dags/example_branch_operator_decorator.py
[2025-03-19T18:25:14.090+0000] {processor.py:925} INFO - DAG(s) 'example_branch_python_operator_decorator' retrieved from /home/amdari/apex-env/venv/lib/python3.11/site-packages/airflow/example_dags/example_branch_operator_decorator.py
[2025-03-19T18:25:14.374+0000] {logging_mixin.py:190} INFO - [2025-03-19T18:25:14.374+0000] {dag.py:3239} INFO - Sync 1 DAGs
[2025-03-19T18:25:14.401+0000] {logging_mixin.py:190} INFO - [2025-03-19T18:25:14.401+0000] {dag.py:4180} INFO - Setting next_dagrun for example_branch_python_operator_decorator to 2025-03-18 00:00:00+00:00, run_after=2025-03-19 00:00:00+00:00
[2025-03-19T18:25:14.419+0000] {processor.py:208} INFO - Processing /home/amdari/apex-env/venv/lib/python3.11/site-packages/airflow/example_dags/example_branch_operator_decorator.py took 0.368 seconds
