[2025-03-19T18:23:05.382+0000] {processor.py:186} INFO - Started process (PID=42978) to work on /home/amdari/apex-env/venv/lib/python3.11/site-packages/airflow/example_dags/example_setup_teardown.py
[2025-03-19T18:23:05.383+0000] {processor.py:914} INFO - Processing file /home/amdari/apex-env/venv/lib/python3.11/site-packages/airflow/example_dags/example_setup_teardown.py for tasks to queue
[2025-03-19T18:23:05.386+0000] {logging_mixin.py:190} INFO - [2025-03-19T18:23:05.385+0000] {dagbag.py:588} INFO - Filling up the DagBag from /home/amdari/apex-env/venv/lib/python3.11/site-packages/airflow/example_dags/example_setup_teardown.py
[2025-03-19T18:23:05.396+0000] {processor.py:925} INFO - DAG(s) 'example_setup_teardown' retrieved from /home/amdari/apex-env/venv/lib/python3.11/site-packages/airflow/example_dags/example_setup_teardown.py
[2025-03-19T18:23:05.487+0000] {logging_mixin.py:190} INFO - [2025-03-19T18:23:05.486+0000] {dag.py:3239} INFO - Sync 1 DAGs
[2025-03-19T18:23:05.500+0000] {logging_mixin.py:190} INFO - [2025-03-19T18:23:05.500+0000] {dag.py:4180} INFO - Setting next_dagrun for example_setup_teardown to None, run_after=None
[2025-03-19T18:23:05.522+0000] {processor.py:208} INFO - Processing /home/amdari/apex-env/venv/lib/python3.11/site-packages/airflow/example_dags/example_setup_teardown.py took 0.149 seconds
[2025-03-19T18:23:36.419+0000] {processor.py:186} INFO - Started process (PID=43466) to work on /home/amdari/apex-env/venv/lib/python3.11/site-packages/airflow/example_dags/example_setup_teardown.py
[2025-03-19T18:23:36.420+0000] {processor.py:914} INFO - Processing file /home/amdari/apex-env/venv/lib/python3.11/site-packages/airflow/example_dags/example_setup_teardown.py for tasks to queue
[2025-03-19T18:23:36.424+0000] {logging_mixin.py:190} INFO - [2025-03-19T18:23:36.423+0000] {dagbag.py:588} INFO - Filling up the DagBag from /home/amdari/apex-env/venv/lib/python3.11/site-packages/airflow/example_dags/example_setup_teardown.py
[2025-03-19T18:23:36.434+0000] {processor.py:925} INFO - DAG(s) 'example_setup_teardown' retrieved from /home/amdari/apex-env/venv/lib/python3.11/site-packages/airflow/example_dags/example_setup_teardown.py
[2025-03-19T18:23:36.473+0000] {logging_mixin.py:190} INFO - [2025-03-19T18:23:36.472+0000] {dag.py:3239} INFO - Sync 1 DAGs
[2025-03-19T18:23:36.492+0000] {logging_mixin.py:190} INFO - [2025-03-19T18:23:36.492+0000] {dag.py:4180} INFO - Setting next_dagrun for example_setup_teardown to None, run_after=None
[2025-03-19T18:23:36.513+0000] {processor.py:208} INFO - Processing /home/amdari/apex-env/venv/lib/python3.11/site-packages/airflow/example_dags/example_setup_teardown.py took 0.103 seconds
[2025-03-19T18:24:07.545+0000] {processor.py:186} INFO - Started process (PID=43817) to work on /home/amdari/apex-env/venv/lib/python3.11/site-packages/airflow/example_dags/example_setup_teardown.py
[2025-03-19T18:24:07.547+0000] {processor.py:914} INFO - Processing file /home/amdari/apex-env/venv/lib/python3.11/site-packages/airflow/example_dags/example_setup_teardown.py for tasks to queue
[2025-03-19T18:24:07.550+0000] {logging_mixin.py:190} INFO - [2025-03-19T18:24:07.550+0000] {dagbag.py:588} INFO - Filling up the DagBag from /home/amdari/apex-env/venv/lib/python3.11/site-packages/airflow/example_dags/example_setup_teardown.py
[2025-03-19T18:24:07.560+0000] {processor.py:925} INFO - DAG(s) 'example_setup_teardown' retrieved from /home/amdari/apex-env/venv/lib/python3.11/site-packages/airflow/example_dags/example_setup_teardown.py
[2025-03-19T18:24:07.597+0000] {logging_mixin.py:190} INFO - [2025-03-19T18:24:07.597+0000] {dag.py:3239} INFO - Sync 1 DAGs
[2025-03-19T18:24:07.860+0000] {logging_mixin.py:190} INFO - [2025-03-19T18:24:07.860+0000] {dag.py:4180} INFO - Setting next_dagrun for example_setup_teardown to None, run_after=None
[2025-03-19T18:24:07.880+0000] {processor.py:208} INFO - Processing /home/amdari/apex-env/venv/lib/python3.11/site-packages/airflow/example_dags/example_setup_teardown.py took 0.344 seconds
[2025-03-19T18:24:38.347+0000] {processor.py:186} INFO - Started process (PID=44168) to work on /home/amdari/apex-env/venv/lib/python3.11/site-packages/airflow/example_dags/example_setup_teardown.py
[2025-03-19T18:24:38.348+0000] {processor.py:914} INFO - Processing file /home/amdari/apex-env/venv/lib/python3.11/site-packages/airflow/example_dags/example_setup_teardown.py for tasks to queue
[2025-03-19T18:24:38.352+0000] {logging_mixin.py:190} INFO - [2025-03-19T18:24:38.351+0000] {dagbag.py:588} INFO - Filling up the DagBag from /home/amdari/apex-env/venv/lib/python3.11/site-packages/airflow/example_dags/example_setup_teardown.py
[2025-03-19T18:24:38.362+0000] {processor.py:925} INFO - DAG(s) 'example_setup_teardown' retrieved from /home/amdari/apex-env/venv/lib/python3.11/site-packages/airflow/example_dags/example_setup_teardown.py
[2025-03-19T18:24:38.398+0000] {logging_mixin.py:190} INFO - [2025-03-19T18:24:38.397+0000] {dag.py:3239} INFO - Sync 1 DAGs
[2025-03-19T18:24:38.659+0000] {logging_mixin.py:190} INFO - [2025-03-19T18:24:38.659+0000] {dag.py:4180} INFO - Setting next_dagrun for example_setup_teardown to None, run_after=None
[2025-03-19T18:24:38.679+0000] {processor.py:208} INFO - Processing /home/amdari/apex-env/venv/lib/python3.11/site-packages/airflow/example_dags/example_setup_teardown.py took 0.341 seconds
[2025-03-19T18:25:09.373+0000] {processor.py:186} INFO - Started process (PID=44643) to work on /home/amdari/apex-env/venv/lib/python3.11/site-packages/airflow/example_dags/example_setup_teardown.py
[2025-03-19T18:25:09.375+0000] {processor.py:914} INFO - Processing file /home/amdari/apex-env/venv/lib/python3.11/site-packages/airflow/example_dags/example_setup_teardown.py for tasks to queue
[2025-03-19T18:25:09.378+0000] {logging_mixin.py:190} INFO - [2025-03-19T18:25:09.378+0000] {dagbag.py:588} INFO - Filling up the DagBag from /home/amdari/apex-env/venv/lib/python3.11/site-packages/airflow/example_dags/example_setup_teardown.py
[2025-03-19T18:25:09.388+0000] {processor.py:925} INFO - DAG(s) 'example_setup_teardown' retrieved from /home/amdari/apex-env/venv/lib/python3.11/site-packages/airflow/example_dags/example_setup_teardown.py
[2025-03-19T18:25:09.426+0000] {logging_mixin.py:190} INFO - [2025-03-19T18:25:09.425+0000] {dag.py:3239} INFO - Sync 1 DAGs
[2025-03-19T18:25:09.686+0000] {logging_mixin.py:190} INFO - [2025-03-19T18:25:09.686+0000] {dag.py:4180} INFO - Setting next_dagrun for example_setup_teardown to None, run_after=None
[2025-03-19T18:25:09.708+0000] {processor.py:208} INFO - Processing /home/amdari/apex-env/venv/lib/python3.11/site-packages/airflow/example_dags/example_setup_teardown.py took 0.344 seconds
