[2025-03-19T18:23:07.505+0000] {processor.py:186} INFO - Started process (PID=43225) to work on /home/amdari/apex-env/venv/lib/python3.11/site-packages/airflow/example_dags/example_dynamic_task_mapping_with_no_taskflow_operators.py
[2025-03-19T18:23:07.506+0000] {processor.py:914} INFO - Processing file /home/amdari/apex-env/venv/lib/python3.11/site-packages/airflow/example_dags/example_dynamic_task_mapping_with_no_taskflow_operators.py for tasks to queue
[2025-03-19T18:23:07.509+0000] {logging_mixin.py:190} INFO - [2025-03-19T18:23:07.508+0000] {dagbag.py:588} INFO - Filling up the DagBag from /home/amdari/apex-env/venv/lib/python3.11/site-packages/airflow/example_dags/example_dynamic_task_mapping_with_no_taskflow_operators.py
[2025-03-19T18:23:07.519+0000] {processor.py:925} INFO - DAG(s) 'example_dynamic_task_mapping_with_no_taskflow_operators' retrieved from /home/amdari/apex-env/venv/lib/python3.11/site-packages/airflow/example_dags/example_dynamic_task_mapping_with_no_taskflow_operators.py
[2025-03-19T18:23:07.606+0000] {logging_mixin.py:190} INFO - [2025-03-19T18:23:07.605+0000] {dag.py:3239} INFO - Sync 1 DAGs
[2025-03-19T18:23:07.619+0000] {logging_mixin.py:190} INFO - [2025-03-19T18:23:07.619+0000] {dag.py:4180} INFO - Setting next_dagrun for example_dynamic_task_mapping_with_no_taskflow_operators to None, run_after=None
[2025-03-19T18:23:07.639+0000] {processor.py:208} INFO - Processing /home/amdari/apex-env/venv/lib/python3.11/site-packages/airflow/example_dags/example_dynamic_task_mapping_with_no_taskflow_operators.py took 0.143 seconds
[2025-03-19T18:23:37.941+0000] {processor.py:186} INFO - Started process (PID=43585) to work on /home/amdari/apex-env/venv/lib/python3.11/site-packages/airflow/example_dags/example_dynamic_task_mapping_with_no_taskflow_operators.py
[2025-03-19T18:23:37.975+0000] {processor.py:914} INFO - Processing file /home/amdari/apex-env/venv/lib/python3.11/site-packages/airflow/example_dags/example_dynamic_task_mapping_with_no_taskflow_operators.py for tasks to queue
[2025-03-19T18:23:37.979+0000] {logging_mixin.py:190} INFO - [2025-03-19T18:23:37.979+0000] {dagbag.py:588} INFO - Filling up the DagBag from /home/amdari/apex-env/venv/lib/python3.11/site-packages/airflow/example_dags/example_dynamic_task_mapping_with_no_taskflow_operators.py
[2025-03-19T18:23:37.989+0000] {processor.py:925} INFO - DAG(s) 'example_dynamic_task_mapping_with_no_taskflow_operators' retrieved from /home/amdari/apex-env/venv/lib/python3.11/site-packages/airflow/example_dags/example_dynamic_task_mapping_with_no_taskflow_operators.py
[2025-03-19T18:23:38.025+0000] {logging_mixin.py:190} INFO - [2025-03-19T18:23:38.024+0000] {dag.py:3239} INFO - Sync 1 DAGs
[2025-03-19T18:23:38.042+0000] {logging_mixin.py:190} INFO - [2025-03-19T18:23:38.042+0000] {dag.py:4180} INFO - Setting next_dagrun for example_dynamic_task_mapping_with_no_taskflow_operators to None, run_after=None
[2025-03-19T18:23:38.063+0000] {processor.py:208} INFO - Processing /home/amdari/apex-env/venv/lib/python3.11/site-packages/airflow/example_dags/example_dynamic_task_mapping_with_no_taskflow_operators.py took 0.130 seconds
[2025-03-19T18:24:09.928+0000] {processor.py:186} INFO - Started process (PID=43939) to work on /home/amdari/apex-env/venv/lib/python3.11/site-packages/airflow/example_dags/example_dynamic_task_mapping_with_no_taskflow_operators.py
[2025-03-19T18:24:09.930+0000] {processor.py:914} INFO - Processing file /home/amdari/apex-env/venv/lib/python3.11/site-packages/airflow/example_dags/example_dynamic_task_mapping_with_no_taskflow_operators.py for tasks to queue
[2025-03-19T18:24:09.933+0000] {logging_mixin.py:190} INFO - [2025-03-19T18:24:09.933+0000] {dagbag.py:588} INFO - Filling up the DagBag from /home/amdari/apex-env/venv/lib/python3.11/site-packages/airflow/example_dags/example_dynamic_task_mapping_with_no_taskflow_operators.py
[2025-03-19T18:24:09.943+0000] {processor.py:925} INFO - DAG(s) 'example_dynamic_task_mapping_with_no_taskflow_operators' retrieved from /home/amdari/apex-env/venv/lib/python3.11/site-packages/airflow/example_dags/example_dynamic_task_mapping_with_no_taskflow_operators.py
[2025-03-19T18:24:09.979+0000] {logging_mixin.py:190} INFO - [2025-03-19T18:24:09.978+0000] {dag.py:3239} INFO - Sync 1 DAGs
[2025-03-19T18:24:09.995+0000] {logging_mixin.py:190} INFO - [2025-03-19T18:24:09.995+0000] {dag.py:4180} INFO - Setting next_dagrun for example_dynamic_task_mapping_with_no_taskflow_operators to None, run_after=None
[2025-03-19T18:24:10.015+0000] {processor.py:208} INFO - Processing /home/amdari/apex-env/venv/lib/python3.11/site-packages/airflow/example_dags/example_dynamic_task_mapping_with_no_taskflow_operators.py took 0.096 seconds
[2025-03-19T18:24:42.651+0000] {processor.py:186} INFO - Started process (PID=44319) to work on /home/amdari/apex-env/venv/lib/python3.11/site-packages/airflow/example_dags/example_dynamic_task_mapping_with_no_taskflow_operators.py
[2025-03-19T18:24:42.652+0000] {processor.py:914} INFO - Processing file /home/amdari/apex-env/venv/lib/python3.11/site-packages/airflow/example_dags/example_dynamic_task_mapping_with_no_taskflow_operators.py for tasks to queue
[2025-03-19T18:24:42.656+0000] {logging_mixin.py:190} INFO - [2025-03-19T18:24:42.656+0000] {dagbag.py:588} INFO - Filling up the DagBag from /home/amdari/apex-env/venv/lib/python3.11/site-packages/airflow/example_dags/example_dynamic_task_mapping_with_no_taskflow_operators.py
[2025-03-19T18:24:42.666+0000] {processor.py:925} INFO - DAG(s) 'example_dynamic_task_mapping_with_no_taskflow_operators' retrieved from /home/amdari/apex-env/venv/lib/python3.11/site-packages/airflow/example_dags/example_dynamic_task_mapping_with_no_taskflow_operators.py
[2025-03-19T18:24:42.954+0000] {logging_mixin.py:190} INFO - [2025-03-19T18:24:42.707+0000] {dag.py:3239} INFO - Sync 1 DAGs
[2025-03-19T18:24:42.969+0000] {logging_mixin.py:190} INFO - [2025-03-19T18:24:42.968+0000] {dag.py:4180} INFO - Setting next_dagrun for example_dynamic_task_mapping_with_no_taskflow_operators to None, run_after=None
[2025-03-19T18:24:42.989+0000] {processor.py:208} INFO - Processing /home/amdari/apex-env/venv/lib/python3.11/site-packages/airflow/example_dags/example_dynamic_task_mapping_with_no_taskflow_operators.py took 0.347 seconds
[2025-03-19T18:25:13.685+0000] {processor.py:186} INFO - Started process (PID=44768) to work on /home/amdari/apex-env/venv/lib/python3.11/site-packages/airflow/example_dags/example_dynamic_task_mapping_with_no_taskflow_operators.py
[2025-03-19T18:25:13.687+0000] {processor.py:914} INFO - Processing file /home/amdari/apex-env/venv/lib/python3.11/site-packages/airflow/example_dags/example_dynamic_task_mapping_with_no_taskflow_operators.py for tasks to queue
[2025-03-19T18:25:13.690+0000] {logging_mixin.py:190} INFO - [2025-03-19T18:25:13.690+0000] {dagbag.py:588} INFO - Filling up the DagBag from /home/amdari/apex-env/venv/lib/python3.11/site-packages/airflow/example_dags/example_dynamic_task_mapping_with_no_taskflow_operators.py
[2025-03-19T18:25:13.700+0000] {processor.py:925} INFO - DAG(s) 'example_dynamic_task_mapping_with_no_taskflow_operators' retrieved from /home/amdari/apex-env/venv/lib/python3.11/site-packages/airflow/example_dags/example_dynamic_task_mapping_with_no_taskflow_operators.py
[2025-03-19T18:25:13.981+0000] {logging_mixin.py:190} INFO - [2025-03-19T18:25:13.734+0000] {dag.py:3239} INFO - Sync 1 DAGs
[2025-03-19T18:25:13.995+0000] {logging_mixin.py:190} INFO - [2025-03-19T18:25:13.995+0000] {dag.py:4180} INFO - Setting next_dagrun for example_dynamic_task_mapping_with_no_taskflow_operators to None, run_after=None
[2025-03-19T18:25:14.013+0000] {processor.py:208} INFO - Processing /home/amdari/apex-env/venv/lib/python3.11/site-packages/airflow/example_dags/example_dynamic_task_mapping_with_no_taskflow_operators.py took 0.338 seconds
