[2025-03-19T18:23:07.070+0000] {processor.py:186} INFO - Started process (PID=43117) to work on /home/amdari/apex-env/venv/lib/python3.11/site-packages/airflow/example_dags/example_inlet_event_extra.py
[2025-03-19T18:23:07.071+0000] {processor.py:914} INFO - Processing file /home/amdari/apex-env/venv/lib/python3.11/site-packages/airflow/example_dags/example_inlet_event_extra.py for tasks to queue
[2025-03-19T18:23:07.075+0000] {logging_mixin.py:190} INFO - [2025-03-19T18:23:07.075+0000] {dagbag.py:588} INFO - Filling up the DagBag from /home/amdari/apex-env/venv/lib/python3.11/site-packages/airflow/example_dags/example_inlet_event_extra.py
[2025-03-19T18:23:07.091+0000] {processor.py:925} INFO - DAG(s) 'read_dataset_event_from_classic', 'read_dataset_event' retrieved from /home/amdari/apex-env/venv/lib/python3.11/site-packages/airflow/example_dags/example_inlet_event_extra.py
[2025-03-19T18:23:07.196+0000] {logging_mixin.py:190} INFO - [2025-03-19T18:23:07.196+0000] {dag.py:3239} INFO - Sync 2 DAGs
[2025-03-19T18:23:07.223+0000] {logging_mixin.py:190} INFO - [2025-03-19T18:23:07.222+0000] {dag.py:4180} INFO - Setting next_dagrun for read_dataset_event to 2025-03-18 00:00:00+00:00, run_after=2025-03-19 00:00:00+00:00
[2025-03-19T18:23:07.228+0000] {logging_mixin.py:190} INFO - [2025-03-19T18:23:07.227+0000] {dag.py:4180} INFO - Setting next_dagrun for read_dataset_event_from_classic to 2025-03-18 00:00:00+00:00, run_after=2025-03-19 00:00:00+00:00
[2025-03-19T18:23:07.252+0000] {processor.py:208} INFO - Processing /home/amdari/apex-env/venv/lib/python3.11/site-packages/airflow/example_dags/example_inlet_event_extra.py took 0.190 seconds
[2025-03-19T18:23:37.643+0000] {processor.py:186} INFO - Started process (PID=43564) to work on /home/amdari/apex-env/venv/lib/python3.11/site-packages/airflow/example_dags/example_inlet_event_extra.py
[2025-03-19T18:23:37.645+0000] {processor.py:914} INFO - Processing file /home/amdari/apex-env/venv/lib/python3.11/site-packages/airflow/example_dags/example_inlet_event_extra.py for tasks to queue
[2025-03-19T18:23:37.648+0000] {logging_mixin.py:190} INFO - [2025-03-19T18:23:37.648+0000] {dagbag.py:588} INFO - Filling up the DagBag from /home/amdari/apex-env/venv/lib/python3.11/site-packages/airflow/example_dags/example_inlet_event_extra.py
[2025-03-19T18:23:37.665+0000] {processor.py:925} INFO - DAG(s) 'read_dataset_event_from_classic', 'read_dataset_event' retrieved from /home/amdari/apex-env/venv/lib/python3.11/site-packages/airflow/example_dags/example_inlet_event_extra.py
[2025-03-19T18:23:37.704+0000] {logging_mixin.py:190} INFO - [2025-03-19T18:23:37.704+0000] {dag.py:3239} INFO - Sync 2 DAGs
[2025-03-19T18:23:37.733+0000] {logging_mixin.py:190} INFO - [2025-03-19T18:23:37.733+0000] {dag.py:4180} INFO - Setting next_dagrun for read_dataset_event to 2025-03-18 00:00:00+00:00, run_after=2025-03-19 00:00:00+00:00
[2025-03-19T18:23:37.739+0000] {logging_mixin.py:190} INFO - [2025-03-19T18:23:37.739+0000] {dag.py:4180} INFO - Setting next_dagrun for read_dataset_event_from_classic to 2025-03-18 00:00:00+00:00, run_after=2025-03-19 00:00:00+00:00
[2025-03-19T18:23:37.758+0000] {processor.py:208} INFO - Processing /home/amdari/apex-env/venv/lib/python3.11/site-packages/airflow/example_dags/example_inlet_event_extra.py took 0.123 seconds
[2025-03-19T18:24:09.466+0000] {processor.py:186} INFO - Started process (PID=43909) to work on /home/amdari/apex-env/venv/lib/python3.11/site-packages/airflow/example_dags/example_inlet_event_extra.py
[2025-03-19T18:24:09.467+0000] {processor.py:914} INFO - Processing file /home/amdari/apex-env/venv/lib/python3.11/site-packages/airflow/example_dags/example_inlet_event_extra.py for tasks to queue
[2025-03-19T18:24:09.471+0000] {logging_mixin.py:190} INFO - [2025-03-19T18:24:09.470+0000] {dagbag.py:588} INFO - Filling up the DagBag from /home/amdari/apex-env/venv/lib/python3.11/site-packages/airflow/example_dags/example_inlet_event_extra.py
[2025-03-19T18:24:09.489+0000] {processor.py:925} INFO - DAG(s) 'read_dataset_event_from_classic', 'read_dataset_event' retrieved from /home/amdari/apex-env/venv/lib/python3.11/site-packages/airflow/example_dags/example_inlet_event_extra.py
[2025-03-19T18:24:09.528+0000] {logging_mixin.py:190} INFO - [2025-03-19T18:24:09.527+0000] {dag.py:3239} INFO - Sync 2 DAGs
[2025-03-19T18:24:09.558+0000] {logging_mixin.py:190} INFO - [2025-03-19T18:24:09.557+0000] {dag.py:4180} INFO - Setting next_dagrun for read_dataset_event to 2025-03-18 00:00:00+00:00, run_after=2025-03-19 00:00:00+00:00
[2025-03-19T18:24:09.563+0000] {logging_mixin.py:190} INFO - [2025-03-19T18:24:09.563+0000] {dag.py:4180} INFO - Setting next_dagrun for read_dataset_event_from_classic to 2025-03-18 00:00:00+00:00, run_after=2025-03-19 00:00:00+00:00
[2025-03-19T18:24:09.581+0000] {processor.py:208} INFO - Processing /home/amdari/apex-env/venv/lib/python3.11/site-packages/airflow/example_dags/example_inlet_event_extra.py took 0.125 seconds
[2025-03-19T18:24:41.526+0000] {processor.py:186} INFO - Started process (PID=44288) to work on /home/amdari/apex-env/venv/lib/python3.11/site-packages/airflow/example_dags/example_inlet_event_extra.py
[2025-03-19T18:24:41.527+0000] {processor.py:914} INFO - Processing file /home/amdari/apex-env/venv/lib/python3.11/site-packages/airflow/example_dags/example_inlet_event_extra.py for tasks to queue
[2025-03-19T18:24:41.530+0000] {logging_mixin.py:190} INFO - [2025-03-19T18:24:41.530+0000] {dagbag.py:588} INFO - Filling up the DagBag from /home/amdari/apex-env/venv/lib/python3.11/site-packages/airflow/example_dags/example_inlet_event_extra.py
[2025-03-19T18:24:41.553+0000] {processor.py:925} INFO - DAG(s) 'read_dataset_event', 'read_dataset_event_from_classic' retrieved from /home/amdari/apex-env/venv/lib/python3.11/site-packages/airflow/example_dags/example_inlet_event_extra.py
[2025-03-19T18:24:41.843+0000] {logging_mixin.py:190} INFO - [2025-03-19T18:24:41.843+0000] {dag.py:3239} INFO - Sync 2 DAGs
[2025-03-19T18:24:41.869+0000] {logging_mixin.py:190} INFO - [2025-03-19T18:24:41.869+0000] {dag.py:4180} INFO - Setting next_dagrun for read_dataset_event to 2025-03-18 00:00:00+00:00, run_after=2025-03-19 00:00:00+00:00
[2025-03-19T18:24:41.874+0000] {logging_mixin.py:190} INFO - [2025-03-19T18:24:41.874+0000] {dag.py:4180} INFO - Setting next_dagrun for read_dataset_event_from_classic to 2025-03-18 00:00:00+00:00, run_after=2025-03-19 00:00:00+00:00
[2025-03-19T18:24:41.891+0000] {processor.py:208} INFO - Processing /home/amdari/apex-env/venv/lib/python3.11/site-packages/airflow/example_dags/example_inlet_event_extra.py took 0.375 seconds
[2025-03-19T18:25:12.464+0000] {processor.py:186} INFO - Started process (PID=44737) to work on /home/amdari/apex-env/venv/lib/python3.11/site-packages/airflow/example_dags/example_inlet_event_extra.py
[2025-03-19T18:25:12.468+0000] {processor.py:914} INFO - Processing file /home/amdari/apex-env/venv/lib/python3.11/site-packages/airflow/example_dags/example_inlet_event_extra.py for tasks to queue
[2025-03-19T18:25:12.471+0000] {logging_mixin.py:190} INFO - [2025-03-19T18:25:12.471+0000] {dagbag.py:588} INFO - Filling up the DagBag from /home/amdari/apex-env/venv/lib/python3.11/site-packages/airflow/example_dags/example_inlet_event_extra.py
[2025-03-19T18:25:12.488+0000] {processor.py:925} INFO - DAG(s) 'read_dataset_event', 'read_dataset_event_from_classic' retrieved from /home/amdari/apex-env/venv/lib/python3.11/site-packages/airflow/example_dags/example_inlet_event_extra.py
[2025-03-19T18:25:12.768+0000] {logging_mixin.py:190} INFO - [2025-03-19T18:25:12.768+0000] {dag.py:3239} INFO - Sync 2 DAGs
[2025-03-19T18:25:12.794+0000] {logging_mixin.py:190} INFO - [2025-03-19T18:25:12.794+0000] {dag.py:4180} INFO - Setting next_dagrun for read_dataset_event to 2025-03-18 00:00:00+00:00, run_after=2025-03-19 00:00:00+00:00
[2025-03-19T18:25:12.799+0000] {logging_mixin.py:190} INFO - [2025-03-19T18:25:12.799+0000] {dag.py:4180} INFO - Setting next_dagrun for read_dataset_event_from_classic to 2025-03-18 00:00:00+00:00, run_after=2025-03-19 00:00:00+00:00
[2025-03-19T18:25:12.816+0000] {processor.py:208} INFO - Processing /home/amdari/apex-env/venv/lib/python3.11/site-packages/airflow/example_dags/example_inlet_event_extra.py took 0.360 seconds
