[2025-03-19T18:23:05.749+0000] {processor.py:186} INFO - Started process (PID=42999) to work on /home/amdari/apex-env/venv/lib/python3.11/site-packages/airflow/example_dags/example_trigger_target_dag.py
[2025-03-19T18:23:05.750+0000] {processor.py:914} INFO - Processing file /home/amdari/apex-env/venv/lib/python3.11/site-packages/airflow/example_dags/example_trigger_target_dag.py for tasks to queue
[2025-03-19T18:23:05.754+0000] {logging_mixin.py:190} INFO - [2025-03-19T18:23:05.754+0000] {dagbag.py:588} INFO - Filling up the DagBag from /home/amdari/apex-env/venv/lib/python3.11/site-packages/airflow/example_dags/example_trigger_target_dag.py
[2025-03-19T18:23:05.763+0000] {processor.py:925} INFO - DAG(s) 'example_trigger_target_dag' retrieved from /home/amdari/apex-env/venv/lib/python3.11/site-packages/airflow/example_dags/example_trigger_target_dag.py
[2025-03-19T18:23:05.853+0000] {logging_mixin.py:190} INFO - [2025-03-19T18:23:05.853+0000] {dag.py:3239} INFO - Sync 1 DAGs
[2025-03-19T18:23:05.869+0000] {logging_mixin.py:190} INFO - [2025-03-19T18:23:05.869+0000] {dag.py:4180} INFO - Setting next_dagrun for example_trigger_target_dag to None, run_after=None
[2025-03-19T18:23:05.893+0000] {processor.py:208} INFO - Processing /home/amdari/apex-env/venv/lib/python3.11/site-packages/airflow/example_dags/example_trigger_target_dag.py took 0.153 seconds
[2025-03-19T18:23:36.687+0000] {processor.py:186} INFO - Started process (PID=43490) to work on /home/amdari/apex-env/venv/lib/python3.11/site-packages/airflow/example_dags/example_trigger_target_dag.py
[2025-03-19T18:23:36.688+0000] {processor.py:914} INFO - Processing file /home/amdari/apex-env/venv/lib/python3.11/site-packages/airflow/example_dags/example_trigger_target_dag.py for tasks to queue
[2025-03-19T18:23:36.692+0000] {logging_mixin.py:190} INFO - [2025-03-19T18:23:36.691+0000] {dagbag.py:588} INFO - Filling up the DagBag from /home/amdari/apex-env/venv/lib/python3.11/site-packages/airflow/example_dags/example_trigger_target_dag.py
[2025-03-19T18:23:36.701+0000] {processor.py:925} INFO - DAG(s) 'example_trigger_target_dag' retrieved from /home/amdari/apex-env/venv/lib/python3.11/site-packages/airflow/example_dags/example_trigger_target_dag.py
[2025-03-19T18:23:36.736+0000] {logging_mixin.py:190} INFO - [2025-03-19T18:23:36.736+0000] {dag.py:3239} INFO - Sync 1 DAGs
[2025-03-19T18:23:36.754+0000] {logging_mixin.py:190} INFO - [2025-03-19T18:23:36.754+0000] {dag.py:4180} INFO - Setting next_dagrun for example_trigger_target_dag to None, run_after=None
[2025-03-19T18:23:36.775+0000] {processor.py:208} INFO - Processing /home/amdari/apex-env/venv/lib/python3.11/site-packages/airflow/example_dags/example_trigger_target_dag.py took 0.096 seconds
[2025-03-19T18:24:08.306+0000] {processor.py:186} INFO - Started process (PID=43841) to work on /home/amdari/apex-env/venv/lib/python3.11/site-packages/airflow/example_dags/example_trigger_target_dag.py
[2025-03-19T18:24:08.308+0000] {processor.py:914} INFO - Processing file /home/amdari/apex-env/venv/lib/python3.11/site-packages/airflow/example_dags/example_trigger_target_dag.py for tasks to queue
[2025-03-19T18:24:08.311+0000] {logging_mixin.py:190} INFO - [2025-03-19T18:24:08.311+0000] {dagbag.py:588} INFO - Filling up the DagBag from /home/amdari/apex-env/venv/lib/python3.11/site-packages/airflow/example_dags/example_trigger_target_dag.py
[2025-03-19T18:24:08.321+0000] {processor.py:925} INFO - DAG(s) 'example_trigger_target_dag' retrieved from /home/amdari/apex-env/venv/lib/python3.11/site-packages/airflow/example_dags/example_trigger_target_dag.py
[2025-03-19T18:24:08.356+0000] {logging_mixin.py:190} INFO - [2025-03-19T18:24:08.356+0000] {dag.py:3239} INFO - Sync 1 DAGs
[2025-03-19T18:24:08.614+0000] {logging_mixin.py:190} INFO - [2025-03-19T18:24:08.614+0000] {dag.py:4180} INFO - Setting next_dagrun for example_trigger_target_dag to None, run_after=None
[2025-03-19T18:24:08.633+0000] {processor.py:208} INFO - Processing /home/amdari/apex-env/venv/lib/python3.11/site-packages/airflow/example_dags/example_trigger_target_dag.py took 0.336 seconds
[2025-03-19T18:24:39.107+0000] {processor.py:186} INFO - Started process (PID=44192) to work on /home/amdari/apex-env/venv/lib/python3.11/site-packages/airflow/example_dags/example_trigger_target_dag.py
[2025-03-19T18:24:39.108+0000] {processor.py:914} INFO - Processing file /home/amdari/apex-env/venv/lib/python3.11/site-packages/airflow/example_dags/example_trigger_target_dag.py for tasks to queue
[2025-03-19T18:24:39.111+0000] {logging_mixin.py:190} INFO - [2025-03-19T18:24:39.111+0000] {dagbag.py:588} INFO - Filling up the DagBag from /home/amdari/apex-env/venv/lib/python3.11/site-packages/airflow/example_dags/example_trigger_target_dag.py
[2025-03-19T18:24:39.121+0000] {processor.py:925} INFO - DAG(s) 'example_trigger_target_dag' retrieved from /home/amdari/apex-env/venv/lib/python3.11/site-packages/airflow/example_dags/example_trigger_target_dag.py
[2025-03-19T18:24:39.156+0000] {logging_mixin.py:190} INFO - [2025-03-19T18:24:39.156+0000] {dag.py:3239} INFO - Sync 1 DAGs
[2025-03-19T18:24:39.422+0000] {logging_mixin.py:190} INFO - [2025-03-19T18:24:39.422+0000] {dag.py:4180} INFO - Setting next_dagrun for example_trigger_target_dag to None, run_after=None
[2025-03-19T18:24:39.442+0000] {processor.py:208} INFO - Processing /home/amdari/apex-env/venv/lib/python3.11/site-packages/airflow/example_dags/example_trigger_target_dag.py took 0.344 seconds
[2025-03-19T18:25:10.142+0000] {processor.py:186} INFO - Started process (PID=44667) to work on /home/amdari/apex-env/venv/lib/python3.11/site-packages/airflow/example_dags/example_trigger_target_dag.py
[2025-03-19T18:25:10.144+0000] {processor.py:914} INFO - Processing file /home/amdari/apex-env/venv/lib/python3.11/site-packages/airflow/example_dags/example_trigger_target_dag.py for tasks to queue
[2025-03-19T18:25:10.147+0000] {logging_mixin.py:190} INFO - [2025-03-19T18:25:10.147+0000] {dagbag.py:588} INFO - Filling up the DagBag from /home/amdari/apex-env/venv/lib/python3.11/site-packages/airflow/example_dags/example_trigger_target_dag.py
[2025-03-19T18:25:10.157+0000] {processor.py:925} INFO - DAG(s) 'example_trigger_target_dag' retrieved from /home/amdari/apex-env/venv/lib/python3.11/site-packages/airflow/example_dags/example_trigger_target_dag.py
[2025-03-19T18:25:10.194+0000] {logging_mixin.py:190} INFO - [2025-03-19T18:25:10.193+0000] {dag.py:3239} INFO - Sync 1 DAGs
[2025-03-19T18:25:10.459+0000] {logging_mixin.py:190} INFO - [2025-03-19T18:25:10.458+0000] {dag.py:4180} INFO - Setting next_dagrun for example_trigger_target_dag to None, run_after=None
[2025-03-19T18:25:10.480+0000] {processor.py:208} INFO - Processing /home/amdari/apex-env/venv/lib/python3.11/site-packages/airflow/example_dags/example_trigger_target_dag.py took 0.347 seconds
