[2025-03-19T18:23:06.484+0000] {processor.py:186} INFO - Started process (PID=43079) to work on /home/amdari/apex-env/venv/lib/python3.11/site-packages/airflow/example_dags/example_workday_timetable.py
[2025-03-19T18:23:06.485+0000] {processor.py:914} INFO - Processing file /home/amdari/apex-env/venv/lib/python3.11/site-packages/airflow/example_dags/example_workday_timetable.py for tasks to queue
[2025-03-19T18:23:06.489+0000] {logging_mixin.py:190} INFO - [2025-03-19T18:23:06.489+0000] {dagbag.py:588} INFO - Filling up the DagBag from /home/amdari/apex-env/venv/lib/python3.11/site-packages/airflow/example_dags/example_workday_timetable.py
[2025-03-19T18:23:06.495+0000] {processor.py:925} INFO - DAG(s) 'example_workday_timetable' retrieved from /home/amdari/apex-env/venv/lib/python3.11/site-packages/airflow/example_dags/example_workday_timetable.py
[2025-03-19T18:23:06.579+0000] {logging_mixin.py:190} INFO - [2025-03-19T18:23:06.578+0000] {dag.py:3239} INFO - Sync 1 DAGs
[2025-03-19T18:23:06.646+0000] {logging_mixin.py:190} INFO - [2025-03-19T18:23:06.645+0000] {dag.py:4180} INFO - Setting next_dagrun for example_workday_timetable to 2021-01-04 00:00:00+00:00, run_after=2021-01-05 00:00:00+00:00
[2025-03-19T18:23:06.666+0000] {processor.py:208} INFO - Processing /home/amdari/apex-env/venv/lib/python3.11/site-packages/airflow/example_dags/example_workday_timetable.py took 0.191 seconds
[2025-03-19T18:23:37.059+0000] {processor.py:186} INFO - Started process (PID=43520) to work on /home/amdari/apex-env/venv/lib/python3.11/site-packages/airflow/example_dags/example_workday_timetable.py
[2025-03-19T18:23:37.060+0000] {processor.py:914} INFO - Processing file /home/amdari/apex-env/venv/lib/python3.11/site-packages/airflow/example_dags/example_workday_timetable.py for tasks to queue
[2025-03-19T18:23:37.063+0000] {logging_mixin.py:190} INFO - [2025-03-19T18:23:37.063+0000] {dagbag.py:588} INFO - Filling up the DagBag from /home/amdari/apex-env/venv/lib/python3.11/site-packages/airflow/example_dags/example_workday_timetable.py
[2025-03-19T18:23:37.069+0000] {processor.py:925} INFO - DAG(s) 'example_workday_timetable' retrieved from /home/amdari/apex-env/venv/lib/python3.11/site-packages/airflow/example_dags/example_workday_timetable.py
[2025-03-19T18:23:37.105+0000] {logging_mixin.py:190} INFO - [2025-03-19T18:23:37.105+0000] {dag.py:3239} INFO - Sync 1 DAGs
[2025-03-19T18:23:37.178+0000] {logging_mixin.py:190} INFO - [2025-03-19T18:23:37.177+0000] {dag.py:4180} INFO - Setting next_dagrun for example_workday_timetable to 2021-01-04 00:00:00+00:00, run_after=2021-01-05 00:00:00+00:00
[2025-03-19T18:23:37.198+0000] {processor.py:208} INFO - Processing /home/amdari/apex-env/venv/lib/python3.11/site-packages/airflow/example_dags/example_workday_timetable.py took 0.148 seconds
[2025-03-19T18:24:08.990+0000] {processor.py:186} INFO - Started process (PID=43870) to work on /home/amdari/apex-env/venv/lib/python3.11/site-packages/airflow/example_dags/example_workday_timetable.py
[2025-03-19T18:24:08.992+0000] {processor.py:914} INFO - Processing file /home/amdari/apex-env/venv/lib/python3.11/site-packages/airflow/example_dags/example_workday_timetable.py for tasks to queue
[2025-03-19T18:24:08.995+0000] {logging_mixin.py:190} INFO - [2025-03-19T18:24:08.995+0000] {dagbag.py:588} INFO - Filling up the DagBag from /home/amdari/apex-env/venv/lib/python3.11/site-packages/airflow/example_dags/example_workday_timetable.py
[2025-03-19T18:24:09.001+0000] {processor.py:925} INFO - DAG(s) 'example_workday_timetable' retrieved from /home/amdari/apex-env/venv/lib/python3.11/site-packages/airflow/example_dags/example_workday_timetable.py
[2025-03-19T18:24:09.037+0000] {logging_mixin.py:190} INFO - [2025-03-19T18:24:09.036+0000] {dag.py:3239} INFO - Sync 1 DAGs
[2025-03-19T18:24:09.112+0000] {logging_mixin.py:190} INFO - [2025-03-19T18:24:09.112+0000] {dag.py:4180} INFO - Setting next_dagrun for example_workday_timetable to 2021-01-04 00:00:00+00:00, run_after=2021-01-05 00:00:00+00:00
[2025-03-19T18:24:09.135+0000] {processor.py:208} INFO - Processing /home/amdari/apex-env/venv/lib/python3.11/site-packages/airflow/example_dags/example_workday_timetable.py took 0.153 seconds
[2025-03-19T18:24:40.227+0000] {processor.py:186} INFO - Started process (PID=44237) to work on /home/amdari/apex-env/venv/lib/python3.11/site-packages/airflow/example_dags/example_workday_timetable.py
[2025-03-19T18:24:40.231+0000] {processor.py:914} INFO - Processing file /home/amdari/apex-env/venv/lib/python3.11/site-packages/airflow/example_dags/example_workday_timetable.py for tasks to queue
[2025-03-19T18:24:40.234+0000] {logging_mixin.py:190} INFO - [2025-03-19T18:24:40.233+0000] {dagbag.py:588} INFO - Filling up the DagBag from /home/amdari/apex-env/venv/lib/python3.11/site-packages/airflow/example_dags/example_workday_timetable.py
[2025-03-19T18:24:40.240+0000] {processor.py:925} INFO - DAG(s) 'example_workday_timetable' retrieved from /home/amdari/apex-env/venv/lib/python3.11/site-packages/airflow/example_dags/example_workday_timetable.py
[2025-03-19T18:24:40.277+0000] {logging_mixin.py:190} INFO - [2025-03-19T18:24:40.276+0000] {dag.py:3239} INFO - Sync 1 DAGs
[2025-03-19T18:24:40.586+0000] {logging_mixin.py:190} INFO - [2025-03-19T18:24:40.586+0000] {dag.py:4180} INFO - Setting next_dagrun for example_workday_timetable to 2021-01-04 00:00:00+00:00, run_after=2021-01-05 00:00:00+00:00
[2025-03-19T18:24:40.606+0000] {processor.py:208} INFO - Processing /home/amdari/apex-env/venv/lib/python3.11/site-packages/airflow/example_dags/example_workday_timetable.py took 0.389 seconds
[2025-03-19T18:25:11.186+0000] {processor.py:186} INFO - Started process (PID=44698) to work on /home/amdari/apex-env/venv/lib/python3.11/site-packages/airflow/example_dags/example_workday_timetable.py
[2025-03-19T18:25:11.188+0000] {processor.py:914} INFO - Processing file /home/amdari/apex-env/venv/lib/python3.11/site-packages/airflow/example_dags/example_workday_timetable.py for tasks to queue
[2025-03-19T18:25:11.191+0000] {logging_mixin.py:190} INFO - [2025-03-19T18:25:11.190+0000] {dagbag.py:588} INFO - Filling up the DagBag from /home/amdari/apex-env/venv/lib/python3.11/site-packages/airflow/example_dags/example_workday_timetable.py
[2025-03-19T18:25:11.197+0000] {processor.py:925} INFO - DAG(s) 'example_workday_timetable' retrieved from /home/amdari/apex-env/venv/lib/python3.11/site-packages/airflow/example_dags/example_workday_timetable.py
[2025-03-19T18:25:11.233+0000] {logging_mixin.py:190} INFO - [2025-03-19T18:25:11.232+0000] {dag.py:3239} INFO - Sync 1 DAGs
[2025-03-19T18:25:11.546+0000] {logging_mixin.py:190} INFO - [2025-03-19T18:25:11.545+0000] {dag.py:4180} INFO - Setting next_dagrun for example_workday_timetable to 2021-01-04 00:00:00+00:00, run_after=2021-01-05 00:00:00+00:00
[2025-03-19T18:25:11.565+0000] {processor.py:208} INFO - Processing /home/amdari/apex-env/venv/lib/python3.11/site-packages/airflow/example_dags/example_workday_timetable.py took 0.387 seconds
