[2025-03-19T18:23:06.122+0000] {processor.py:186} INFO - Started process (PID=43017) to work on /home/amdari/apex-env/venv/lib/python3.11/site-packages/airflow/example_dags/example_outlet_event_extra.py
[2025-03-19T18:23:06.123+0000] {processor.py:914} INFO - Processing file /home/amdari/apex-env/venv/lib/python3.11/site-packages/airflow/example_dags/example_outlet_event_extra.py for tasks to queue
[2025-03-19T18:23:06.127+0000] {logging_mixin.py:190} INFO - [2025-03-19T18:23:06.127+0000] {dagbag.py:588} INFO - Filling up the DagBag from /home/amdari/apex-env/venv/lib/python3.11/site-packages/airflow/example_dags/example_outlet_event_extra.py
[2025-03-19T18:23:06.147+0000] {processor.py:925} INFO - DAG(s) 'dataset_with_extra_by_yield', 'dataset_with_extra_by_context', 'dataset_with_extra_from_classic_operator' retrieved from /home/amdari/apex-env/venv/lib/python3.11/site-packages/airflow/example_dags/example_outlet_event_extra.py
[2025-03-19T18:23:06.283+0000] {logging_mixin.py:190} INFO - [2025-03-19T18:23:06.282+0000] {dag.py:3239} INFO - Sync 3 DAGs
[2025-03-19T18:23:06.309+0000] {logging_mixin.py:190} INFO - [2025-03-19T18:23:06.309+0000] {dag.py:4180} INFO - Setting next_dagrun for dataset_with_extra_by_context to 2025-03-18 00:00:00+00:00, run_after=2025-03-19 00:00:00+00:00
[2025-03-19T18:23:06.314+0000] {logging_mixin.py:190} INFO - [2025-03-19T18:23:06.314+0000] {dag.py:4180} INFO - Setting next_dagrun for dataset_with_extra_by_yield to 2025-03-18 00:00:00+00:00, run_after=2025-03-19 00:00:00+00:00
[2025-03-19T18:23:06.317+0000] {logging_mixin.py:190} INFO - [2025-03-19T18:23:06.316+0000] {dag.py:4180} INFO - Setting next_dagrun for dataset_with_extra_from_classic_operator to 2025-03-18 00:00:00+00:00, run_after=2025-03-19 00:00:00+00:00
[2025-03-19T18:23:06.581+0000] {processor.py:208} INFO - Processing /home/amdari/apex-env/venv/lib/python3.11/site-packages/airflow/example_dags/example_outlet_event_extra.py took 0.467 seconds
[2025-03-19T18:23:36.970+0000] {processor.py:186} INFO - Started process (PID=43514) to work on /home/amdari/apex-env/venv/lib/python3.11/site-packages/airflow/example_dags/example_outlet_event_extra.py
[2025-03-19T18:23:36.971+0000] {processor.py:914} INFO - Processing file /home/amdari/apex-env/venv/lib/python3.11/site-packages/airflow/example_dags/example_outlet_event_extra.py for tasks to queue
[2025-03-19T18:23:36.974+0000] {logging_mixin.py:190} INFO - [2025-03-19T18:23:36.974+0000] {dagbag.py:588} INFO - Filling up the DagBag from /home/amdari/apex-env/venv/lib/python3.11/site-packages/airflow/example_dags/example_outlet_event_extra.py
[2025-03-19T18:23:36.993+0000] {processor.py:925} INFO - DAG(s) 'dataset_with_extra_by_context', 'dataset_with_extra_by_yield', 'dataset_with_extra_from_classic_operator' retrieved from /home/amdari/apex-env/venv/lib/python3.11/site-packages/airflow/example_dags/example_outlet_event_extra.py
[2025-03-19T18:23:37.037+0000] {logging_mixin.py:190} INFO - [2025-03-19T18:23:37.037+0000] {dag.py:3239} INFO - Sync 3 DAGs
[2025-03-19T18:23:37.066+0000] {logging_mixin.py:190} INFO - [2025-03-19T18:23:37.066+0000] {dag.py:4180} INFO - Setting next_dagrun for dataset_with_extra_by_context to 2025-03-18 00:00:00+00:00, run_after=2025-03-19 00:00:00+00:00
[2025-03-19T18:23:37.072+0000] {logging_mixin.py:190} INFO - [2025-03-19T18:23:37.071+0000] {dag.py:4180} INFO - Setting next_dagrun for dataset_with_extra_by_yield to 2025-03-18 00:00:00+00:00, run_after=2025-03-19 00:00:00+00:00
[2025-03-19T18:23:37.075+0000] {logging_mixin.py:190} INFO - [2025-03-19T18:23:37.074+0000] {dag.py:4180} INFO - Setting next_dagrun for dataset_with_extra_from_classic_operator to 2025-03-18 00:00:00+00:00, run_after=2025-03-19 00:00:00+00:00
[2025-03-19T18:23:37.096+0000] {processor.py:208} INFO - Processing /home/amdari/apex-env/venv/lib/python3.11/site-packages/airflow/example_dags/example_outlet_event_extra.py took 0.135 seconds
[2025-03-19T18:24:08.817+0000] {processor.py:186} INFO - Started process (PID=43859) to work on /home/amdari/apex-env/venv/lib/python3.11/site-packages/airflow/example_dags/example_outlet_event_extra.py
[2025-03-19T18:24:08.819+0000] {processor.py:914} INFO - Processing file /home/amdari/apex-env/venv/lib/python3.11/site-packages/airflow/example_dags/example_outlet_event_extra.py for tasks to queue
[2025-03-19T18:24:08.822+0000] {logging_mixin.py:190} INFO - [2025-03-19T18:24:08.822+0000] {dagbag.py:588} INFO - Filling up the DagBag from /home/amdari/apex-env/venv/lib/python3.11/site-packages/airflow/example_dags/example_outlet_event_extra.py
[2025-03-19T18:24:08.842+0000] {processor.py:925} INFO - DAG(s) 'dataset_with_extra_by_context', 'dataset_with_extra_by_yield', 'dataset_with_extra_from_classic_operator' retrieved from /home/amdari/apex-env/venv/lib/python3.11/site-packages/airflow/example_dags/example_outlet_event_extra.py
[2025-03-19T18:24:08.885+0000] {logging_mixin.py:190} INFO - [2025-03-19T18:24:08.884+0000] {dag.py:3239} INFO - Sync 3 DAGs
[2025-03-19T18:24:08.915+0000] {logging_mixin.py:190} INFO - [2025-03-19T18:24:08.915+0000] {dag.py:4180} INFO - Setting next_dagrun for dataset_with_extra_by_context to 2025-03-18 00:00:00+00:00, run_after=2025-03-19 00:00:00+00:00
[2025-03-19T18:24:08.920+0000] {logging_mixin.py:190} INFO - [2025-03-19T18:24:08.920+0000] {dag.py:4180} INFO - Setting next_dagrun for dataset_with_extra_by_yield to 2025-03-18 00:00:00+00:00, run_after=2025-03-19 00:00:00+00:00
[2025-03-19T18:24:08.924+0000] {logging_mixin.py:190} INFO - [2025-03-19T18:24:08.923+0000] {dag.py:4180} INFO - Setting next_dagrun for dataset_with_extra_from_classic_operator to 2025-03-18 00:00:00+00:00, run_after=2025-03-19 00:00:00+00:00
[2025-03-19T18:24:08.949+0000] {processor.py:208} INFO - Processing /home/amdari/apex-env/venv/lib/python3.11/site-packages/airflow/example_dags/example_outlet_event_extra.py took 0.141 seconds
[2025-03-19T18:24:39.807+0000] {processor.py:186} INFO - Started process (PID=44225) to work on /home/amdari/apex-env/venv/lib/python3.11/site-packages/airflow/example_dags/example_outlet_event_extra.py
[2025-03-19T18:24:39.809+0000] {processor.py:914} INFO - Processing file /home/amdari/apex-env/venv/lib/python3.11/site-packages/airflow/example_dags/example_outlet_event_extra.py for tasks to queue
[2025-03-19T18:24:39.812+0000] {logging_mixin.py:190} INFO - [2025-03-19T18:24:39.812+0000] {dagbag.py:588} INFO - Filling up the DagBag from /home/amdari/apex-env/venv/lib/python3.11/site-packages/airflow/example_dags/example_outlet_event_extra.py
[2025-03-19T18:24:39.832+0000] {processor.py:925} INFO - DAG(s) 'dataset_with_extra_from_classic_operator', 'dataset_with_extra_by_yield', 'dataset_with_extra_by_context' retrieved from /home/amdari/apex-env/venv/lib/python3.11/site-packages/airflow/example_dags/example_outlet_event_extra.py
[2025-03-19T18:24:40.122+0000] {logging_mixin.py:190} INFO - [2025-03-19T18:24:40.122+0000] {dag.py:3239} INFO - Sync 3 DAGs
[2025-03-19T18:24:40.148+0000] {logging_mixin.py:190} INFO - [2025-03-19T18:24:40.148+0000] {dag.py:4180} INFO - Setting next_dagrun for dataset_with_extra_by_context to 2025-03-18 00:00:00+00:00, run_after=2025-03-19 00:00:00+00:00
[2025-03-19T18:24:40.154+0000] {logging_mixin.py:190} INFO - [2025-03-19T18:24:40.153+0000] {dag.py:4180} INFO - Setting next_dagrun for dataset_with_extra_by_yield to 2025-03-18 00:00:00+00:00, run_after=2025-03-19 00:00:00+00:00
[2025-03-19T18:24:40.157+0000] {logging_mixin.py:190} INFO - [2025-03-19T18:24:40.156+0000] {dag.py:4180} INFO - Setting next_dagrun for dataset_with_extra_from_classic_operator to 2025-03-18 00:00:00+00:00, run_after=2025-03-19 00:00:00+00:00
[2025-03-19T18:24:40.179+0000] {processor.py:208} INFO - Processing /home/amdari/apex-env/venv/lib/python3.11/site-packages/airflow/example_dags/example_outlet_event_extra.py took 0.381 seconds
[2025-03-19T18:25:10.766+0000] {processor.py:186} INFO - Started process (PID=44686) to work on /home/amdari/apex-env/venv/lib/python3.11/site-packages/airflow/example_dags/example_outlet_event_extra.py
[2025-03-19T18:25:10.768+0000] {processor.py:914} INFO - Processing file /home/amdari/apex-env/venv/lib/python3.11/site-packages/airflow/example_dags/example_outlet_event_extra.py for tasks to queue
[2025-03-19T18:25:10.772+0000] {logging_mixin.py:190} INFO - [2025-03-19T18:25:10.771+0000] {dagbag.py:588} INFO - Filling up the DagBag from /home/amdari/apex-env/venv/lib/python3.11/site-packages/airflow/example_dags/example_outlet_event_extra.py
[2025-03-19T18:25:10.791+0000] {processor.py:925} INFO - DAG(s) 'dataset_with_extra_by_yield', 'dataset_with_extra_from_classic_operator', 'dataset_with_extra_by_context' retrieved from /home/amdari/apex-env/venv/lib/python3.11/site-packages/airflow/example_dags/example_outlet_event_extra.py
[2025-03-19T18:25:11.086+0000] {logging_mixin.py:190} INFO - [2025-03-19T18:25:11.086+0000] {dag.py:3239} INFO - Sync 3 DAGs
[2025-03-19T18:25:11.111+0000] {logging_mixin.py:190} INFO - [2025-03-19T18:25:11.111+0000] {dag.py:4180} INFO - Setting next_dagrun for dataset_with_extra_by_context to 2025-03-18 00:00:00+00:00, run_after=2025-03-19 00:00:00+00:00
[2025-03-19T18:25:11.116+0000] {logging_mixin.py:190} INFO - [2025-03-19T18:25:11.116+0000] {dag.py:4180} INFO - Setting next_dagrun for dataset_with_extra_by_yield to 2025-03-18 00:00:00+00:00, run_after=2025-03-19 00:00:00+00:00
[2025-03-19T18:25:11.119+0000] {logging_mixin.py:190} INFO - [2025-03-19T18:25:11.119+0000] {dag.py:4180} INFO - Setting next_dagrun for dataset_with_extra_from_classic_operator to 2025-03-18 00:00:00+00:00, run_after=2025-03-19 00:00:00+00:00
[2025-03-19T18:25:11.141+0000] {processor.py:208} INFO - Processing /home/amdari/apex-env/venv/lib/python3.11/site-packages/airflow/example_dags/example_outlet_event_extra.py took 0.384 seconds
