[2025-03-19T18:23:07.681+0000] {processor.py:186} INFO - Started process (PID=43232) to work on /home/amdari/apex-env/venv/lib/python3.11/site-packages/airflow/example_dags/example_dataset_alias.py
[2025-03-19T18:23:07.683+0000] {processor.py:914} INFO - Processing file /home/amdari/apex-env/venv/lib/python3.11/site-packages/airflow/example_dags/example_dataset_alias.py for tasks to queue
[2025-03-19T18:23:07.686+0000] {logging_mixin.py:190} INFO - [2025-03-19T18:23:07.685+0000] {dagbag.py:588} INFO - Filling up the DagBag from /home/amdari/apex-env/venv/lib/python3.11/site-packages/airflow/example_dags/example_dataset_alias.py
[2025-03-19T18:23:07.731+0000] {processor.py:925} INFO - DAG(s) 'dataset_s3_bucket_consumer', 'dataset_alias_example_alias_consumer', 'dataset_s3_bucket_producer', 'dataset_alias_example_alias_producer' retrieved from /home/amdari/apex-env/venv/lib/python3.11/site-packages/airflow/example_dags/example_dataset_alias.py
[2025-03-19T18:23:07.864+0000] {logging_mixin.py:190} INFO - [2025-03-19T18:23:07.864+0000] {dag.py:3239} INFO - Sync 4 DAGs
[2025-03-19T18:23:08.128+0000] {logging_mixin.py:190} INFO - [2025-03-19T18:23:08.127+0000] {dag.py:4180} INFO - Setting next_dagrun for dataset_alias_example_alias_consumer to None, run_after=None
[2025-03-19T18:23:08.131+0000] {logging_mixin.py:190} INFO - [2025-03-19T18:23:08.131+0000] {dag.py:4180} INFO - Setting next_dagrun for dataset_alias_example_alias_producer to None, run_after=None
[2025-03-19T18:23:08.132+0000] {logging_mixin.py:190} INFO - [2025-03-19T18:23:08.132+0000] {dag.py:4180} INFO - Setting next_dagrun for dataset_s3_bucket_consumer to None, run_after=None
[2025-03-19T18:23:08.134+0000] {logging_mixin.py:190} INFO - [2025-03-19T18:23:08.134+0000] {dag.py:4180} INFO - Setting next_dagrun for dataset_s3_bucket_producer to None, run_after=None
[2025-03-19T18:23:08.155+0000] {processor.py:208} INFO - Processing /home/amdari/apex-env/venv/lib/python3.11/site-packages/airflow/example_dags/example_dataset_alias.py took 0.482 seconds
[2025-03-19T18:23:39.110+0000] {processor.py:186} INFO - Started process (PID=43594) to work on /home/amdari/apex-env/venv/lib/python3.11/site-packages/airflow/example_dags/example_dataset_alias.py
[2025-03-19T18:23:39.111+0000] {processor.py:914} INFO - Processing file /home/amdari/apex-env/venv/lib/python3.11/site-packages/airflow/example_dags/example_dataset_alias.py for tasks to queue
[2025-03-19T18:23:39.115+0000] {logging_mixin.py:190} INFO - [2025-03-19T18:23:39.115+0000] {dagbag.py:588} INFO - Filling up the DagBag from /home/amdari/apex-env/venv/lib/python3.11/site-packages/airflow/example_dags/example_dataset_alias.py
[2025-03-19T18:23:39.162+0000] {processor.py:925} INFO - DAG(s) 'dataset_s3_bucket_consumer', 'dataset_alias_example_alias_producer', 'dataset_s3_bucket_producer', 'dataset_alias_example_alias_consumer' retrieved from /home/amdari/apex-env/venv/lib/python3.11/site-packages/airflow/example_dags/example_dataset_alias.py
[2025-03-19T18:23:39.190+0000] {logging_mixin.py:190} INFO - [2025-03-19T18:23:39.189+0000] {dag.py:3239} INFO - Sync 4 DAGs
[2025-03-19T18:23:39.217+0000] {logging_mixin.py:190} INFO - [2025-03-19T18:23:39.217+0000] {dag.py:4180} INFO - Setting next_dagrun for dataset_alias_example_alias_consumer to None, run_after=None
[2025-03-19T18:23:39.220+0000] {logging_mixin.py:190} INFO - [2025-03-19T18:23:39.220+0000] {dag.py:4180} INFO - Setting next_dagrun for dataset_alias_example_alias_producer to None, run_after=None
[2025-03-19T18:23:39.222+0000] {logging_mixin.py:190} INFO - [2025-03-19T18:23:39.222+0000] {dag.py:4180} INFO - Setting next_dagrun for dataset_s3_bucket_consumer to None, run_after=None
[2025-03-19T18:23:39.223+0000] {logging_mixin.py:190} INFO - [2025-03-19T18:23:39.223+0000] {dag.py:4180} INFO - Setting next_dagrun for dataset_s3_bucket_producer to None, run_after=None
[2025-03-19T18:23:39.247+0000] {processor.py:208} INFO - Processing /home/amdari/apex-env/venv/lib/python3.11/site-packages/airflow/example_dags/example_dataset_alias.py took 0.146 seconds
[2025-03-19T18:24:10.054+0000] {processor.py:186} INFO - Started process (PID=43945) to work on /home/amdari/apex-env/venv/lib/python3.11/site-packages/airflow/example_dags/example_dataset_alias.py
[2025-03-19T18:24:10.055+0000] {processor.py:914} INFO - Processing file /home/amdari/apex-env/venv/lib/python3.11/site-packages/airflow/example_dags/example_dataset_alias.py for tasks to queue
[2025-03-19T18:24:10.058+0000] {logging_mixin.py:190} INFO - [2025-03-19T18:24:10.058+0000] {dagbag.py:588} INFO - Filling up the DagBag from /home/amdari/apex-env/venv/lib/python3.11/site-packages/airflow/example_dags/example_dataset_alias.py
[2025-03-19T18:24:10.104+0000] {processor.py:925} INFO - DAG(s) 'dataset_alias_example_alias_producer', 'dataset_s3_bucket_producer', 'dataset_s3_bucket_consumer', 'dataset_alias_example_alias_consumer' retrieved from /home/amdari/apex-env/venv/lib/python3.11/site-packages/airflow/example_dags/example_dataset_alias.py
[2025-03-19T18:24:10.131+0000] {logging_mixin.py:190} INFO - [2025-03-19T18:24:10.130+0000] {dag.py:3239} INFO - Sync 4 DAGs
[2025-03-19T18:24:10.158+0000] {logging_mixin.py:190} INFO - [2025-03-19T18:24:10.158+0000] {dag.py:4180} INFO - Setting next_dagrun for dataset_alias_example_alias_consumer to None, run_after=None
[2025-03-19T18:24:10.161+0000] {logging_mixin.py:190} INFO - [2025-03-19T18:24:10.161+0000] {dag.py:4180} INFO - Setting next_dagrun for dataset_alias_example_alias_producer to None, run_after=None
[2025-03-19T18:24:10.163+0000] {logging_mixin.py:190} INFO - [2025-03-19T18:24:10.163+0000] {dag.py:4180} INFO - Setting next_dagrun for dataset_s3_bucket_consumer to None, run_after=None
[2025-03-19T18:24:10.164+0000] {logging_mixin.py:190} INFO - [2025-03-19T18:24:10.164+0000] {dag.py:4180} INFO - Setting next_dagrun for dataset_s3_bucket_producer to None, run_after=None
[2025-03-19T18:24:10.190+0000] {processor.py:208} INFO - Processing /home/amdari/apex-env/venv/lib/python3.11/site-packages/airflow/example_dags/example_dataset_alias.py took 0.145 seconds
[2025-03-19T18:24:42.734+0000] {processor.py:186} INFO - Started process (PID=44325) to work on /home/amdari/apex-env/venv/lib/python3.11/site-packages/airflow/example_dags/example_dataset_alias.py
[2025-03-19T18:24:42.736+0000] {processor.py:914} INFO - Processing file /home/amdari/apex-env/venv/lib/python3.11/site-packages/airflow/example_dags/example_dataset_alias.py for tasks to queue
[2025-03-19T18:24:42.740+0000] {logging_mixin.py:190} INFO - [2025-03-19T18:24:42.740+0000] {dagbag.py:588} INFO - Filling up the DagBag from /home/amdari/apex-env/venv/lib/python3.11/site-packages/airflow/example_dags/example_dataset_alias.py
[2025-03-19T18:24:42.787+0000] {processor.py:925} INFO - DAG(s) 'dataset_alias_example_alias_producer', 'dataset_s3_bucket_producer', 'dataset_s3_bucket_consumer', 'dataset_alias_example_alias_consumer' retrieved from /home/amdari/apex-env/venv/lib/python3.11/site-packages/airflow/example_dags/example_dataset_alias.py
[2025-03-19T18:24:43.059+0000] {logging_mixin.py:190} INFO - [2025-03-19T18:24:43.059+0000] {dag.py:3239} INFO - Sync 4 DAGs
[2025-03-19T18:24:43.084+0000] {logging_mixin.py:190} INFO - [2025-03-19T18:24:43.084+0000] {dag.py:4180} INFO - Setting next_dagrun for dataset_alias_example_alias_consumer to None, run_after=None
[2025-03-19T18:24:43.087+0000] {logging_mixin.py:190} INFO - [2025-03-19T18:24:43.087+0000] {dag.py:4180} INFO - Setting next_dagrun for dataset_alias_example_alias_producer to None, run_after=None
[2025-03-19T18:24:43.088+0000] {logging_mixin.py:190} INFO - [2025-03-19T18:24:43.088+0000] {dag.py:4180} INFO - Setting next_dagrun for dataset_s3_bucket_consumer to None, run_after=None
[2025-03-19T18:24:43.089+0000] {logging_mixin.py:190} INFO - [2025-03-19T18:24:43.089+0000] {dag.py:4180} INFO - Setting next_dagrun for dataset_s3_bucket_producer to None, run_after=None
[2025-03-19T18:24:43.112+0000] {processor.py:208} INFO - Processing /home/amdari/apex-env/venv/lib/python3.11/site-packages/airflow/example_dags/example_dataset_alias.py took 0.387 seconds
[2025-03-19T18:25:13.706+0000] {processor.py:186} INFO - Started process (PID=44771) to work on /home/amdari/apex-env/venv/lib/python3.11/site-packages/airflow/example_dags/example_dataset_alias.py
[2025-03-19T18:25:13.708+0000] {processor.py:914} INFO - Processing file /home/amdari/apex-env/venv/lib/python3.11/site-packages/airflow/example_dags/example_dataset_alias.py for tasks to queue
[2025-03-19T18:25:13.712+0000] {logging_mixin.py:190} INFO - [2025-03-19T18:25:13.712+0000] {dagbag.py:588} INFO - Filling up the DagBag from /home/amdari/apex-env/venv/lib/python3.11/site-packages/airflow/example_dags/example_dataset_alias.py
[2025-03-19T18:25:13.764+0000] {processor.py:925} INFO - DAG(s) 'dataset_s3_bucket_consumer', 'dataset_alias_example_alias_producer', 'dataset_s3_bucket_producer', 'dataset_alias_example_alias_consumer' retrieved from /home/amdari/apex-env/venv/lib/python3.11/site-packages/airflow/example_dags/example_dataset_alias.py
[2025-03-19T18:25:14.031+0000] {logging_mixin.py:190} INFO - [2025-03-19T18:25:14.031+0000] {dag.py:3239} INFO - Sync 4 DAGs
[2025-03-19T18:25:14.054+0000] {logging_mixin.py:190} INFO - [2025-03-19T18:25:14.054+0000] {dag.py:4180} INFO - Setting next_dagrun for dataset_alias_example_alias_consumer to None, run_after=None
[2025-03-19T18:25:14.057+0000] {logging_mixin.py:190} INFO - [2025-03-19T18:25:14.057+0000] {dag.py:4180} INFO - Setting next_dagrun for dataset_alias_example_alias_producer to None, run_after=None
[2025-03-19T18:25:14.058+0000] {logging_mixin.py:190} INFO - [2025-03-19T18:25:14.058+0000] {dag.py:4180} INFO - Setting next_dagrun for dataset_s3_bucket_consumer to None, run_after=None
[2025-03-19T18:25:14.059+0000] {logging_mixin.py:190} INFO - [2025-03-19T18:25:14.059+0000] {dag.py:4180} INFO - Setting next_dagrun for dataset_s3_bucket_producer to None, run_after=None
[2025-03-19T18:25:14.080+0000] {processor.py:208} INFO - Processing /home/amdari/apex-env/venv/lib/python3.11/site-packages/airflow/example_dags/example_dataset_alias.py took 0.383 seconds
