[2025-03-19T18:23:09.130+0000] {processor.py:186} INFO - Started process (PID=43280) to work on /home/amdari/apex-env/venv/lib/python3.11/site-packages/airflow/example_dags/example_datasets.py
[2025-03-19T18:23:09.131+0000] {processor.py:914} INFO - Processing file /home/amdari/apex-env/venv/lib/python3.11/site-packages/airflow/example_dags/example_datasets.py for tasks to queue
[2025-03-19T18:23:09.134+0000] {logging_mixin.py:190} INFO - [2025-03-19T18:23:09.134+0000] {dagbag.py:588} INFO - Filling up the DagBag from /home/amdari/apex-env/venv/lib/python3.11/site-packages/airflow/example_dags/example_datasets.py
[2025-03-19T18:23:09.156+0000] {processor.py:925} INFO - DAG(s) 'dataset_produces_1', 'consume_1_or_both_2_and_3_with_dataset_expressions', 'dataset_consumes_1', 'consume_1_or_2_with_dataset_expressions', 'dataset_consumes_1_and_2', 'conditional_dataset_and_time_based_timetable', 'dataset_consumes_unknown_never_scheduled', 'dataset_produces_2', 'dataset_consumes_1_never_scheduled', 'consume_1_and_2_with_dataset_expressions' retrieved from /home/amdari/apex-env/venv/lib/python3.11/site-packages/airflow/example_dags/example_datasets.py
[2025-03-19T18:23:09.676+0000] {logging_mixin.py:190} INFO - [2025-03-19T18:23:09.676+0000] {dag.py:3239} INFO - Sync 10 DAGs
[2025-03-19T18:23:09.702+0000] {logging_mixin.py:190} INFO - [2025-03-19T18:23:09.701+0000] {dag.py:4180} INFO - Setting next_dagrun for conditional_dataset_and_time_based_timetable to 2025-03-19 01:00:00+00:00, run_after=2025-03-19 01:00:00+00:00
[2025-03-19T18:23:09.705+0000] {logging_mixin.py:190} INFO - [2025-03-19T18:23:09.705+0000] {dag.py:4180} INFO - Setting next_dagrun for consume_1_and_2_with_dataset_expressions to None, run_after=None
[2025-03-19T18:23:09.706+0000] {logging_mixin.py:190} INFO - [2025-03-19T18:23:09.706+0000] {dag.py:4180} INFO - Setting next_dagrun for consume_1_or_2_with_dataset_expressions to None, run_after=None
[2025-03-19T18:23:09.708+0000] {logging_mixin.py:190} INFO - [2025-03-19T18:23:09.708+0000] {dag.py:4180} INFO - Setting next_dagrun for consume_1_or_both_2_and_3_with_dataset_expressions to None, run_after=None
[2025-03-19T18:23:09.709+0000] {logging_mixin.py:190} INFO - [2025-03-19T18:23:09.709+0000] {dag.py:4180} INFO - Setting next_dagrun for dataset_consumes_1 to None, run_after=None
[2025-03-19T18:23:09.710+0000] {logging_mixin.py:190} INFO - [2025-03-19T18:23:09.710+0000] {dag.py:4180} INFO - Setting next_dagrun for dataset_consumes_1_and_2 to None, run_after=None
[2025-03-19T18:23:09.712+0000] {logging_mixin.py:190} INFO - [2025-03-19T18:23:09.711+0000] {dag.py:4180} INFO - Setting next_dagrun for dataset_consumes_1_never_scheduled to None, run_after=None
[2025-03-19T18:23:09.713+0000] {logging_mixin.py:190} INFO - [2025-03-19T18:23:09.712+0000] {dag.py:4180} INFO - Setting next_dagrun for dataset_consumes_unknown_never_scheduled to None, run_after=None
[2025-03-19T18:23:09.715+0000] {logging_mixin.py:190} INFO - [2025-03-19T18:23:09.715+0000] {dag.py:4180} INFO - Setting next_dagrun for dataset_produces_1 to 2025-03-18 00:00:00+00:00, run_after=2025-03-19 00:00:00+00:00
[2025-03-19T18:23:09.716+0000] {logging_mixin.py:190} INFO - [2025-03-19T18:23:09.716+0000] {dag.py:4180} INFO - Setting next_dagrun for dataset_produces_2 to None, run_after=None
[2025-03-19T18:23:09.756+0000] {processor.py:208} INFO - Processing /home/amdari/apex-env/venv/lib/python3.11/site-packages/airflow/example_dags/example_datasets.py took 0.635 seconds
[2025-03-19T18:23:39.827+0000] {processor.py:186} INFO - Started process (PID=43648) to work on /home/amdari/apex-env/venv/lib/python3.11/site-packages/airflow/example_dags/example_datasets.py
[2025-03-19T18:23:39.828+0000] {processor.py:914} INFO - Processing file /home/amdari/apex-env/venv/lib/python3.11/site-packages/airflow/example_dags/example_datasets.py for tasks to queue
[2025-03-19T18:23:39.831+0000] {logging_mixin.py:190} INFO - [2025-03-19T18:23:39.831+0000] {dagbag.py:588} INFO - Filling up the DagBag from /home/amdari/apex-env/venv/lib/python3.11/site-packages/airflow/example_dags/example_datasets.py
[2025-03-19T18:23:39.852+0000] {processor.py:925} INFO - DAG(s) 'consume_1_or_2_with_dataset_expressions', 'dataset_consumes_1', 'dataset_produces_1', 'conditional_dataset_and_time_based_timetable', 'dataset_consumes_unknown_never_scheduled', 'dataset_consumes_1_never_scheduled', 'dataset_produces_2', 'consume_1_or_both_2_and_3_with_dataset_expressions', 'dataset_consumes_1_and_2', 'consume_1_and_2_with_dataset_expressions' retrieved from /home/amdari/apex-env/venv/lib/python3.11/site-packages/airflow/example_dags/example_datasets.py
[2025-03-19T18:23:39.912+0000] {logging_mixin.py:190} INFO - [2025-03-19T18:23:39.912+0000] {dag.py:3239} INFO - Sync 10 DAGs
[2025-03-19T18:23:39.944+0000] {logging_mixin.py:190} INFO - [2025-03-19T18:23:39.943+0000] {dag.py:4180} INFO - Setting next_dagrun for conditional_dataset_and_time_based_timetable to 2025-03-19 01:00:00+00:00, run_after=2025-03-19 01:00:00+00:00
[2025-03-19T18:23:39.948+0000] {logging_mixin.py:190} INFO - [2025-03-19T18:23:39.948+0000] {dag.py:4180} INFO - Setting next_dagrun for consume_1_and_2_with_dataset_expressions to None, run_after=None
[2025-03-19T18:23:39.949+0000] {logging_mixin.py:190} INFO - [2025-03-19T18:23:39.949+0000] {dag.py:4180} INFO - Setting next_dagrun for consume_1_or_2_with_dataset_expressions to None, run_after=None
[2025-03-19T18:23:39.951+0000] {logging_mixin.py:190} INFO - [2025-03-19T18:23:39.950+0000] {dag.py:4180} INFO - Setting next_dagrun for consume_1_or_both_2_and_3_with_dataset_expressions to None, run_after=None
[2025-03-19T18:23:39.952+0000] {logging_mixin.py:190} INFO - [2025-03-19T18:23:39.952+0000] {dag.py:4180} INFO - Setting next_dagrun for dataset_consumes_1 to None, run_after=None
[2025-03-19T18:23:39.953+0000] {logging_mixin.py:190} INFO - [2025-03-19T18:23:39.953+0000] {dag.py:4180} INFO - Setting next_dagrun for dataset_consumes_1_and_2 to None, run_after=None
[2025-03-19T18:23:39.954+0000] {logging_mixin.py:190} INFO - [2025-03-19T18:23:39.954+0000] {dag.py:4180} INFO - Setting next_dagrun for dataset_consumes_1_never_scheduled to None, run_after=None
[2025-03-19T18:23:39.955+0000] {logging_mixin.py:190} INFO - [2025-03-19T18:23:39.955+0000] {dag.py:4180} INFO - Setting next_dagrun for dataset_consumes_unknown_never_scheduled to None, run_after=None
[2025-03-19T18:23:39.958+0000] {logging_mixin.py:190} INFO - [2025-03-19T18:23:39.958+0000] {dag.py:4180} INFO - Setting next_dagrun for dataset_produces_1 to 2025-03-18 00:00:00+00:00, run_after=2025-03-19 00:00:00+00:00
[2025-03-19T18:23:39.959+0000] {logging_mixin.py:190} INFO - [2025-03-19T18:23:39.959+0000] {dag.py:4180} INFO - Setting next_dagrun for dataset_produces_2 to None, run_after=None
[2025-03-19T18:23:40.237+0000] {processor.py:208} INFO - Processing /home/amdari/apex-env/venv/lib/python3.11/site-packages/airflow/example_dags/example_datasets.py took 0.419 seconds
[2025-03-19T18:24:10.737+0000] {processor.py:186} INFO - Started process (PID=43997) to work on /home/amdari/apex-env/venv/lib/python3.11/site-packages/airflow/example_dags/example_datasets.py
[2025-03-19T18:24:10.739+0000] {processor.py:914} INFO - Processing file /home/amdari/apex-env/venv/lib/python3.11/site-packages/airflow/example_dags/example_datasets.py for tasks to queue
[2025-03-19T18:24:10.742+0000] {logging_mixin.py:190} INFO - [2025-03-19T18:24:10.742+0000] {dagbag.py:588} INFO - Filling up the DagBag from /home/amdari/apex-env/venv/lib/python3.11/site-packages/airflow/example_dags/example_datasets.py
[2025-03-19T18:24:10.763+0000] {processor.py:925} INFO - DAG(s) 'dataset_consumes_1', 'conditional_dataset_and_time_based_timetable', 'consume_1_and_2_with_dataset_expressions', 'dataset_produces_1', 'consume_1_or_both_2_and_3_with_dataset_expressions', 'dataset_consumes_unknown_never_scheduled', 'consume_1_or_2_with_dataset_expressions', 'dataset_consumes_1_never_scheduled', 'dataset_produces_2', 'dataset_consumes_1_and_2' retrieved from /home/amdari/apex-env/venv/lib/python3.11/site-packages/airflow/example_dags/example_datasets.py
[2025-03-19T18:24:10.824+0000] {logging_mixin.py:190} INFO - [2025-03-19T18:24:10.824+0000] {dag.py:3239} INFO - Sync 10 DAGs
[2025-03-19T18:24:10.855+0000] {logging_mixin.py:190} INFO - [2025-03-19T18:24:10.855+0000] {dag.py:4180} INFO - Setting next_dagrun for conditional_dataset_and_time_based_timetable to 2025-03-19 01:00:00+00:00, run_after=2025-03-19 01:00:00+00:00
[2025-03-19T18:24:10.859+0000] {logging_mixin.py:190} INFO - [2025-03-19T18:24:10.859+0000] {dag.py:4180} INFO - Setting next_dagrun for consume_1_and_2_with_dataset_expressions to None, run_after=None
[2025-03-19T18:24:10.860+0000] {logging_mixin.py:190} INFO - [2025-03-19T18:24:10.860+0000] {dag.py:4180} INFO - Setting next_dagrun for consume_1_or_2_with_dataset_expressions to None, run_after=None
[2025-03-19T18:24:10.862+0000] {logging_mixin.py:190} INFO - [2025-03-19T18:24:10.861+0000] {dag.py:4180} INFO - Setting next_dagrun for consume_1_or_both_2_and_3_with_dataset_expressions to None, run_after=None
[2025-03-19T18:24:10.863+0000] {logging_mixin.py:190} INFO - [2025-03-19T18:24:10.863+0000] {dag.py:4180} INFO - Setting next_dagrun for dataset_consumes_1 to None, run_after=None
[2025-03-19T18:24:10.864+0000] {logging_mixin.py:190} INFO - [2025-03-19T18:24:10.864+0000] {dag.py:4180} INFO - Setting next_dagrun for dataset_consumes_1_and_2 to None, run_after=None
[2025-03-19T18:24:10.866+0000] {logging_mixin.py:190} INFO - [2025-03-19T18:24:10.865+0000] {dag.py:4180} INFO - Setting next_dagrun for dataset_consumes_1_never_scheduled to None, run_after=None
[2025-03-19T18:24:10.867+0000] {logging_mixin.py:190} INFO - [2025-03-19T18:24:10.867+0000] {dag.py:4180} INFO - Setting next_dagrun for dataset_consumes_unknown_never_scheduled to None, run_after=None
[2025-03-19T18:24:10.869+0000] {logging_mixin.py:190} INFO - [2025-03-19T18:24:10.869+0000] {dag.py:4180} INFO - Setting next_dagrun for dataset_produces_1 to 2025-03-18 00:00:00+00:00, run_after=2025-03-19 00:00:00+00:00
[2025-03-19T18:24:10.871+0000] {logging_mixin.py:190} INFO - [2025-03-19T18:24:10.870+0000] {dag.py:4180} INFO - Setting next_dagrun for dataset_produces_2 to None, run_after=None
[2025-03-19T18:24:11.148+0000] {processor.py:208} INFO - Processing /home/amdari/apex-env/venv/lib/python3.11/site-packages/airflow/example_dags/example_datasets.py took 0.420 seconds
[2025-03-19T18:24:43.680+0000] {processor.py:186} INFO - Started process (PID=44375) to work on /home/amdari/apex-env/venv/lib/python3.11/site-packages/airflow/example_dags/example_datasets.py
[2025-03-19T18:24:43.681+0000] {processor.py:914} INFO - Processing file /home/amdari/apex-env/venv/lib/python3.11/site-packages/airflow/example_dags/example_datasets.py for tasks to queue
[2025-03-19T18:24:43.684+0000] {logging_mixin.py:190} INFO - [2025-03-19T18:24:43.683+0000] {dagbag.py:588} INFO - Filling up the DagBag from /home/amdari/apex-env/venv/lib/python3.11/site-packages/airflow/example_dags/example_datasets.py
[2025-03-19T18:24:43.704+0000] {processor.py:925} INFO - DAG(s) 'conditional_dataset_and_time_based_timetable', 'consume_1_and_2_with_dataset_expressions', 'consume_1_or_2_with_dataset_expressions', 'consume_1_or_both_2_and_3_with_dataset_expressions', 'dataset_consumes_1_never_scheduled', 'dataset_consumes_1_and_2', 'dataset_produces_1', 'dataset_consumes_unknown_never_scheduled', 'dataset_produces_2', 'dataset_consumes_1' retrieved from /home/amdari/apex-env/venv/lib/python3.11/site-packages/airflow/example_dags/example_datasets.py
[2025-03-19T18:24:43.768+0000] {logging_mixin.py:190} INFO - [2025-03-19T18:24:43.767+0000] {dag.py:3239} INFO - Sync 10 DAGs
[2025-03-19T18:24:43.800+0000] {logging_mixin.py:190} INFO - [2025-03-19T18:24:43.800+0000] {dag.py:4180} INFO - Setting next_dagrun for conditional_dataset_and_time_based_timetable to 2025-03-19 01:00:00+00:00, run_after=2025-03-19 01:00:00+00:00
[2025-03-19T18:24:43.805+0000] {logging_mixin.py:190} INFO - [2025-03-19T18:24:43.805+0000] {dag.py:4180} INFO - Setting next_dagrun for consume_1_and_2_with_dataset_expressions to None, run_after=None
[2025-03-19T18:24:43.807+0000] {logging_mixin.py:190} INFO - [2025-03-19T18:24:43.806+0000] {dag.py:4180} INFO - Setting next_dagrun for consume_1_or_2_with_dataset_expressions to None, run_after=None
[2025-03-19T18:24:43.808+0000] {logging_mixin.py:190} INFO - [2025-03-19T18:24:43.808+0000] {dag.py:4180} INFO - Setting next_dagrun for consume_1_or_both_2_and_3_with_dataset_expressions to None, run_after=None
[2025-03-19T18:24:43.810+0000] {logging_mixin.py:190} INFO - [2025-03-19T18:24:43.809+0000] {dag.py:4180} INFO - Setting next_dagrun for dataset_consumes_1 to None, run_after=None
[2025-03-19T18:24:43.811+0000] {logging_mixin.py:190} INFO - [2025-03-19T18:24:43.811+0000] {dag.py:4180} INFO - Setting next_dagrun for dataset_consumes_1_and_2 to None, run_after=None
[2025-03-19T18:24:43.812+0000] {logging_mixin.py:190} INFO - [2025-03-19T18:24:43.812+0000] {dag.py:4180} INFO - Setting next_dagrun for dataset_consumes_1_never_scheduled to None, run_after=None
[2025-03-19T18:24:43.813+0000] {logging_mixin.py:190} INFO - [2025-03-19T18:24:43.813+0000] {dag.py:4180} INFO - Setting next_dagrun for dataset_consumes_unknown_never_scheduled to None, run_after=None
[2025-03-19T18:24:43.816+0000] {logging_mixin.py:190} INFO - [2025-03-19T18:24:43.816+0000] {dag.py:4180} INFO - Setting next_dagrun for dataset_produces_1 to 2025-03-18 00:00:00+00:00, run_after=2025-03-19 00:00:00+00:00
[2025-03-19T18:24:43.817+0000] {logging_mixin.py:190} INFO - [2025-03-19T18:24:43.817+0000] {dag.py:4180} INFO - Setting next_dagrun for dataset_produces_2 to None, run_after=None
[2025-03-19T18:24:44.100+0000] {processor.py:208} INFO - Processing /home/amdari/apex-env/venv/lib/python3.11/site-packages/airflow/example_dags/example_datasets.py took 0.430 seconds
[2025-03-19T18:25:14.661+0000] {processor.py:186} INFO - Started process (PID=44820) to work on /home/amdari/apex-env/venv/lib/python3.11/site-packages/airflow/example_dags/example_datasets.py
[2025-03-19T18:25:14.663+0000] {processor.py:914} INFO - Processing file /home/amdari/apex-env/venv/lib/python3.11/site-packages/airflow/example_dags/example_datasets.py for tasks to queue
[2025-03-19T18:25:14.666+0000] {logging_mixin.py:190} INFO - [2025-03-19T18:25:14.666+0000] {dagbag.py:588} INFO - Filling up the DagBag from /home/amdari/apex-env/venv/lib/python3.11/site-packages/airflow/example_dags/example_datasets.py
[2025-03-19T18:25:14.687+0000] {processor.py:925} INFO - DAG(s) 'consume_1_or_both_2_and_3_with_dataset_expressions', 'dataset_consumes_1_and_2', 'conditional_dataset_and_time_based_timetable', 'consume_1_and_2_with_dataset_expressions', 'consume_1_or_2_with_dataset_expressions', 'dataset_consumes_unknown_never_scheduled', 'dataset_produces_2', 'dataset_consumes_1', 'dataset_produces_1', 'dataset_consumes_1_never_scheduled' retrieved from /home/amdari/apex-env/venv/lib/python3.11/site-packages/airflow/example_dags/example_datasets.py
[2025-03-19T18:25:14.746+0000] {logging_mixin.py:190} INFO - [2025-03-19T18:25:14.746+0000] {dag.py:3239} INFO - Sync 10 DAGs
[2025-03-19T18:25:14.779+0000] {logging_mixin.py:190} INFO - [2025-03-19T18:25:14.778+0000] {dag.py:4180} INFO - Setting next_dagrun for conditional_dataset_and_time_based_timetable to 2025-03-19 01:00:00+00:00, run_after=2025-03-19 01:00:00+00:00
[2025-03-19T18:25:14.783+0000] {logging_mixin.py:190} INFO - [2025-03-19T18:25:14.783+0000] {dag.py:4180} INFO - Setting next_dagrun for consume_1_and_2_with_dataset_expressions to None, run_after=None
[2025-03-19T18:25:14.784+0000] {logging_mixin.py:190} INFO - [2025-03-19T18:25:14.784+0000] {dag.py:4180} INFO - Setting next_dagrun for consume_1_or_2_with_dataset_expressions to None, run_after=None
[2025-03-19T18:25:14.786+0000] {logging_mixin.py:190} INFO - [2025-03-19T18:25:14.785+0000] {dag.py:4180} INFO - Setting next_dagrun for consume_1_or_both_2_and_3_with_dataset_expressions to None, run_after=None
[2025-03-19T18:25:14.787+0000] {logging_mixin.py:190} INFO - [2025-03-19T18:25:14.787+0000] {dag.py:4180} INFO - Setting next_dagrun for dataset_consumes_1 to None, run_after=None
[2025-03-19T18:25:14.788+0000] {logging_mixin.py:190} INFO - [2025-03-19T18:25:14.788+0000] {dag.py:4180} INFO - Setting next_dagrun for dataset_consumes_1_and_2 to None, run_after=None
[2025-03-19T18:25:14.790+0000] {logging_mixin.py:190} INFO - [2025-03-19T18:25:14.789+0000] {dag.py:4180} INFO - Setting next_dagrun for dataset_consumes_1_never_scheduled to None, run_after=None
[2025-03-19T18:25:14.791+0000] {logging_mixin.py:190} INFO - [2025-03-19T18:25:14.791+0000] {dag.py:4180} INFO - Setting next_dagrun for dataset_consumes_unknown_never_scheduled to None, run_after=None
[2025-03-19T18:25:14.794+0000] {logging_mixin.py:190} INFO - [2025-03-19T18:25:14.793+0000] {dag.py:4180} INFO - Setting next_dagrun for dataset_produces_1 to 2025-03-18 00:00:00+00:00, run_after=2025-03-19 00:00:00+00:00
[2025-03-19T18:25:14.795+0000] {logging_mixin.py:190} INFO - [2025-03-19T18:25:14.795+0000] {dag.py:4180} INFO - Setting next_dagrun for dataset_produces_2 to None, run_after=None
[2025-03-19T18:25:15.078+0000] {processor.py:208} INFO - Processing /home/amdari/apex-env/venv/lib/python3.11/site-packages/airflow/example_dags/example_datasets.py took 0.426 seconds
