[2025-03-19T18:23:10.113+0000] {processor.py:186} INFO - Started process (PID=43304) to work on /home/amdari/apex-env/venv/lib/python3.11/site-packages/airflow/example_dags/example_branch_day_of_week_operator.py
[2025-03-19T18:23:10.114+0000] {processor.py:914} INFO - Processing file /home/amdari/apex-env/venv/lib/python3.11/site-packages/airflow/example_dags/example_branch_day_of_week_operator.py for tasks to queue
[2025-03-19T18:23:10.117+0000] {logging_mixin.py:190} INFO - [2025-03-19T18:23:10.117+0000] {dagbag.py:588} INFO - Filling up the DagBag from /home/amdari/apex-env/venv/lib/python3.11/site-packages/airflow/example_dags/example_branch_day_of_week_operator.py
[2025-03-19T18:23:10.128+0000] {processor.py:925} INFO - DAG(s) 'example_weekday_branch_operator' retrieved from /home/amdari/apex-env/venv/lib/python3.11/site-packages/airflow/example_dags/example_branch_day_of_week_operator.py
[2025-03-19T18:23:10.211+0000] {logging_mixin.py:190} INFO - [2025-03-19T18:23:10.210+0000] {dag.py:3239} INFO - Sync 1 DAGs
[2025-03-19T18:23:10.479+0000] {logging_mixin.py:190} INFO - [2025-03-19T18:23:10.479+0000] {dag.py:4180} INFO - Setting next_dagrun for example_weekday_branch_operator to 2025-03-18 00:00:00+00:00, run_after=2025-03-19 00:00:00+00:00
[2025-03-19T18:23:10.498+0000] {processor.py:208} INFO - Processing /home/amdari/apex-env/venv/lib/python3.11/site-packages/airflow/example_dags/example_branch_day_of_week_operator.py took 0.394 seconds
[2025-03-19T18:23:41.431+0000] {processor.py:186} INFO - Started process (PID=43666) to work on /home/amdari/apex-env/venv/lib/python3.11/site-packages/airflow/example_dags/example_branch_day_of_week_operator.py
[2025-03-19T18:23:41.432+0000] {processor.py:914} INFO - Processing file /home/amdari/apex-env/venv/lib/python3.11/site-packages/airflow/example_dags/example_branch_day_of_week_operator.py for tasks to queue
[2025-03-19T18:23:41.436+0000] {logging_mixin.py:190} INFO - [2025-03-19T18:23:41.435+0000] {dagbag.py:588} INFO - Filling up the DagBag from /home/amdari/apex-env/venv/lib/python3.11/site-packages/airflow/example_dags/example_branch_day_of_week_operator.py
[2025-03-19T18:23:41.446+0000] {processor.py:925} INFO - DAG(s) 'example_weekday_branch_operator' retrieved from /home/amdari/apex-env/venv/lib/python3.11/site-packages/airflow/example_dags/example_branch_day_of_week_operator.py
[2025-03-19T18:23:41.482+0000] {logging_mixin.py:190} INFO - [2025-03-19T18:23:41.482+0000] {dag.py:3239} INFO - Sync 1 DAGs
[2025-03-19T18:23:41.511+0000] {logging_mixin.py:190} INFO - [2025-03-19T18:23:41.510+0000] {dag.py:4180} INFO - Setting next_dagrun for example_weekday_branch_operator to 2025-03-18 00:00:00+00:00, run_after=2025-03-19 00:00:00+00:00
[2025-03-19T18:23:41.532+0000] {processor.py:208} INFO - Processing /home/amdari/apex-env/venv/lib/python3.11/site-packages/airflow/example_dags/example_branch_day_of_week_operator.py took 0.108 seconds
[2025-03-19T18:24:12.100+0000] {processor.py:186} INFO - Started process (PID=44017) to work on /home/amdari/apex-env/venv/lib/python3.11/site-packages/airflow/example_dags/example_branch_day_of_week_operator.py
[2025-03-19T18:24:12.103+0000] {processor.py:914} INFO - Processing file /home/amdari/apex-env/venv/lib/python3.11/site-packages/airflow/example_dags/example_branch_day_of_week_operator.py for tasks to queue
[2025-03-19T18:24:12.106+0000] {logging_mixin.py:190} INFO - [2025-03-19T18:24:12.106+0000] {dagbag.py:588} INFO - Filling up the DagBag from /home/amdari/apex-env/venv/lib/python3.11/site-packages/airflow/example_dags/example_branch_day_of_week_operator.py
[2025-03-19T18:24:12.118+0000] {processor.py:925} INFO - DAG(s) 'example_weekday_branch_operator' retrieved from /home/amdari/apex-env/venv/lib/python3.11/site-packages/airflow/example_dags/example_branch_day_of_week_operator.py
[2025-03-19T18:24:12.155+0000] {logging_mixin.py:190} INFO - [2025-03-19T18:24:12.154+0000] {dag.py:3239} INFO - Sync 1 DAGs
[2025-03-19T18:24:12.183+0000] {logging_mixin.py:190} INFO - [2025-03-19T18:24:12.183+0000] {dag.py:4180} INFO - Setting next_dagrun for example_weekday_branch_operator to 2025-03-18 00:00:00+00:00, run_after=2025-03-19 00:00:00+00:00
[2025-03-19T18:24:12.204+0000] {processor.py:208} INFO - Processing /home/amdari/apex-env/venv/lib/python3.11/site-packages/airflow/example_dags/example_branch_day_of_week_operator.py took 0.113 seconds
[2025-03-19T18:24:44.133+0000] {processor.py:186} INFO - Started process (PID=44399) to work on /home/amdari/apex-env/venv/lib/python3.11/site-packages/airflow/example_dags/example_branch_day_of_week_operator.py
[2025-03-19T18:24:44.135+0000] {processor.py:914} INFO - Processing file /home/amdari/apex-env/venv/lib/python3.11/site-packages/airflow/example_dags/example_branch_day_of_week_operator.py for tasks to queue
[2025-03-19T18:24:44.138+0000] {logging_mixin.py:190} INFO - [2025-03-19T18:24:44.138+0000] {dagbag.py:588} INFO - Filling up the DagBag from /home/amdari/apex-env/venv/lib/python3.11/site-packages/airflow/example_dags/example_branch_day_of_week_operator.py
[2025-03-19T18:24:44.150+0000] {processor.py:925} INFO - DAG(s) 'example_weekday_branch_operator' retrieved from /home/amdari/apex-env/venv/lib/python3.11/site-packages/airflow/example_dags/example_branch_day_of_week_operator.py
[2025-03-19T18:24:44.188+0000] {logging_mixin.py:190} INFO - [2025-03-19T18:24:44.188+0000] {dag.py:3239} INFO - Sync 1 DAGs
[2025-03-19T18:24:44.219+0000] {logging_mixin.py:190} INFO - [2025-03-19T18:24:44.218+0000] {dag.py:4180} INFO - Setting next_dagrun for example_weekday_branch_operator to 2025-03-18 00:00:00+00:00, run_after=2025-03-19 00:00:00+00:00
[2025-03-19T18:24:44.241+0000] {processor.py:208} INFO - Processing /home/amdari/apex-env/venv/lib/python3.11/site-packages/airflow/example_dags/example_branch_day_of_week_operator.py took 0.117 seconds
[2025-03-19T18:25:15.126+0000] {processor.py:186} INFO - Started process (PID=44844) to work on /home/amdari/apex-env/venv/lib/python3.11/site-packages/airflow/example_dags/example_branch_day_of_week_operator.py
[2025-03-19T18:25:15.128+0000] {processor.py:914} INFO - Processing file /home/amdari/apex-env/venv/lib/python3.11/site-packages/airflow/example_dags/example_branch_day_of_week_operator.py for tasks to queue
[2025-03-19T18:25:15.131+0000] {logging_mixin.py:190} INFO - [2025-03-19T18:25:15.131+0000] {dagbag.py:588} INFO - Filling up the DagBag from /home/amdari/apex-env/venv/lib/python3.11/site-packages/airflow/example_dags/example_branch_day_of_week_operator.py
[2025-03-19T18:25:15.143+0000] {processor.py:925} INFO - DAG(s) 'example_weekday_branch_operator' retrieved from /home/amdari/apex-env/venv/lib/python3.11/site-packages/airflow/example_dags/example_branch_day_of_week_operator.py
[2025-03-19T18:25:15.182+0000] {logging_mixin.py:190} INFO - [2025-03-19T18:25:15.181+0000] {dag.py:3239} INFO - Sync 1 DAGs
[2025-03-19T18:25:15.211+0000] {logging_mixin.py:190} INFO - [2025-03-19T18:25:15.210+0000] {dag.py:4180} INFO - Setting next_dagrun for example_weekday_branch_operator to 2025-03-18 00:00:00+00:00, run_after=2025-03-19 00:00:00+00:00
[2025-03-19T18:25:15.234+0000] {processor.py:208} INFO - Processing /home/amdari/apex-env/venv/lib/python3.11/site-packages/airflow/example_dags/example_branch_day_of_week_operator.py took 0.117 seconds
