[2025-03-19T18:23:05.937+0000] {processor.py:186} INFO - Started process (PID=43008) to work on /home/amdari/apex-env/venv/lib/python3.11/site-packages/airflow/example_dags/example_trigger_controller_dag.py
[2025-03-19T18:23:05.938+0000] {processor.py:914} INFO - Processing file /home/amdari/apex-env/venv/lib/python3.11/site-packages/airflow/example_dags/example_trigger_controller_dag.py for tasks to queue
[2025-03-19T18:23:05.942+0000] {logging_mixin.py:190} INFO - [2025-03-19T18:23:05.941+0000] {dagbag.py:588} INFO - Filling up the DagBag from /home/amdari/apex-env/venv/lib/python3.11/site-packages/airflow/example_dags/example_trigger_controller_dag.py
[2025-03-19T18:23:05.949+0000] {processor.py:925} INFO - DAG(s) 'example_trigger_controller_dag' retrieved from /home/amdari/apex-env/venv/lib/python3.11/site-packages/airflow/example_dags/example_trigger_controller_dag.py
[2025-03-19T18:23:06.031+0000] {logging_mixin.py:190} INFO - [2025-03-19T18:23:06.031+0000] {dag.py:3239} INFO - Sync 1 DAGs
[2025-03-19T18:23:06.053+0000] {logging_mixin.py:190} INFO - [2025-03-19T18:23:06.053+0000] {dag.py:4180} INFO - Setting next_dagrun for example_trigger_controller_dag to 2021-01-01 00:00:00+00:00, run_after=2021-01-01 00:00:00+00:00
[2025-03-19T18:23:06.072+0000] {processor.py:208} INFO - Processing /home/amdari/apex-env/venv/lib/python3.11/site-packages/airflow/example_dags/example_trigger_controller_dag.py took 0.144 seconds
[2025-03-19T18:23:36.785+0000] {processor.py:186} INFO - Started process (PID=43496) to work on /home/amdari/apex-env/venv/lib/python3.11/site-packages/airflow/example_dags/example_trigger_controller_dag.py
[2025-03-19T18:23:36.786+0000] {processor.py:914} INFO - Processing file /home/amdari/apex-env/venv/lib/python3.11/site-packages/airflow/example_dags/example_trigger_controller_dag.py for tasks to queue
[2025-03-19T18:23:36.790+0000] {logging_mixin.py:190} INFO - [2025-03-19T18:23:36.790+0000] {dagbag.py:588} INFO - Filling up the DagBag from /home/amdari/apex-env/venv/lib/python3.11/site-packages/airflow/example_dags/example_trigger_controller_dag.py
[2025-03-19T18:23:36.798+0000] {processor.py:925} INFO - DAG(s) 'example_trigger_controller_dag' retrieved from /home/amdari/apex-env/venv/lib/python3.11/site-packages/airflow/example_dags/example_trigger_controller_dag.py
[2025-03-19T18:23:36.832+0000] {logging_mixin.py:190} INFO - [2025-03-19T18:23:36.832+0000] {dag.py:3239} INFO - Sync 1 DAGs
[2025-03-19T18:23:36.860+0000] {logging_mixin.py:190} INFO - [2025-03-19T18:23:36.859+0000] {dag.py:4180} INFO - Setting next_dagrun for example_trigger_controller_dag to 2021-01-01 00:00:00+00:00, run_after=2021-01-01 00:00:00+00:00
[2025-03-19T18:23:36.880+0000] {processor.py:208} INFO - Processing /home/amdari/apex-env/venv/lib/python3.11/site-packages/airflow/example_dags/example_trigger_controller_dag.py took 0.106 seconds
[2025-03-19T18:24:08.574+0000] {processor.py:186} INFO - Started process (PID=43847) to work on /home/amdari/apex-env/venv/lib/python3.11/site-packages/airflow/example_dags/example_trigger_controller_dag.py
[2025-03-19T18:24:08.576+0000] {processor.py:914} INFO - Processing file /home/amdari/apex-env/venv/lib/python3.11/site-packages/airflow/example_dags/example_trigger_controller_dag.py for tasks to queue
[2025-03-19T18:24:08.579+0000] {logging_mixin.py:190} INFO - [2025-03-19T18:24:08.579+0000] {dagbag.py:588} INFO - Filling up the DagBag from /home/amdari/apex-env/venv/lib/python3.11/site-packages/airflow/example_dags/example_trigger_controller_dag.py
[2025-03-19T18:24:08.587+0000] {processor.py:925} INFO - DAG(s) 'example_trigger_controller_dag' retrieved from /home/amdari/apex-env/venv/lib/python3.11/site-packages/airflow/example_dags/example_trigger_controller_dag.py
[2025-03-19T18:24:08.623+0000] {logging_mixin.py:190} INFO - [2025-03-19T18:24:08.623+0000] {dag.py:3239} INFO - Sync 1 DAGs
[2025-03-19T18:24:08.891+0000] {logging_mixin.py:190} INFO - [2025-03-19T18:24:08.891+0000] {dag.py:4180} INFO - Setting next_dagrun for example_trigger_controller_dag to 2021-01-01 00:00:00+00:00, run_after=2021-01-01 00:00:00+00:00
[2025-03-19T18:24:08.910+0000] {processor.py:208} INFO - Processing /home/amdari/apex-env/venv/lib/python3.11/site-packages/airflow/example_dags/example_trigger_controller_dag.py took 0.345 seconds
[2025-03-19T18:24:39.409+0000] {processor.py:186} INFO - Started process (PID=44213) to work on /home/amdari/apex-env/venv/lib/python3.11/site-packages/airflow/example_dags/example_trigger_controller_dag.py
[2025-03-19T18:24:39.412+0000] {processor.py:914} INFO - Processing file /home/amdari/apex-env/venv/lib/python3.11/site-packages/airflow/example_dags/example_trigger_controller_dag.py for tasks to queue
[2025-03-19T18:24:39.416+0000] {logging_mixin.py:190} INFO - [2025-03-19T18:24:39.415+0000] {dagbag.py:588} INFO - Filling up the DagBag from /home/amdari/apex-env/venv/lib/python3.11/site-packages/airflow/example_dags/example_trigger_controller_dag.py
[2025-03-19T18:24:39.424+0000] {processor.py:925} INFO - DAG(s) 'example_trigger_controller_dag' retrieved from /home/amdari/apex-env/venv/lib/python3.11/site-packages/airflow/example_dags/example_trigger_controller_dag.py
[2025-03-19T18:24:39.460+0000] {logging_mixin.py:190} INFO - [2025-03-19T18:24:39.460+0000] {dag.py:3239} INFO - Sync 1 DAGs
[2025-03-19T18:24:39.741+0000] {logging_mixin.py:190} INFO - [2025-03-19T18:24:39.741+0000] {dag.py:4180} INFO - Setting next_dagrun for example_trigger_controller_dag to 2021-01-01 00:00:00+00:00, run_after=2021-01-01 00:00:00+00:00
[2025-03-19T18:24:39.761+0000] {processor.py:208} INFO - Processing /home/amdari/apex-env/venv/lib/python3.11/site-packages/airflow/example_dags/example_trigger_controller_dag.py took 0.361 seconds
[2025-03-19T18:25:10.367+0000] {processor.py:186} INFO - Started process (PID=44673) to work on /home/amdari/apex-env/venv/lib/python3.11/site-packages/airflow/example_dags/example_trigger_controller_dag.py
[2025-03-19T18:25:10.369+0000] {processor.py:914} INFO - Processing file /home/amdari/apex-env/venv/lib/python3.11/site-packages/airflow/example_dags/example_trigger_controller_dag.py for tasks to queue
[2025-03-19T18:25:10.372+0000] {logging_mixin.py:190} INFO - [2025-03-19T18:25:10.372+0000] {dagbag.py:588} INFO - Filling up the DagBag from /home/amdari/apex-env/venv/lib/python3.11/site-packages/airflow/example_dags/example_trigger_controller_dag.py
[2025-03-19T18:25:10.380+0000] {processor.py:925} INFO - DAG(s) 'example_trigger_controller_dag' retrieved from /home/amdari/apex-env/venv/lib/python3.11/site-packages/airflow/example_dags/example_trigger_controller_dag.py
[2025-03-19T18:25:10.417+0000] {logging_mixin.py:190} INFO - [2025-03-19T18:25:10.417+0000] {dag.py:3239} INFO - Sync 1 DAGs
[2025-03-19T18:25:10.698+0000] {logging_mixin.py:190} INFO - [2025-03-19T18:25:10.698+0000] {dag.py:4180} INFO - Setting next_dagrun for example_trigger_controller_dag to 2021-01-01 00:00:00+00:00, run_after=2021-01-01 00:00:00+00:00
[2025-03-19T18:25:10.718+0000] {processor.py:208} INFO - Processing /home/amdari/apex-env/venv/lib/python3.11/site-packages/airflow/example_dags/example_trigger_controller_dag.py took 0.360 seconds
