[2025-03-19T18:23:04.182+0000] {processor.py:186} INFO - Started process (PID=42922) to work on /home/amdari/apex-env/venv/lib/python3.11/site-packages/airflow/example_dags/example_params_ui_tutorial.py
[2025-03-19T18:23:04.183+0000] {processor.py:914} INFO - Processing file /home/amdari/apex-env/venv/lib/python3.11/site-packages/airflow/example_dags/example_params_ui_tutorial.py for tasks to queue
[2025-03-19T18:23:04.187+0000] {logging_mixin.py:190} INFO - [2025-03-19T18:23:04.186+0000] {dagbag.py:588} INFO - Filling up the DagBag from /home/amdari/apex-env/venv/lib/python3.11/site-packages/airflow/example_dags/example_params_ui_tutorial.py
[2025-03-19T18:23:04.196+0000] {processor.py:925} INFO - DAG(s) 'example_params_ui_tutorial' retrieved from /home/amdari/apex-env/venv/lib/python3.11/site-packages/airflow/example_dags/example_params_ui_tutorial.py
[2025-03-19T18:23:04.309+0000] {logging_mixin.py:190} INFO - [2025-03-19T18:23:04.309+0000] {dag.py:3239} INFO - Sync 1 DAGs
[2025-03-19T18:23:04.323+0000] {logging_mixin.py:190} INFO - [2025-03-19T18:23:04.323+0000] {dag.py:4180} INFO - Setting next_dagrun for example_params_ui_tutorial to None, run_after=None
[2025-03-19T18:23:04.346+0000] {processor.py:208} INFO - Processing /home/amdari/apex-env/venv/lib/python3.11/site-packages/airflow/example_dags/example_params_ui_tutorial.py took 0.173 seconds
[2025-03-19T18:23:34.958+0000] {processor.py:186} INFO - Started process (PID=43412) to work on /home/amdari/apex-env/venv/lib/python3.11/site-packages/airflow/example_dags/example_params_ui_tutorial.py
[2025-03-19T18:23:34.959+0000] {processor.py:914} INFO - Processing file /home/amdari/apex-env/venv/lib/python3.11/site-packages/airflow/example_dags/example_params_ui_tutorial.py for tasks to queue
[2025-03-19T18:23:34.962+0000] {logging_mixin.py:190} INFO - [2025-03-19T18:23:34.962+0000] {dagbag.py:588} INFO - Filling up the DagBag from /home/amdari/apex-env/venv/lib/python3.11/site-packages/airflow/example_dags/example_params_ui_tutorial.py
[2025-03-19T18:23:34.973+0000] {processor.py:925} INFO - DAG(s) 'example_params_ui_tutorial' retrieved from /home/amdari/apex-env/venv/lib/python3.11/site-packages/airflow/example_dags/example_params_ui_tutorial.py
[2025-03-19T18:23:35.034+0000] {logging_mixin.py:190} INFO - [2025-03-19T18:23:35.034+0000] {dag.py:3239} INFO - Sync 1 DAGs
[2025-03-19T18:23:35.052+0000] {logging_mixin.py:190} INFO - [2025-03-19T18:23:35.052+0000] {dag.py:4180} INFO - Setting next_dagrun for example_params_ui_tutorial to None, run_after=None
[2025-03-19T18:23:35.073+0000] {processor.py:208} INFO - Processing /home/amdari/apex-env/venv/lib/python3.11/site-packages/airflow/example_dags/example_params_ui_tutorial.py took 0.124 seconds
[2025-03-19T18:24:05.761+0000] {processor.py:186} INFO - Started process (PID=43763) to work on /home/amdari/apex-env/venv/lib/python3.11/site-packages/airflow/example_dags/example_params_ui_tutorial.py
[2025-03-19T18:24:05.763+0000] {processor.py:914} INFO - Processing file /home/amdari/apex-env/venv/lib/python3.11/site-packages/airflow/example_dags/example_params_ui_tutorial.py for tasks to queue
[2025-03-19T18:24:05.766+0000] {logging_mixin.py:190} INFO - [2025-03-19T18:24:05.766+0000] {dagbag.py:588} INFO - Filling up the DagBag from /home/amdari/apex-env/venv/lib/python3.11/site-packages/airflow/example_dags/example_params_ui_tutorial.py
[2025-03-19T18:24:05.777+0000] {processor.py:925} INFO - DAG(s) 'example_params_ui_tutorial' retrieved from /home/amdari/apex-env/venv/lib/python3.11/site-packages/airflow/example_dags/example_params_ui_tutorial.py
[2025-03-19T18:24:05.837+0000] {logging_mixin.py:190} INFO - [2025-03-19T18:24:05.837+0000] {dag.py:3239} INFO - Sync 1 DAGs
[2025-03-19T18:24:06.097+0000] {logging_mixin.py:190} INFO - [2025-03-19T18:24:06.096+0000] {dag.py:4180} INFO - Setting next_dagrun for example_params_ui_tutorial to None, run_after=None
[2025-03-19T18:24:06.116+0000] {processor.py:208} INFO - Processing /home/amdari/apex-env/venv/lib/python3.11/site-packages/airflow/example_dags/example_params_ui_tutorial.py took 0.364 seconds
[2025-03-19T18:24:36.600+0000] {processor.py:186} INFO - Started process (PID=44113) to work on /home/amdari/apex-env/venv/lib/python3.11/site-packages/airflow/example_dags/example_params_ui_tutorial.py
[2025-03-19T18:24:36.602+0000] {processor.py:914} INFO - Processing file /home/amdari/apex-env/venv/lib/python3.11/site-packages/airflow/example_dags/example_params_ui_tutorial.py for tasks to queue
[2025-03-19T18:24:36.605+0000] {logging_mixin.py:190} INFO - [2025-03-19T18:24:36.604+0000] {dagbag.py:588} INFO - Filling up the DagBag from /home/amdari/apex-env/venv/lib/python3.11/site-packages/airflow/example_dags/example_params_ui_tutorial.py
[2025-03-19T18:24:36.615+0000] {processor.py:925} INFO - DAG(s) 'example_params_ui_tutorial' retrieved from /home/amdari/apex-env/venv/lib/python3.11/site-packages/airflow/example_dags/example_params_ui_tutorial.py
[2025-03-19T18:24:36.675+0000] {logging_mixin.py:190} INFO - [2025-03-19T18:24:36.675+0000] {dag.py:3239} INFO - Sync 1 DAGs
[2025-03-19T18:24:36.936+0000] {logging_mixin.py:190} INFO - [2025-03-19T18:24:36.936+0000] {dag.py:4180} INFO - Setting next_dagrun for example_params_ui_tutorial to None, run_after=None
[2025-03-19T18:24:36.956+0000] {processor.py:208} INFO - Processing /home/amdari/apex-env/venv/lib/python3.11/site-packages/airflow/example_dags/example_params_ui_tutorial.py took 0.364 seconds
[2025-03-19T18:25:07.548+0000] {processor.py:186} INFO - Started process (PID=44589) to work on /home/amdari/apex-env/venv/lib/python3.11/site-packages/airflow/example_dags/example_params_ui_tutorial.py
[2025-03-19T18:25:07.550+0000] {processor.py:914} INFO - Processing file /home/amdari/apex-env/venv/lib/python3.11/site-packages/airflow/example_dags/example_params_ui_tutorial.py for tasks to queue
[2025-03-19T18:25:07.554+0000] {logging_mixin.py:190} INFO - [2025-03-19T18:25:07.553+0000] {dagbag.py:588} INFO - Filling up the DagBag from /home/amdari/apex-env/venv/lib/python3.11/site-packages/airflow/example_dags/example_params_ui_tutorial.py
[2025-03-19T18:25:07.564+0000] {processor.py:925} INFO - DAG(s) 'example_params_ui_tutorial' retrieved from /home/amdari/apex-env/venv/lib/python3.11/site-packages/airflow/example_dags/example_params_ui_tutorial.py
[2025-03-19T18:25:07.624+0000] {logging_mixin.py:190} INFO - [2025-03-19T18:25:07.624+0000] {dag.py:3239} INFO - Sync 1 DAGs
[2025-03-19T18:25:07.893+0000] {logging_mixin.py:190} INFO - [2025-03-19T18:25:07.893+0000] {dag.py:4180} INFO - Setting next_dagrun for example_params_ui_tutorial to None, run_after=None
[2025-03-19T18:25:07.912+0000] {processor.py:208} INFO - Processing /home/amdari/apex-env/venv/lib/python3.11/site-packages/airflow/example_dags/example_params_ui_tutorial.py took 0.373 seconds
