[2025-03-19T18:23:08.273+0000] {processor.py:186} INFO - Started process (PID=43252) to work on /home/amdari/apex-env/venv/lib/python3.11/site-packages/airflow/example_dags/example_dataset_alias_with_no_taskflow.py
[2025-03-19T18:23:08.274+0000] {processor.py:914} INFO - Processing file /home/amdari/apex-env/venv/lib/python3.11/site-packages/airflow/example_dags/example_dataset_alias_with_no_taskflow.py for tasks to queue
[2025-03-19T18:23:08.277+0000] {logging_mixin.py:190} INFO - [2025-03-19T18:23:08.277+0000] {dagbag.py:588} INFO - Filling up the DagBag from /home/amdari/apex-env/venv/lib/python3.11/site-packages/airflow/example_dags/example_dataset_alias_with_no_taskflow.py
[2025-03-19T18:23:08.322+0000] {processor.py:925} INFO - DAG(s) 'dataset_alias_example_alias_producer_with_no_taskflow', 'dataset_alias_example_alias_consumer_with_no_taskflow', 'dataset_s3_bucket_producer_with_no_taskflow', 'dataset_s3_bucket_consumer_with_no_taskflow' retrieved from /home/amdari/apex-env/venv/lib/python3.11/site-packages/airflow/example_dags/example_dataset_alias_with_no_taskflow.py
[2025-03-19T18:23:08.457+0000] {logging_mixin.py:190} INFO - [2025-03-19T18:23:08.456+0000] {dag.py:3239} INFO - Sync 4 DAGs
[2025-03-19T18:23:08.721+0000] {logging_mixin.py:190} INFO - [2025-03-19T18:23:08.721+0000] {dag.py:4180} INFO - Setting next_dagrun for dataset_alias_example_alias_consumer_with_no_taskflow to None, run_after=None
[2025-03-19T18:23:08.724+0000] {logging_mixin.py:190} INFO - [2025-03-19T18:23:08.724+0000] {dag.py:4180} INFO - Setting next_dagrun for dataset_alias_example_alias_producer_with_no_taskflow to None, run_after=None
[2025-03-19T18:23:08.726+0000] {logging_mixin.py:190} INFO - [2025-03-19T18:23:08.725+0000] {dag.py:4180} INFO - Setting next_dagrun for dataset_s3_bucket_consumer_with_no_taskflow to None, run_after=None
[2025-03-19T18:23:08.727+0000] {logging_mixin.py:190} INFO - [2025-03-19T18:23:08.727+0000] {dag.py:4180} INFO - Setting next_dagrun for dataset_s3_bucket_producer_with_no_taskflow to None, run_after=None
[2025-03-19T18:23:08.754+0000] {processor.py:208} INFO - Processing /home/amdari/apex-env/venv/lib/python3.11/site-packages/airflow/example_dags/example_dataset_alias_with_no_taskflow.py took 0.489 seconds
[2025-03-19T18:23:39.361+0000] {processor.py:186} INFO - Started process (PID=43612) to work on /home/amdari/apex-env/venv/lib/python3.11/site-packages/airflow/example_dags/example_dataset_alias_with_no_taskflow.py
[2025-03-19T18:23:39.362+0000] {processor.py:914} INFO - Processing file /home/amdari/apex-env/venv/lib/python3.11/site-packages/airflow/example_dags/example_dataset_alias_with_no_taskflow.py for tasks to queue
[2025-03-19T18:23:39.365+0000] {logging_mixin.py:190} INFO - [2025-03-19T18:23:39.364+0000] {dagbag.py:588} INFO - Filling up the DagBag from /home/amdari/apex-env/venv/lib/python3.11/site-packages/airflow/example_dags/example_dataset_alias_with_no_taskflow.py
[2025-03-19T18:23:39.410+0000] {processor.py:925} INFO - DAG(s) 'dataset_s3_bucket_consumer_with_no_taskflow', 'dataset_alias_example_alias_consumer_with_no_taskflow', 'dataset_alias_example_alias_producer_with_no_taskflow', 'dataset_s3_bucket_producer_with_no_taskflow' retrieved from /home/amdari/apex-env/venv/lib/python3.11/site-packages/airflow/example_dags/example_dataset_alias_with_no_taskflow.py
[2025-03-19T18:23:39.436+0000] {logging_mixin.py:190} INFO - [2025-03-19T18:23:39.435+0000] {dag.py:3239} INFO - Sync 4 DAGs
[2025-03-19T18:23:39.462+0000] {logging_mixin.py:190} INFO - [2025-03-19T18:23:39.462+0000] {dag.py:4180} INFO - Setting next_dagrun for dataset_alias_example_alias_consumer_with_no_taskflow to None, run_after=None
[2025-03-19T18:23:39.465+0000] {logging_mixin.py:190} INFO - [2025-03-19T18:23:39.464+0000] {dag.py:4180} INFO - Setting next_dagrun for dataset_alias_example_alias_producer_with_no_taskflow to None, run_after=None
[2025-03-19T18:23:39.466+0000] {logging_mixin.py:190} INFO - [2025-03-19T18:23:39.466+0000] {dag.py:4180} INFO - Setting next_dagrun for dataset_s3_bucket_consumer_with_no_taskflow to None, run_after=None
[2025-03-19T18:23:39.467+0000] {logging_mixin.py:190} INFO - [2025-03-19T18:23:39.467+0000] {dag.py:4180} INFO - Setting next_dagrun for dataset_s3_bucket_producer_with_no_taskflow to None, run_after=None
[2025-03-19T18:23:39.493+0000] {processor.py:208} INFO - Processing /home/amdari/apex-env/venv/lib/python3.11/site-packages/airflow/example_dags/example_dataset_alias_with_no_taskflow.py took 0.141 seconds
[2025-03-19T18:24:10.243+0000] {processor.py:186} INFO - Started process (PID=43960) to work on /home/amdari/apex-env/venv/lib/python3.11/site-packages/airflow/example_dags/example_dataset_alias_with_no_taskflow.py
[2025-03-19T18:24:10.278+0000] {processor.py:914} INFO - Processing file /home/amdari/apex-env/venv/lib/python3.11/site-packages/airflow/example_dags/example_dataset_alias_with_no_taskflow.py for tasks to queue
[2025-03-19T18:24:10.282+0000] {logging_mixin.py:190} INFO - [2025-03-19T18:24:10.282+0000] {dagbag.py:588} INFO - Filling up the DagBag from /home/amdari/apex-env/venv/lib/python3.11/site-packages/airflow/example_dags/example_dataset_alias_with_no_taskflow.py
[2025-03-19T18:24:10.331+0000] {processor.py:925} INFO - DAG(s) 'dataset_alias_example_alias_producer_with_no_taskflow', 'dataset_s3_bucket_consumer_with_no_taskflow', 'dataset_s3_bucket_producer_with_no_taskflow', 'dataset_alias_example_alias_consumer_with_no_taskflow' retrieved from /home/amdari/apex-env/venv/lib/python3.11/site-packages/airflow/example_dags/example_dataset_alias_with_no_taskflow.py
[2025-03-19T18:24:10.357+0000] {logging_mixin.py:190} INFO - [2025-03-19T18:24:10.357+0000] {dag.py:3239} INFO - Sync 4 DAGs
[2025-03-19T18:24:10.384+0000] {logging_mixin.py:190} INFO - [2025-03-19T18:24:10.384+0000] {dag.py:4180} INFO - Setting next_dagrun for dataset_alias_example_alias_consumer_with_no_taskflow to None, run_after=None
[2025-03-19T18:24:10.387+0000] {logging_mixin.py:190} INFO - [2025-03-19T18:24:10.387+0000] {dag.py:4180} INFO - Setting next_dagrun for dataset_alias_example_alias_producer_with_no_taskflow to None, run_after=None
[2025-03-19T18:24:10.389+0000] {logging_mixin.py:190} INFO - [2025-03-19T18:24:10.388+0000] {dag.py:4180} INFO - Setting next_dagrun for dataset_s3_bucket_consumer_with_no_taskflow to None, run_after=None
[2025-03-19T18:24:10.390+0000] {logging_mixin.py:190} INFO - [2025-03-19T18:24:10.390+0000] {dag.py:4180} INFO - Setting next_dagrun for dataset_s3_bucket_producer_with_no_taskflow to None, run_after=None
[2025-03-19T18:24:10.412+0000] {processor.py:208} INFO - Processing /home/amdari/apex-env/venv/lib/python3.11/site-packages/airflow/example_dags/example_dataset_alias_with_no_taskflow.py took 0.179 seconds
[2025-03-19T18:24:43.211+0000] {processor.py:186} INFO - Started process (PID=44343) to work on /home/amdari/apex-env/venv/lib/python3.11/site-packages/airflow/example_dags/example_dataset_alias_with_no_taskflow.py
[2025-03-19T18:24:43.212+0000] {processor.py:914} INFO - Processing file /home/amdari/apex-env/venv/lib/python3.11/site-packages/airflow/example_dags/example_dataset_alias_with_no_taskflow.py for tasks to queue
[2025-03-19T18:24:43.215+0000] {logging_mixin.py:190} INFO - [2025-03-19T18:24:43.215+0000] {dagbag.py:588} INFO - Filling up the DagBag from /home/amdari/apex-env/venv/lib/python3.11/site-packages/airflow/example_dags/example_dataset_alias_with_no_taskflow.py
[2025-03-19T18:24:43.259+0000] {processor.py:925} INFO - DAG(s) 'dataset_alias_example_alias_producer_with_no_taskflow', 'dataset_s3_bucket_producer_with_no_taskflow', 'dataset_s3_bucket_consumer_with_no_taskflow', 'dataset_alias_example_alias_consumer_with_no_taskflow' retrieved from /home/amdari/apex-env/venv/lib/python3.11/site-packages/airflow/example_dags/example_dataset_alias_with_no_taskflow.py
[2025-03-19T18:24:43.286+0000] {logging_mixin.py:190} INFO - [2025-03-19T18:24:43.286+0000] {dag.py:3239} INFO - Sync 4 DAGs
[2025-03-19T18:24:43.314+0000] {logging_mixin.py:190} INFO - [2025-03-19T18:24:43.314+0000] {dag.py:4180} INFO - Setting next_dagrun for dataset_alias_example_alias_consumer_with_no_taskflow to None, run_after=None
[2025-03-19T18:24:43.317+0000] {logging_mixin.py:190} INFO - [2025-03-19T18:24:43.317+0000] {dag.py:4180} INFO - Setting next_dagrun for dataset_alias_example_alias_producer_with_no_taskflow to None, run_after=None
[2025-03-19T18:24:43.319+0000] {logging_mixin.py:190} INFO - [2025-03-19T18:24:43.318+0000] {dag.py:4180} INFO - Setting next_dagrun for dataset_s3_bucket_consumer_with_no_taskflow to None, run_after=None
[2025-03-19T18:24:43.320+0000] {logging_mixin.py:190} INFO - [2025-03-19T18:24:43.320+0000] {dag.py:4180} INFO - Setting next_dagrun for dataset_s3_bucket_producer_with_no_taskflow to None, run_after=None
[2025-03-19T18:24:43.345+0000] {processor.py:208} INFO - Processing /home/amdari/apex-env/venv/lib/python3.11/site-packages/airflow/example_dags/example_dataset_alias_with_no_taskflow.py took 0.143 seconds
[2025-03-19T18:25:14.205+0000] {processor.py:186} INFO - Started process (PID=44790) to work on /home/amdari/apex-env/venv/lib/python3.11/site-packages/airflow/example_dags/example_dataset_alias_with_no_taskflow.py
[2025-03-19T18:25:14.206+0000] {processor.py:914} INFO - Processing file /home/amdari/apex-env/venv/lib/python3.11/site-packages/airflow/example_dags/example_dataset_alias_with_no_taskflow.py for tasks to queue
[2025-03-19T18:25:14.210+0000] {logging_mixin.py:190} INFO - [2025-03-19T18:25:14.209+0000] {dagbag.py:588} INFO - Filling up the DagBag from /home/amdari/apex-env/venv/lib/python3.11/site-packages/airflow/example_dags/example_dataset_alias_with_no_taskflow.py
[2025-03-19T18:25:14.256+0000] {processor.py:925} INFO - DAG(s) 'dataset_alias_example_alias_consumer_with_no_taskflow', 'dataset_s3_bucket_consumer_with_no_taskflow', 'dataset_s3_bucket_producer_with_no_taskflow', 'dataset_alias_example_alias_producer_with_no_taskflow' retrieved from /home/amdari/apex-env/venv/lib/python3.11/site-packages/airflow/example_dags/example_dataset_alias_with_no_taskflow.py
[2025-03-19T18:25:14.282+0000] {logging_mixin.py:190} INFO - [2025-03-19T18:25:14.281+0000] {dag.py:3239} INFO - Sync 4 DAGs
[2025-03-19T18:25:14.309+0000] {logging_mixin.py:190} INFO - [2025-03-19T18:25:14.309+0000] {dag.py:4180} INFO - Setting next_dagrun for dataset_alias_example_alias_consumer_with_no_taskflow to None, run_after=None
[2025-03-19T18:25:14.312+0000] {logging_mixin.py:190} INFO - [2025-03-19T18:25:14.312+0000] {dag.py:4180} INFO - Setting next_dagrun for dataset_alias_example_alias_producer_with_no_taskflow to None, run_after=None
[2025-03-19T18:25:14.314+0000] {logging_mixin.py:190} INFO - [2025-03-19T18:25:14.313+0000] {dag.py:4180} INFO - Setting next_dagrun for dataset_s3_bucket_consumer_with_no_taskflow to None, run_after=None
[2025-03-19T18:25:14.315+0000] {logging_mixin.py:190} INFO - [2025-03-19T18:25:14.315+0000] {dag.py:4180} INFO - Setting next_dagrun for dataset_s3_bucket_producer_with_no_taskflow to None, run_after=None
[2025-03-19T18:25:14.339+0000] {processor.py:208} INFO - Processing /home/amdari/apex-env/venv/lib/python3.11/site-packages/airflow/example_dags/example_dataset_alias_with_no_taskflow.py took 0.143 seconds
