[2025-03-19T18:23:08.803+0000] {processor.py:186} INFO - Started process (PID=43274) to work on /home/amdari/apex-env/venv/lib/python3.11/site-packages/airflow/example_dags/example_external_task_marker_dag.py
[2025-03-19T18:23:08.804+0000] {processor.py:914} INFO - Processing file /home/amdari/apex-env/venv/lib/python3.11/site-packages/airflow/example_dags/example_external_task_marker_dag.py for tasks to queue
[2025-03-19T18:23:08.808+0000] {logging_mixin.py:190} INFO - [2025-03-19T18:23:08.808+0000] {dagbag.py:588} INFO - Filling up the DagBag from /home/amdari/apex-env/venv/lib/python3.11/site-packages/airflow/example_dags/example_external_task_marker_dag.py
[2025-03-19T18:23:08.818+0000] {processor.py:925} INFO - DAG(s) 'example_external_task_marker_child', 'example_external_task_marker_parent' retrieved from /home/amdari/apex-env/venv/lib/python3.11/site-packages/airflow/example_dags/example_external_task_marker_dag.py
[2025-03-19T18:23:08.925+0000] {logging_mixin.py:190} INFO - [2025-03-19T18:23:08.925+0000] {dag.py:3239} INFO - Sync 2 DAGs
[2025-03-19T18:23:08.942+0000] {logging_mixin.py:190} INFO - [2025-03-19T18:23:08.942+0000] {dag.py:4180} INFO - Setting next_dagrun for example_external_task_marker_child to None, run_after=None
[2025-03-19T18:23:08.945+0000] {logging_mixin.py:190} INFO - [2025-03-19T18:23:08.945+0000] {dag.py:4180} INFO - Setting next_dagrun for example_external_task_marker_parent to None, run_after=None
[2025-03-19T18:23:09.207+0000] {processor.py:208} INFO - Processing /home/amdari/apex-env/venv/lib/python3.11/site-packages/airflow/example_dags/example_external_task_marker_dag.py took 0.413 seconds
[2025-03-19T18:23:39.654+0000] {processor.py:186} INFO - Started process (PID=43634) to work on /home/amdari/apex-env/venv/lib/python3.11/site-packages/airflow/example_dags/example_external_task_marker_dag.py
[2025-03-19T18:23:39.655+0000] {processor.py:914} INFO - Processing file /home/amdari/apex-env/venv/lib/python3.11/site-packages/airflow/example_dags/example_external_task_marker_dag.py for tasks to queue
[2025-03-19T18:23:39.659+0000] {logging_mixin.py:190} INFO - [2025-03-19T18:23:39.658+0000] {dagbag.py:588} INFO - Filling up the DagBag from /home/amdari/apex-env/venv/lib/python3.11/site-packages/airflow/example_dags/example_external_task_marker_dag.py
[2025-03-19T18:23:39.669+0000] {processor.py:925} INFO - DAG(s) 'example_external_task_marker_child', 'example_external_task_marker_parent' retrieved from /home/amdari/apex-env/venv/lib/python3.11/site-packages/airflow/example_dags/example_external_task_marker_dag.py
[2025-03-19T18:23:39.708+0000] {logging_mixin.py:190} INFO - [2025-03-19T18:23:39.707+0000] {dag.py:3239} INFO - Sync 2 DAGs
[2025-03-19T18:23:39.726+0000] {logging_mixin.py:190} INFO - [2025-03-19T18:23:39.725+0000] {dag.py:4180} INFO - Setting next_dagrun for example_external_task_marker_child to None, run_after=None
[2025-03-19T18:23:39.730+0000] {logging_mixin.py:190} INFO - [2025-03-19T18:23:39.730+0000] {dag.py:4180} INFO - Setting next_dagrun for example_external_task_marker_parent to None, run_after=None
[2025-03-19T18:23:39.749+0000] {processor.py:208} INFO - Processing /home/amdari/apex-env/venv/lib/python3.11/site-packages/airflow/example_dags/example_external_task_marker_dag.py took 0.103 seconds
[2025-03-19T18:24:10.597+0000] {processor.py:186} INFO - Started process (PID=43985) to work on /home/amdari/apex-env/venv/lib/python3.11/site-packages/airflow/example_dags/example_external_task_marker_dag.py
[2025-03-19T18:24:10.599+0000] {processor.py:914} INFO - Processing file /home/amdari/apex-env/venv/lib/python3.11/site-packages/airflow/example_dags/example_external_task_marker_dag.py for tasks to queue
[2025-03-19T18:24:10.602+0000] {logging_mixin.py:190} INFO - [2025-03-19T18:24:10.602+0000] {dagbag.py:588} INFO - Filling up the DagBag from /home/amdari/apex-env/venv/lib/python3.11/site-packages/airflow/example_dags/example_external_task_marker_dag.py
[2025-03-19T18:24:10.612+0000] {processor.py:925} INFO - DAG(s) 'example_external_task_marker_child', 'example_external_task_marker_parent' retrieved from /home/amdari/apex-env/venv/lib/python3.11/site-packages/airflow/example_dags/example_external_task_marker_dag.py
[2025-03-19T18:24:10.652+0000] {logging_mixin.py:190} INFO - [2025-03-19T18:24:10.652+0000] {dag.py:3239} INFO - Sync 2 DAGs
[2025-03-19T18:24:10.671+0000] {logging_mixin.py:190} INFO - [2025-03-19T18:24:10.670+0000] {dag.py:4180} INFO - Setting next_dagrun for example_external_task_marker_child to None, run_after=None
[2025-03-19T18:24:10.675+0000] {logging_mixin.py:190} INFO - [2025-03-19T18:24:10.675+0000] {dag.py:4180} INFO - Setting next_dagrun for example_external_task_marker_parent to None, run_after=None
[2025-03-19T18:24:10.695+0000] {processor.py:208} INFO - Processing /home/amdari/apex-env/venv/lib/python3.11/site-packages/airflow/example_dags/example_external_task_marker_dag.py took 0.107 seconds
[2025-03-19T18:24:43.542+0000] {processor.py:186} INFO - Started process (PID=44366) to work on /home/amdari/apex-env/venv/lib/python3.11/site-packages/airflow/example_dags/example_external_task_marker_dag.py
[2025-03-19T18:24:43.543+0000] {processor.py:914} INFO - Processing file /home/amdari/apex-env/venv/lib/python3.11/site-packages/airflow/example_dags/example_external_task_marker_dag.py for tasks to queue
[2025-03-19T18:24:43.546+0000] {logging_mixin.py:190} INFO - [2025-03-19T18:24:43.546+0000] {dagbag.py:588} INFO - Filling up the DagBag from /home/amdari/apex-env/venv/lib/python3.11/site-packages/airflow/example_dags/example_external_task_marker_dag.py
[2025-03-19T18:24:43.556+0000] {processor.py:925} INFO - DAG(s) 'example_external_task_marker_child', 'example_external_task_marker_parent' retrieved from /home/amdari/apex-env/venv/lib/python3.11/site-packages/airflow/example_dags/example_external_task_marker_dag.py
[2025-03-19T18:24:43.598+0000] {logging_mixin.py:190} INFO - [2025-03-19T18:24:43.597+0000] {dag.py:3239} INFO - Sync 2 DAGs
[2025-03-19T18:24:43.616+0000] {logging_mixin.py:190} INFO - [2025-03-19T18:24:43.616+0000] {dag.py:4180} INFO - Setting next_dagrun for example_external_task_marker_child to None, run_after=None
[2025-03-19T18:24:43.621+0000] {logging_mixin.py:190} INFO - [2025-03-19T18:24:43.620+0000] {dag.py:4180} INFO - Setting next_dagrun for example_external_task_marker_parent to None, run_after=None
[2025-03-19T18:24:43.638+0000] {processor.py:208} INFO - Processing /home/amdari/apex-env/venv/lib/python3.11/site-packages/airflow/example_dags/example_external_task_marker_dag.py took 0.105 seconds
[2025-03-19T18:25:14.523+0000] {processor.py:186} INFO - Started process (PID=44808) to work on /home/amdari/apex-env/venv/lib/python3.11/site-packages/airflow/example_dags/example_external_task_marker_dag.py
[2025-03-19T18:25:14.525+0000] {processor.py:914} INFO - Processing file /home/amdari/apex-env/venv/lib/python3.11/site-packages/airflow/example_dags/example_external_task_marker_dag.py for tasks to queue
[2025-03-19T18:25:14.529+0000] {logging_mixin.py:190} INFO - [2025-03-19T18:25:14.528+0000] {dagbag.py:588} INFO - Filling up the DagBag from /home/amdari/apex-env/venv/lib/python3.11/site-packages/airflow/example_dags/example_external_task_marker_dag.py
[2025-03-19T18:25:14.538+0000] {processor.py:925} INFO - DAG(s) 'example_external_task_marker_parent', 'example_external_task_marker_child' retrieved from /home/amdari/apex-env/venv/lib/python3.11/site-packages/airflow/example_dags/example_external_task_marker_dag.py
[2025-03-19T18:25:14.577+0000] {logging_mixin.py:190} INFO - [2025-03-19T18:25:14.576+0000] {dag.py:3239} INFO - Sync 2 DAGs
[2025-03-19T18:25:14.595+0000] {logging_mixin.py:190} INFO - [2025-03-19T18:25:14.595+0000] {dag.py:4180} INFO - Setting next_dagrun for example_external_task_marker_child to None, run_after=None
[2025-03-19T18:25:14.599+0000] {logging_mixin.py:190} INFO - [2025-03-19T18:25:14.599+0000] {dag.py:4180} INFO - Setting next_dagrun for example_external_task_marker_parent to None, run_after=None
[2025-03-19T18:25:14.618+0000] {processor.py:208} INFO - Processing /home/amdari/apex-env/venv/lib/python3.11/site-packages/airflow/example_dags/example_external_task_marker_dag.py took 0.103 seconds
