[2025-03-19T18:23:04.215+0000] {processor.py:186} INFO - Started process (PID=42927) to work on /home/amdari/apex-env/venv/lib/python3.11/site-packages/airflow/example_dags/example_sensor_decorator.py
[2025-03-19T18:23:04.216+0000] {processor.py:914} INFO - Processing file /home/amdari/apex-env/venv/lib/python3.11/site-packages/airflow/example_dags/example_sensor_decorator.py for tasks to queue
[2025-03-19T18:23:04.219+0000] {logging_mixin.py:190} INFO - [2025-03-19T18:23:04.219+0000] {dagbag.py:588} INFO - Filling up the DagBag from /home/amdari/apex-env/venv/lib/python3.11/site-packages/airflow/example_dags/example_sensor_decorator.py
[2025-03-19T18:23:04.229+0000] {processor.py:925} INFO - DAG(s) 'example_sensor_decorator' retrieved from /home/amdari/apex-env/venv/lib/python3.11/site-packages/airflow/example_dags/example_sensor_decorator.py
[2025-03-19T18:23:04.316+0000] {logging_mixin.py:190} INFO - [2025-03-19T18:23:04.316+0000] {dag.py:3239} INFO - Sync 1 DAGs
[2025-03-19T18:23:04.330+0000] {logging_mixin.py:190} INFO - [2025-03-19T18:23:04.330+0000] {dag.py:4180} INFO - Setting next_dagrun for example_sensor_decorator to None, run_after=None
[2025-03-19T18:23:04.353+0000] {processor.py:208} INFO - Processing /home/amdari/apex-env/venv/lib/python3.11/site-packages/airflow/example_dags/example_sensor_decorator.py took 0.147 seconds
[2025-03-19T18:23:35.113+0000] {processor.py:186} INFO - Started process (PID=43418) to work on /home/amdari/apex-env/venv/lib/python3.11/site-packages/airflow/example_dags/example_sensor_decorator.py
[2025-03-19T18:23:35.114+0000] {processor.py:914} INFO - Processing file /home/amdari/apex-env/venv/lib/python3.11/site-packages/airflow/example_dags/example_sensor_decorator.py for tasks to queue
[2025-03-19T18:23:35.117+0000] {logging_mixin.py:190} INFO - [2025-03-19T18:23:35.117+0000] {dagbag.py:588} INFO - Filling up the DagBag from /home/amdari/apex-env/venv/lib/python3.11/site-packages/airflow/example_dags/example_sensor_decorator.py
[2025-03-19T18:23:35.127+0000] {processor.py:925} INFO - DAG(s) 'example_sensor_decorator' retrieved from /home/amdari/apex-env/venv/lib/python3.11/site-packages/airflow/example_dags/example_sensor_decorator.py
[2025-03-19T18:23:35.163+0000] {logging_mixin.py:190} INFO - [2025-03-19T18:23:35.163+0000] {dag.py:3239} INFO - Sync 1 DAGs
[2025-03-19T18:23:35.182+0000] {logging_mixin.py:190} INFO - [2025-03-19T18:23:35.182+0000] {dag.py:4180} INFO - Setting next_dagrun for example_sensor_decorator to None, run_after=None
[2025-03-19T18:23:35.449+0000] {processor.py:208} INFO - Processing /home/amdari/apex-env/venv/lib/python3.11/site-packages/airflow/example_dags/example_sensor_decorator.py took 0.345 seconds
[2025-03-19T18:24:05.976+0000] {processor.py:186} INFO - Started process (PID=43769) to work on /home/amdari/apex-env/venv/lib/python3.11/site-packages/airflow/example_dags/example_sensor_decorator.py
[2025-03-19T18:24:05.979+0000] {processor.py:914} INFO - Processing file /home/amdari/apex-env/venv/lib/python3.11/site-packages/airflow/example_dags/example_sensor_decorator.py for tasks to queue
[2025-03-19T18:24:05.982+0000] {logging_mixin.py:190} INFO - [2025-03-19T18:24:05.981+0000] {dagbag.py:588} INFO - Filling up the DagBag from /home/amdari/apex-env/venv/lib/python3.11/site-packages/airflow/example_dags/example_sensor_decorator.py
[2025-03-19T18:24:05.992+0000] {processor.py:925} INFO - DAG(s) 'example_sensor_decorator' retrieved from /home/amdari/apex-env/venv/lib/python3.11/site-packages/airflow/example_dags/example_sensor_decorator.py
[2025-03-19T18:24:06.028+0000] {logging_mixin.py:190} INFO - [2025-03-19T18:24:06.027+0000] {dag.py:3239} INFO - Sync 1 DAGs
[2025-03-19T18:24:06.046+0000] {logging_mixin.py:190} INFO - [2025-03-19T18:24:06.046+0000] {dag.py:4180} INFO - Setting next_dagrun for example_sensor_decorator to None, run_after=None
[2025-03-19T18:24:06.322+0000] {processor.py:208} INFO - Processing /home/amdari/apex-env/venv/lib/python3.11/site-packages/airflow/example_dags/example_sensor_decorator.py took 0.355 seconds
[2025-03-19T18:24:36.813+0000] {processor.py:186} INFO - Started process (PID=44119) to work on /home/amdari/apex-env/venv/lib/python3.11/site-packages/airflow/example_dags/example_sensor_decorator.py
[2025-03-19T18:24:36.814+0000] {processor.py:914} INFO - Processing file /home/amdari/apex-env/venv/lib/python3.11/site-packages/airflow/example_dags/example_sensor_decorator.py for tasks to queue
[2025-03-19T18:24:36.817+0000] {logging_mixin.py:190} INFO - [2025-03-19T18:24:36.817+0000] {dagbag.py:588} INFO - Filling up the DagBag from /home/amdari/apex-env/venv/lib/python3.11/site-packages/airflow/example_dags/example_sensor_decorator.py
[2025-03-19T18:24:36.827+0000] {processor.py:925} INFO - DAG(s) 'example_sensor_decorator' retrieved from /home/amdari/apex-env/venv/lib/python3.11/site-packages/airflow/example_dags/example_sensor_decorator.py
[2025-03-19T18:24:36.862+0000] {logging_mixin.py:190} INFO - [2025-03-19T18:24:36.861+0000] {dag.py:3239} INFO - Sync 1 DAGs
[2025-03-19T18:24:36.879+0000] {logging_mixin.py:190} INFO - [2025-03-19T18:24:36.879+0000] {dag.py:4180} INFO - Setting next_dagrun for example_sensor_decorator to None, run_after=None
[2025-03-19T18:24:37.141+0000] {processor.py:208} INFO - Processing /home/amdari/apex-env/venv/lib/python3.11/site-packages/airflow/example_dags/example_sensor_decorator.py took 0.337 seconds
[2025-03-19T18:25:07.810+0000] {processor.py:186} INFO - Started process (PID=44595) to work on /home/amdari/apex-env/venv/lib/python3.11/site-packages/airflow/example_dags/example_sensor_decorator.py
[2025-03-19T18:25:07.812+0000] {processor.py:914} INFO - Processing file /home/amdari/apex-env/venv/lib/python3.11/site-packages/airflow/example_dags/example_sensor_decorator.py for tasks to queue
[2025-03-19T18:25:07.815+0000] {logging_mixin.py:190} INFO - [2025-03-19T18:25:07.815+0000] {dagbag.py:588} INFO - Filling up the DagBag from /home/amdari/apex-env/venv/lib/python3.11/site-packages/airflow/example_dags/example_sensor_decorator.py
[2025-03-19T18:25:07.825+0000] {processor.py:925} INFO - DAG(s) 'example_sensor_decorator' retrieved from /home/amdari/apex-env/venv/lib/python3.11/site-packages/airflow/example_dags/example_sensor_decorator.py
[2025-03-19T18:25:07.860+0000] {logging_mixin.py:190} INFO - [2025-03-19T18:25:07.860+0000] {dag.py:3239} INFO - Sync 1 DAGs
[2025-03-19T18:25:07.878+0000] {logging_mixin.py:190} INFO - [2025-03-19T18:25:07.878+0000] {dag.py:4180} INFO - Setting next_dagrun for example_sensor_decorator to None, run_after=None
[2025-03-19T18:25:08.142+0000] {processor.py:208} INFO - Processing /home/amdari/apex-env/venv/lib/python3.11/site-packages/airflow/example_dags/example_sensor_decorator.py took 0.341 seconds
