[2025-03-19T18:23:09.251+0000] {processor.py:186} INFO - Started process (PID=43286) to work on /home/amdari/apex-env/venv/lib/python3.11/site-packages/airflow/example_dags/example_display_name.py
[2025-03-19T18:23:09.252+0000] {processor.py:914} INFO - Processing file /home/amdari/apex-env/venv/lib/python3.11/site-packages/airflow/example_dags/example_display_name.py for tasks to queue
[2025-03-19T18:23:09.255+0000] {logging_mixin.py:190} INFO - [2025-03-19T18:23:09.255+0000] {dagbag.py:588} INFO - Filling up the DagBag from /home/amdari/apex-env/venv/lib/python3.11/site-packages/airflow/example_dags/example_display_name.py
[2025-03-19T18:23:09.265+0000] {processor.py:925} INFO - DAG(s) 'example_display_name' retrieved from /home/amdari/apex-env/venv/lib/python3.11/site-packages/airflow/example_dags/example_display_name.py
[2025-03-19T18:23:09.348+0000] {logging_mixin.py:190} INFO - [2025-03-19T18:23:09.347+0000] {dag.py:3239} INFO - Sync 1 DAGs
[2025-03-19T18:23:09.361+0000] {logging_mixin.py:190} INFO - [2025-03-19T18:23:09.361+0000] {dag.py:4180} INFO - Setting next_dagrun for example_display_name to None, run_after=None
[2025-03-19T18:23:09.626+0000] {processor.py:208} INFO - Processing /home/amdari/apex-env/venv/lib/python3.11/site-packages/airflow/example_dags/example_display_name.py took 0.384 seconds
[2025-03-19T18:23:39.700+0000] {processor.py:186} INFO - Started process (PID=43640) to work on /home/amdari/apex-env/venv/lib/python3.11/site-packages/airflow/example_dags/example_display_name.py
[2025-03-19T18:23:39.701+0000] {processor.py:914} INFO - Processing file /home/amdari/apex-env/venv/lib/python3.11/site-packages/airflow/example_dags/example_display_name.py for tasks to queue
[2025-03-19T18:23:39.704+0000] {logging_mixin.py:190} INFO - [2025-03-19T18:23:39.704+0000] {dagbag.py:588} INFO - Filling up the DagBag from /home/amdari/apex-env/venv/lib/python3.11/site-packages/airflow/example_dags/example_display_name.py
[2025-03-19T18:23:39.714+0000] {processor.py:925} INFO - DAG(s) 'example_display_name' retrieved from /home/amdari/apex-env/venv/lib/python3.11/site-packages/airflow/example_dags/example_display_name.py
[2025-03-19T18:23:39.748+0000] {logging_mixin.py:190} INFO - [2025-03-19T18:23:39.748+0000] {dag.py:3239} INFO - Sync 1 DAGs
[2025-03-19T18:23:39.767+0000] {logging_mixin.py:190} INFO - [2025-03-19T18:23:39.767+0000] {dag.py:4180} INFO - Setting next_dagrun for example_display_name to None, run_after=None
[2025-03-19T18:23:39.788+0000] {processor.py:208} INFO - Processing /home/amdari/apex-env/venv/lib/python3.11/site-packages/airflow/example_dags/example_display_name.py took 0.097 seconds
[2025-03-19T18:24:10.668+0000] {processor.py:186} INFO - Started process (PID=43991) to work on /home/amdari/apex-env/venv/lib/python3.11/site-packages/airflow/example_dags/example_display_name.py
[2025-03-19T18:24:10.670+0000] {processor.py:914} INFO - Processing file /home/amdari/apex-env/venv/lib/python3.11/site-packages/airflow/example_dags/example_display_name.py for tasks to queue
[2025-03-19T18:24:10.674+0000] {logging_mixin.py:190} INFO - [2025-03-19T18:24:10.673+0000] {dagbag.py:588} INFO - Filling up the DagBag from /home/amdari/apex-env/venv/lib/python3.11/site-packages/airflow/example_dags/example_display_name.py
[2025-03-19T18:24:10.683+0000] {processor.py:925} INFO - DAG(s) 'example_display_name' retrieved from /home/amdari/apex-env/venv/lib/python3.11/site-packages/airflow/example_dags/example_display_name.py
[2025-03-19T18:24:10.719+0000] {logging_mixin.py:190} INFO - [2025-03-19T18:24:10.719+0000] {dag.py:3239} INFO - Sync 1 DAGs
[2025-03-19T18:24:10.737+0000] {logging_mixin.py:190} INFO - [2025-03-19T18:24:10.736+0000] {dag.py:4180} INFO - Setting next_dagrun for example_display_name to None, run_after=None
[2025-03-19T18:24:10.758+0000] {processor.py:208} INFO - Processing /home/amdari/apex-env/venv/lib/python3.11/site-packages/airflow/example_dags/example_display_name.py took 0.098 seconds
[2025-03-19T18:24:43.703+0000] {processor.py:186} INFO - Started process (PID=44378) to work on /home/amdari/apex-env/venv/lib/python3.11/site-packages/airflow/example_dags/example_display_name.py
[2025-03-19T18:24:43.704+0000] {processor.py:914} INFO - Processing file /home/amdari/apex-env/venv/lib/python3.11/site-packages/airflow/example_dags/example_display_name.py for tasks to queue
[2025-03-19T18:24:43.707+0000] {logging_mixin.py:190} INFO - [2025-03-19T18:24:43.707+0000] {dagbag.py:588} INFO - Filling up the DagBag from /home/amdari/apex-env/venv/lib/python3.11/site-packages/airflow/example_dags/example_display_name.py
[2025-03-19T18:24:43.716+0000] {processor.py:925} INFO - DAG(s) 'example_display_name' retrieved from /home/amdari/apex-env/venv/lib/python3.11/site-packages/airflow/example_dags/example_display_name.py
[2025-03-19T18:24:43.751+0000] {logging_mixin.py:190} INFO - [2025-03-19T18:24:43.750+0000] {dag.py:3239} INFO - Sync 1 DAGs
[2025-03-19T18:24:43.768+0000] {logging_mixin.py:190} INFO - [2025-03-19T18:24:43.768+0000] {dag.py:4180} INFO - Setting next_dagrun for example_display_name to None, run_after=None
[2025-03-19T18:24:43.789+0000] {processor.py:208} INFO - Processing /home/amdari/apex-env/venv/lib/python3.11/site-packages/airflow/example_dags/example_display_name.py took 0.096 seconds
[2025-03-19T18:25:14.770+0000] {processor.py:186} INFO - Started process (PID=44826) to work on /home/amdari/apex-env/venv/lib/python3.11/site-packages/airflow/example_dags/example_display_name.py
[2025-03-19T18:25:14.772+0000] {processor.py:914} INFO - Processing file /home/amdari/apex-env/venv/lib/python3.11/site-packages/airflow/example_dags/example_display_name.py for tasks to queue
[2025-03-19T18:25:14.776+0000] {logging_mixin.py:190} INFO - [2025-03-19T18:25:14.775+0000] {dagbag.py:588} INFO - Filling up the DagBag from /home/amdari/apex-env/venv/lib/python3.11/site-packages/airflow/example_dags/example_display_name.py
[2025-03-19T18:25:14.785+0000] {processor.py:925} INFO - DAG(s) 'example_display_name' retrieved from /home/amdari/apex-env/venv/lib/python3.11/site-packages/airflow/example_dags/example_display_name.py
[2025-03-19T18:25:14.820+0000] {logging_mixin.py:190} INFO - [2025-03-19T18:25:14.820+0000] {dag.py:3239} INFO - Sync 1 DAGs
[2025-03-19T18:25:14.838+0000] {logging_mixin.py:190} INFO - [2025-03-19T18:25:14.838+0000] {dag.py:4180} INFO - Setting next_dagrun for example_display_name to None, run_after=None
[2025-03-19T18:25:14.859+0000] {processor.py:208} INFO - Processing /home/amdari/apex-env/venv/lib/python3.11/site-packages/airflow/example_dags/example_display_name.py took 0.099 seconds
