[2025-03-19T18:23:03.338+0000] {processor.py:186} INFO - Started process (PID=42868) to work on /home/amdari/apex-env/venv/lib/python3.11/site-packages/airflow/example_dags/example_xcomargs.py
[2025-03-19T18:23:03.339+0000] {processor.py:914} INFO - Processing file /home/amdari/apex-env/venv/lib/python3.11/site-packages/airflow/example_dags/example_xcomargs.py for tasks to queue
[2025-03-19T18:23:03.344+0000] {logging_mixin.py:190} INFO - [2025-03-19T18:23:03.343+0000] {dagbag.py:588} INFO - Filling up the DagBag from /home/amdari/apex-env/venv/lib/python3.11/site-packages/airflow/example_dags/example_xcomargs.py
[2025-03-19T18:23:03.359+0000] {processor.py:925} INFO - DAG(s) 'example_xcom_args_with_operators', 'example_xcom_args' retrieved from /home/amdari/apex-env/venv/lib/python3.11/site-packages/airflow/example_dags/example_xcomargs.py
[2025-03-19T18:23:03.480+0000] {logging_mixin.py:190} INFO - [2025-03-19T18:23:03.480+0000] {dag.py:3239} INFO - Sync 2 DAGs
[2025-03-19T18:23:03.733+0000] {logging_mixin.py:190} INFO - [2025-03-19T18:23:03.733+0000] {dag.py:4180} INFO - Setting next_dagrun for example_xcom_args to None, run_after=None
[2025-03-19T18:23:03.737+0000] {logging_mixin.py:190} INFO - [2025-03-19T18:23:03.736+0000] {dag.py:4180} INFO - Setting next_dagrun for example_xcom_args_with_operators to None, run_after=None
[2025-03-19T18:23:03.754+0000] {processor.py:208} INFO - Processing /home/amdari/apex-env/venv/lib/python3.11/site-packages/airflow/example_dags/example_xcomargs.py took 0.428 seconds
[2025-03-19T18:23:34.466+0000] {processor.py:186} INFO - Started process (PID=43360) to work on /home/amdari/apex-env/venv/lib/python3.11/site-packages/airflow/example_dags/example_xcomargs.py
[2025-03-19T18:23:34.467+0000] {processor.py:914} INFO - Processing file /home/amdari/apex-env/venv/lib/python3.11/site-packages/airflow/example_dags/example_xcomargs.py for tasks to queue
[2025-03-19T18:23:34.470+0000] {logging_mixin.py:190} INFO - [2025-03-19T18:23:34.470+0000] {dagbag.py:588} INFO - Filling up the DagBag from /home/amdari/apex-env/venv/lib/python3.11/site-packages/airflow/example_dags/example_xcomargs.py
[2025-03-19T18:23:34.483+0000] {processor.py:925} INFO - DAG(s) 'example_xcom_args_with_operators', 'example_xcom_args' retrieved from /home/amdari/apex-env/venv/lib/python3.11/site-packages/airflow/example_dags/example_xcomargs.py
[2025-03-19T18:23:34.520+0000] {logging_mixin.py:190} INFO - [2025-03-19T18:23:34.520+0000] {dag.py:3239} INFO - Sync 2 DAGs
[2025-03-19T18:23:34.538+0000] {logging_mixin.py:190} INFO - [2025-03-19T18:23:34.537+0000] {dag.py:4180} INFO - Setting next_dagrun for example_xcom_args to None, run_after=None
[2025-03-19T18:23:34.542+0000] {logging_mixin.py:190} INFO - [2025-03-19T18:23:34.542+0000] {dag.py:4180} INFO - Setting next_dagrun for example_xcom_args_with_operators to None, run_after=None
[2025-03-19T18:23:34.559+0000] {processor.py:208} INFO - Processing /home/amdari/apex-env/venv/lib/python3.11/site-packages/airflow/example_dags/example_xcomargs.py took 0.102 seconds
[2025-03-19T18:24:05.257+0000] {processor.py:186} INFO - Started process (PID=43711) to work on /home/amdari/apex-env/venv/lib/python3.11/site-packages/airflow/example_dags/example_xcomargs.py
[2025-03-19T18:24:05.259+0000] {processor.py:914} INFO - Processing file /home/amdari/apex-env/venv/lib/python3.11/site-packages/airflow/example_dags/example_xcomargs.py for tasks to queue
[2025-03-19T18:24:05.262+0000] {logging_mixin.py:190} INFO - [2025-03-19T18:24:05.262+0000] {dagbag.py:588} INFO - Filling up the DagBag from /home/amdari/apex-env/venv/lib/python3.11/site-packages/airflow/example_dags/example_xcomargs.py
[2025-03-19T18:24:05.275+0000] {processor.py:925} INFO - DAG(s) 'example_xcom_args', 'example_xcom_args_with_operators' retrieved from /home/amdari/apex-env/venv/lib/python3.11/site-packages/airflow/example_dags/example_xcomargs.py
[2025-03-19T18:24:05.313+0000] {logging_mixin.py:190} INFO - [2025-03-19T18:24:05.312+0000] {dag.py:3239} INFO - Sync 2 DAGs
[2025-03-19T18:24:05.330+0000] {logging_mixin.py:190} INFO - [2025-03-19T18:24:05.330+0000] {dag.py:4180} INFO - Setting next_dagrun for example_xcom_args to None, run_after=None
[2025-03-19T18:24:05.334+0000] {logging_mixin.py:190} INFO - [2025-03-19T18:24:05.334+0000] {dag.py:4180} INFO - Setting next_dagrun for example_xcom_args_with_operators to None, run_after=None
[2025-03-19T18:24:05.352+0000] {processor.py:208} INFO - Processing /home/amdari/apex-env/venv/lib/python3.11/site-packages/airflow/example_dags/example_xcomargs.py took 0.103 seconds
[2025-03-19T18:24:36.104+0000] {processor.py:186} INFO - Started process (PID=44061) to work on /home/amdari/apex-env/venv/lib/python3.11/site-packages/airflow/example_dags/example_xcomargs.py
[2025-03-19T18:24:36.105+0000] {processor.py:914} INFO - Processing file /home/amdari/apex-env/venv/lib/python3.11/site-packages/airflow/example_dags/example_xcomargs.py for tasks to queue
[2025-03-19T18:24:36.108+0000] {logging_mixin.py:190} INFO - [2025-03-19T18:24:36.108+0000] {dagbag.py:588} INFO - Filling up the DagBag from /home/amdari/apex-env/venv/lib/python3.11/site-packages/airflow/example_dags/example_xcomargs.py
[2025-03-19T18:24:36.121+0000] {processor.py:925} INFO - DAG(s) 'example_xcom_args_with_operators', 'example_xcom_args' retrieved from /home/amdari/apex-env/venv/lib/python3.11/site-packages/airflow/example_dags/example_xcomargs.py
[2025-03-19T18:24:36.162+0000] {logging_mixin.py:190} INFO - [2025-03-19T18:24:36.162+0000] {dag.py:3239} INFO - Sync 2 DAGs
[2025-03-19T18:24:36.185+0000] {logging_mixin.py:190} INFO - [2025-03-19T18:24:36.185+0000] {dag.py:4180} INFO - Setting next_dagrun for example_xcom_args to None, run_after=None
[2025-03-19T18:24:36.191+0000] {logging_mixin.py:190} INFO - [2025-03-19T18:24:36.191+0000] {dag.py:4180} INFO - Setting next_dagrun for example_xcom_args_with_operators to None, run_after=None
[2025-03-19T18:24:36.211+0000] {processor.py:208} INFO - Processing /home/amdari/apex-env/venv/lib/python3.11/site-packages/airflow/example_dags/example_xcomargs.py took 0.115 seconds
[2025-03-19T18:25:06.954+0000] {processor.py:186} INFO - Started process (PID=44537) to work on /home/amdari/apex-env/venv/lib/python3.11/site-packages/airflow/example_dags/example_xcomargs.py
[2025-03-19T18:25:06.956+0000] {processor.py:914} INFO - Processing file /home/amdari/apex-env/venv/lib/python3.11/site-packages/airflow/example_dags/example_xcomargs.py for tasks to queue
[2025-03-19T18:25:06.960+0000] {logging_mixin.py:190} INFO - [2025-03-19T18:25:06.960+0000] {dagbag.py:588} INFO - Filling up the DagBag from /home/amdari/apex-env/venv/lib/python3.11/site-packages/airflow/example_dags/example_xcomargs.py
[2025-03-19T18:25:06.974+0000] {processor.py:925} INFO - DAG(s) 'example_xcom_args', 'example_xcom_args_with_operators' retrieved from /home/amdari/apex-env/venv/lib/python3.11/site-packages/airflow/example_dags/example_xcomargs.py
[2025-03-19T18:25:07.021+0000] {logging_mixin.py:190} INFO - [2025-03-19T18:25:07.021+0000] {dag.py:3239} INFO - Sync 2 DAGs
[2025-03-19T18:25:07.039+0000] {logging_mixin.py:190} INFO - [2025-03-19T18:25:07.038+0000] {dag.py:4180} INFO - Setting next_dagrun for example_xcom_args to None, run_after=None
[2025-03-19T18:25:07.043+0000] {logging_mixin.py:190} INFO - [2025-03-19T18:25:07.043+0000] {dag.py:4180} INFO - Setting next_dagrun for example_xcom_args_with_operators to None, run_after=None
[2025-03-19T18:25:07.061+0000] {processor.py:208} INFO - Processing /home/amdari/apex-env/venv/lib/python3.11/site-packages/airflow/example_dags/example_xcomargs.py took 0.118 seconds
