[2025-03-19T18:23:08.197+0000] {processor.py:186} INFO - Started process (PID=43246) to work on /home/amdari/apex-env/venv/lib/python3.11/site-packages/airflow/example_dags/example_kubernetes_executor.py
[2025-03-19T18:23:08.198+0000] {processor.py:914} INFO - Processing file /home/amdari/apex-env/venv/lib/python3.11/site-packages/airflow/example_dags/example_kubernetes_executor.py for tasks to queue
[2025-03-19T18:23:08.201+0000] {logging_mixin.py:190} INFO - [2025-03-19T18:23:08.201+0000] {dagbag.py:588} INFO - Filling up the DagBag from /home/amdari/apex-env/venv/lib/python3.11/site-packages/airflow/example_dags/example_kubernetes_executor.py
[2025-03-19T18:23:08.205+0000] {logging_mixin.py:190} INFO - [2025-03-19T18:23:08.205+0000] {example_kubernetes_executor.py:39} WARNING - The example_kubernetes_executor example DAG requires the kubernetes provider. Please install it with: pip install apache-airflow[cncf.kubernetes]
[2025-03-19T18:23:08.206+0000] {processor.py:927} WARNING - No viable dags retrieved from /home/amdari/apex-env/venv/lib/python3.11/site-packages/airflow/example_dags/example_kubernetes_executor.py
[2025-03-19T18:23:08.234+0000] {processor.py:208} INFO - Processing /home/amdari/apex-env/venv/lib/python3.11/site-packages/airflow/example_dags/example_kubernetes_executor.py took 0.046 seconds
[2025-03-19T18:23:39.286+0000] {processor.py:186} INFO - Started process (PID=43606) to work on /home/amdari/apex-env/venv/lib/python3.11/site-packages/airflow/example_dags/example_kubernetes_executor.py
[2025-03-19T18:23:39.288+0000] {processor.py:914} INFO - Processing file /home/amdari/apex-env/venv/lib/python3.11/site-packages/airflow/example_dags/example_kubernetes_executor.py for tasks to queue
[2025-03-19T18:23:39.291+0000] {logging_mixin.py:190} INFO - [2025-03-19T18:23:39.291+0000] {dagbag.py:588} INFO - Filling up the DagBag from /home/amdari/apex-env/venv/lib/python3.11/site-packages/airflow/example_dags/example_kubernetes_executor.py
[2025-03-19T18:23:39.295+0000] {logging_mixin.py:190} INFO - [2025-03-19T18:23:39.295+0000] {example_kubernetes_executor.py:39} WARNING - The example_kubernetes_executor example DAG requires the kubernetes provider. Please install it with: pip install apache-airflow[cncf.kubernetes]
[2025-03-19T18:23:39.295+0000] {processor.py:927} WARNING - No viable dags retrieved from /home/amdari/apex-env/venv/lib/python3.11/site-packages/airflow/example_dags/example_kubernetes_executor.py
[2025-03-19T18:23:39.323+0000] {processor.py:208} INFO - Processing /home/amdari/apex-env/venv/lib/python3.11/site-packages/airflow/example_dags/example_kubernetes_executor.py took 0.046 seconds
[2025-03-19T18:24:10.233+0000] {processor.py:186} INFO - Started process (PID=43957) to work on /home/amdari/apex-env/venv/lib/python3.11/site-packages/airflow/example_dags/example_kubernetes_executor.py
[2025-03-19T18:24:10.277+0000] {processor.py:914} INFO - Processing file /home/amdari/apex-env/venv/lib/python3.11/site-packages/airflow/example_dags/example_kubernetes_executor.py for tasks to queue
[2025-03-19T18:24:10.281+0000] {logging_mixin.py:190} INFO - [2025-03-19T18:24:10.280+0000] {dagbag.py:588} INFO - Filling up the DagBag from /home/amdari/apex-env/venv/lib/python3.11/site-packages/airflow/example_dags/example_kubernetes_executor.py
[2025-03-19T18:24:10.285+0000] {logging_mixin.py:190} INFO - [2025-03-19T18:24:10.285+0000] {example_kubernetes_executor.py:39} WARNING - The example_kubernetes_executor example DAG requires the kubernetes provider. Please install it with: pip install apache-airflow[cncf.kubernetes]
[2025-03-19T18:24:10.285+0000] {processor.py:927} WARNING - No viable dags retrieved from /home/amdari/apex-env/venv/lib/python3.11/site-packages/airflow/example_dags/example_kubernetes_executor.py
[2025-03-19T18:24:10.312+0000] {processor.py:208} INFO - Processing /home/amdari/apex-env/venv/lib/python3.11/site-packages/airflow/example_dags/example_kubernetes_executor.py took 0.087 seconds
[2025-03-19T18:24:43.162+0000] {processor.py:186} INFO - Started process (PID=44337) to work on /home/amdari/apex-env/venv/lib/python3.11/site-packages/airflow/example_dags/example_kubernetes_executor.py
[2025-03-19T18:24:43.164+0000] {processor.py:914} INFO - Processing file /home/amdari/apex-env/venv/lib/python3.11/site-packages/airflow/example_dags/example_kubernetes_executor.py for tasks to queue
[2025-03-19T18:24:43.167+0000] {logging_mixin.py:190} INFO - [2025-03-19T18:24:43.167+0000] {dagbag.py:588} INFO - Filling up the DagBag from /home/amdari/apex-env/venv/lib/python3.11/site-packages/airflow/example_dags/example_kubernetes_executor.py
[2025-03-19T18:24:43.171+0000] {logging_mixin.py:190} INFO - [2025-03-19T18:24:43.171+0000] {example_kubernetes_executor.py:39} WARNING - The example_kubernetes_executor example DAG requires the kubernetes provider. Please install it with: pip install apache-airflow[cncf.kubernetes]
[2025-03-19T18:24:43.171+0000] {processor.py:927} WARNING - No viable dags retrieved from /home/amdari/apex-env/venv/lib/python3.11/site-packages/airflow/example_dags/example_kubernetes_executor.py
[2025-03-19T18:24:43.199+0000] {processor.py:208} INFO - Processing /home/amdari/apex-env/venv/lib/python3.11/site-packages/airflow/example_dags/example_kubernetes_executor.py took 0.045 seconds
[2025-03-19T18:25:14.128+0000] {processor.py:186} INFO - Started process (PID=44784) to work on /home/amdari/apex-env/venv/lib/python3.11/site-packages/airflow/example_dags/example_kubernetes_executor.py
[2025-03-19T18:25:14.130+0000] {processor.py:914} INFO - Processing file /home/amdari/apex-env/venv/lib/python3.11/site-packages/airflow/example_dags/example_kubernetes_executor.py for tasks to queue
[2025-03-19T18:25:14.133+0000] {logging_mixin.py:190} INFO - [2025-03-19T18:25:14.133+0000] {dagbag.py:588} INFO - Filling up the DagBag from /home/amdari/apex-env/venv/lib/python3.11/site-packages/airflow/example_dags/example_kubernetes_executor.py
[2025-03-19T18:25:14.137+0000] {logging_mixin.py:190} INFO - [2025-03-19T18:25:14.137+0000] {example_kubernetes_executor.py:39} WARNING - The example_kubernetes_executor example DAG requires the kubernetes provider. Please install it with: pip install apache-airflow[cncf.kubernetes]
[2025-03-19T18:25:14.138+0000] {processor.py:927} WARNING - No viable dags retrieved from /home/amdari/apex-env/venv/lib/python3.11/site-packages/airflow/example_dags/example_kubernetes_executor.py
[2025-03-19T18:25:14.165+0000] {processor.py:208} INFO - Processing /home/amdari/apex-env/venv/lib/python3.11/site-packages/airflow/example_dags/example_kubernetes_executor.py took 0.046 seconds
