[2025-03-19T18:23:06.626+0000] {processor.py:186} INFO - Started process (PID=43085) to work on /home/amdari/apex-env/venv/lib/python3.11/site-packages/airflow/example_dags/example_skip_dag.py
[2025-03-19T18:23:06.627+0000] {processor.py:914} INFO - Processing file /home/amdari/apex-env/venv/lib/python3.11/site-packages/airflow/example_dags/example_skip_dag.py for tasks to queue
[2025-03-19T18:23:06.630+0000] {logging_mixin.py:190} INFO - [2025-03-19T18:23:06.630+0000] {dagbag.py:588} INFO - Filling up the DagBag from /home/amdari/apex-env/venv/lib/python3.11/site-packages/airflow/example_dags/example_skip_dag.py
[2025-03-19T18:23:06.639+0000] {processor.py:925} INFO - DAG(s) 'example_skip_dag' retrieved from /home/amdari/apex-env/venv/lib/python3.11/site-packages/airflow/example_dags/example_skip_dag.py
[2025-03-19T18:23:06.735+0000] {logging_mixin.py:190} INFO - [2025-03-19T18:23:06.734+0000] {dag.py:3239} INFO - Sync 1 DAGs
[2025-03-19T18:23:06.757+0000] {logging_mixin.py:190} INFO - [2025-03-19T18:23:06.757+0000] {dag.py:4180} INFO - Setting next_dagrun for example_skip_dag to 2025-03-18 00:00:00+00:00, run_after=2025-03-19 00:00:00+00:00
[2025-03-19T18:23:06.778+0000] {processor.py:208} INFO - Processing /home/amdari/apex-env/venv/lib/python3.11/site-packages/airflow/example_dags/example_skip_dag.py took 0.161 seconds
[2025-03-19T18:23:37.137+0000] {processor.py:186} INFO - Started process (PID=43526) to work on /home/amdari/apex-env/venv/lib/python3.11/site-packages/airflow/example_dags/example_skip_dag.py
[2025-03-19T18:23:37.138+0000] {processor.py:914} INFO - Processing file /home/amdari/apex-env/venv/lib/python3.11/site-packages/airflow/example_dags/example_skip_dag.py for tasks to queue
[2025-03-19T18:23:37.141+0000] {logging_mixin.py:190} INFO - [2025-03-19T18:23:37.141+0000] {dagbag.py:588} INFO - Filling up the DagBag from /home/amdari/apex-env/venv/lib/python3.11/site-packages/airflow/example_dags/example_skip_dag.py
[2025-03-19T18:23:37.150+0000] {processor.py:925} INFO - DAG(s) 'example_skip_dag' retrieved from /home/amdari/apex-env/venv/lib/python3.11/site-packages/airflow/example_dags/example_skip_dag.py
[2025-03-19T18:23:37.188+0000] {logging_mixin.py:190} INFO - [2025-03-19T18:23:37.188+0000] {dag.py:3239} INFO - Sync 1 DAGs
[2025-03-19T18:23:37.216+0000] {logging_mixin.py:190} INFO - [2025-03-19T18:23:37.215+0000] {dag.py:4180} INFO - Setting next_dagrun for example_skip_dag to 2025-03-18 00:00:00+00:00, run_after=2025-03-19 00:00:00+00:00
[2025-03-19T18:23:37.235+0000] {processor.py:208} INFO - Processing /home/amdari/apex-env/venv/lib/python3.11/site-packages/airflow/example_dags/example_skip_dag.py took 0.107 seconds
[2025-03-19T18:24:09.090+0000] {processor.py:186} INFO - Started process (PID=43877) to work on /home/amdari/apex-env/venv/lib/python3.11/site-packages/airflow/example_dags/example_skip_dag.py
[2025-03-19T18:24:09.092+0000] {processor.py:914} INFO - Processing file /home/amdari/apex-env/venv/lib/python3.11/site-packages/airflow/example_dags/example_skip_dag.py for tasks to queue
[2025-03-19T18:24:09.095+0000] {logging_mixin.py:190} INFO - [2025-03-19T18:24:09.095+0000] {dagbag.py:588} INFO - Filling up the DagBag from /home/amdari/apex-env/venv/lib/python3.11/site-packages/airflow/example_dags/example_skip_dag.py
[2025-03-19T18:24:09.104+0000] {processor.py:925} INFO - DAG(s) 'example_skip_dag' retrieved from /home/amdari/apex-env/venv/lib/python3.11/site-packages/airflow/example_dags/example_skip_dag.py
[2025-03-19T18:24:09.144+0000] {logging_mixin.py:190} INFO - [2025-03-19T18:24:09.143+0000] {dag.py:3239} INFO - Sync 1 DAGs
[2025-03-19T18:24:09.173+0000] {logging_mixin.py:190} INFO - [2025-03-19T18:24:09.173+0000] {dag.py:4180} INFO - Setting next_dagrun for example_skip_dag to 2025-03-18 00:00:00+00:00, run_after=2025-03-19 00:00:00+00:00
[2025-03-19T18:24:09.195+0000] {processor.py:208} INFO - Processing /home/amdari/apex-env/venv/lib/python3.11/site-packages/airflow/example_dags/example_skip_dag.py took 0.114 seconds
[2025-03-19T18:24:40.262+0000] {processor.py:186} INFO - Started process (PID=44243) to work on /home/amdari/apex-env/venv/lib/python3.11/site-packages/airflow/example_dags/example_skip_dag.py
[2025-03-19T18:24:40.264+0000] {processor.py:914} INFO - Processing file /home/amdari/apex-env/venv/lib/python3.11/site-packages/airflow/example_dags/example_skip_dag.py for tasks to queue
[2025-03-19T18:24:40.267+0000] {logging_mixin.py:190} INFO - [2025-03-19T18:24:40.267+0000] {dagbag.py:588} INFO - Filling up the DagBag from /home/amdari/apex-env/venv/lib/python3.11/site-packages/airflow/example_dags/example_skip_dag.py
[2025-03-19T18:24:40.276+0000] {processor.py:925} INFO - DAG(s) 'example_skip_dag' retrieved from /home/amdari/apex-env/venv/lib/python3.11/site-packages/airflow/example_dags/example_skip_dag.py
[2025-03-19T18:24:40.315+0000] {logging_mixin.py:190} INFO - [2025-03-19T18:24:40.315+0000] {dag.py:3239} INFO - Sync 1 DAGs
[2025-03-19T18:24:40.589+0000] {logging_mixin.py:190} INFO - [2025-03-19T18:24:40.589+0000] {dag.py:4180} INFO - Setting next_dagrun for example_skip_dag to 2025-03-18 00:00:00+00:00, run_after=2025-03-19 00:00:00+00:00
[2025-03-19T18:24:40.608+0000] {processor.py:208} INFO - Processing /home/amdari/apex-env/venv/lib/python3.11/site-packages/airflow/example_dags/example_skip_dag.py took 0.355 seconds
[2025-03-19T18:25:11.306+0000] {processor.py:186} INFO - Started process (PID=44704) to work on /home/amdari/apex-env/venv/lib/python3.11/site-packages/airflow/example_dags/example_skip_dag.py
[2025-03-19T18:25:11.307+0000] {processor.py:914} INFO - Processing file /home/amdari/apex-env/venv/lib/python3.11/site-packages/airflow/example_dags/example_skip_dag.py for tasks to queue
[2025-03-19T18:25:11.311+0000] {logging_mixin.py:190} INFO - [2025-03-19T18:25:11.310+0000] {dagbag.py:588} INFO - Filling up the DagBag from /home/amdari/apex-env/venv/lib/python3.11/site-packages/airflow/example_dags/example_skip_dag.py
[2025-03-19T18:25:11.320+0000] {processor.py:925} INFO - DAG(s) 'example_skip_dag' retrieved from /home/amdari/apex-env/venv/lib/python3.11/site-packages/airflow/example_dags/example_skip_dag.py
[2025-03-19T18:25:11.358+0000] {logging_mixin.py:190} INFO - [2025-03-19T18:25:11.357+0000] {dag.py:3239} INFO - Sync 1 DAGs
[2025-03-19T18:25:11.625+0000] {logging_mixin.py:190} INFO - [2025-03-19T18:25:11.624+0000] {dag.py:4180} INFO - Setting next_dagrun for example_skip_dag to 2025-03-18 00:00:00+00:00, run_after=2025-03-19 00:00:00+00:00
[2025-03-19T18:25:11.644+0000] {processor.py:208} INFO - Processing /home/amdari/apex-env/venv/lib/python3.11/site-packages/airflow/example_dags/example_skip_dag.py took 0.347 seconds
