[2025-03-19T18:23:04.610+0000] {processor.py:186} INFO - Started process (PID=42945) to work on /home/amdari/apex-env/venv/lib/python3.11/site-packages/airflow/example_dags/example_latest_only_with_trigger.py
[2025-03-19T18:23:04.611+0000] {processor.py:914} INFO - Processing file /home/amdari/apex-env/venv/lib/python3.11/site-packages/airflow/example_dags/example_latest_only_with_trigger.py for tasks to queue
[2025-03-19T18:23:04.614+0000] {logging_mixin.py:190} INFO - [2025-03-19T18:23:04.614+0000] {dagbag.py:588} INFO - Filling up the DagBag from /home/amdari/apex-env/venv/lib/python3.11/site-packages/airflow/example_dags/example_latest_only_with_trigger.py
[2025-03-19T18:23:04.622+0000] {processor.py:925} INFO - DAG(s) 'latest_only_with_trigger' retrieved from /home/amdari/apex-env/venv/lib/python3.11/site-packages/airflow/example_dags/example_latest_only_with_trigger.py
[2025-03-19T18:23:04.715+0000] {logging_mixin.py:190} INFO - [2025-03-19T18:23:04.714+0000] {dag.py:3239} INFO - Sync 1 DAGs
[2025-03-19T18:23:04.740+0000] {logging_mixin.py:190} INFO - [2025-03-19T18:23:04.739+0000] {dag.py:4180} INFO - Setting next_dagrun for latest_only_with_trigger to 2025-03-19 12:00:00+00:00, run_after=2025-03-19 16:00:00+00:00
[2025-03-19T18:23:04.762+0000] {processor.py:208} INFO - Processing /home/amdari/apex-env/venv/lib/python3.11/site-packages/airflow/example_dags/example_latest_only_with_trigger.py took 0.160 seconds
[2025-03-19T18:23:35.595+0000] {processor.py:186} INFO - Started process (PID=43436) to work on /home/amdari/apex-env/venv/lib/python3.11/site-packages/airflow/example_dags/example_latest_only_with_trigger.py
[2025-03-19T18:23:35.596+0000] {processor.py:914} INFO - Processing file /home/amdari/apex-env/venv/lib/python3.11/site-packages/airflow/example_dags/example_latest_only_with_trigger.py for tasks to queue
[2025-03-19T18:23:35.599+0000] {logging_mixin.py:190} INFO - [2025-03-19T18:23:35.599+0000] {dagbag.py:588} INFO - Filling up the DagBag from /home/amdari/apex-env/venv/lib/python3.11/site-packages/airflow/example_dags/example_latest_only_with_trigger.py
[2025-03-19T18:23:35.607+0000] {processor.py:925} INFO - DAG(s) 'latest_only_with_trigger' retrieved from /home/amdari/apex-env/venv/lib/python3.11/site-packages/airflow/example_dags/example_latest_only_with_trigger.py
[2025-03-19T18:23:35.645+0000] {logging_mixin.py:190} INFO - [2025-03-19T18:23:35.644+0000] {dag.py:3239} INFO - Sync 1 DAGs
[2025-03-19T18:23:35.913+0000] {logging_mixin.py:190} INFO - [2025-03-19T18:23:35.913+0000] {dag.py:4180} INFO - Setting next_dagrun for latest_only_with_trigger to 2025-03-19 12:00:00+00:00, run_after=2025-03-19 16:00:00+00:00
[2025-03-19T18:23:35.929+0000] {processor.py:208} INFO - Processing /home/amdari/apex-env/venv/lib/python3.11/site-packages/airflow/example_dags/example_latest_only_with_trigger.py took 0.344 seconds
[2025-03-19T18:24:06.578+0000] {processor.py:186} INFO - Started process (PID=43787) to work on /home/amdari/apex-env/venv/lib/python3.11/site-packages/airflow/example_dags/example_latest_only_with_trigger.py
[2025-03-19T18:24:06.580+0000] {processor.py:914} INFO - Processing file /home/amdari/apex-env/venv/lib/python3.11/site-packages/airflow/example_dags/example_latest_only_with_trigger.py for tasks to queue
[2025-03-19T18:24:06.584+0000] {logging_mixin.py:190} INFO - [2025-03-19T18:24:06.583+0000] {dagbag.py:588} INFO - Filling up the DagBag from /home/amdari/apex-env/venv/lib/python3.11/site-packages/airflow/example_dags/example_latest_only_with_trigger.py
[2025-03-19T18:24:06.592+0000] {processor.py:925} INFO - DAG(s) 'latest_only_with_trigger' retrieved from /home/amdari/apex-env/venv/lib/python3.11/site-packages/airflow/example_dags/example_latest_only_with_trigger.py
[2025-03-19T18:24:06.631+0000] {logging_mixin.py:190} INFO - [2025-03-19T18:24:06.630+0000] {dag.py:3239} INFO - Sync 1 DAGs
[2025-03-19T18:24:06.902+0000] {logging_mixin.py:190} INFO - [2025-03-19T18:24:06.902+0000] {dag.py:4180} INFO - Setting next_dagrun for latest_only_with_trigger to 2025-03-19 12:00:00+00:00, run_after=2025-03-19 16:00:00+00:00
[2025-03-19T18:24:06.921+0000] {processor.py:208} INFO - Processing /home/amdari/apex-env/venv/lib/python3.11/site-packages/airflow/example_dags/example_latest_only_with_trigger.py took 0.352 seconds
[2025-03-19T18:24:37.413+0000] {processor.py:186} INFO - Started process (PID=44137) to work on /home/amdari/apex-env/venv/lib/python3.11/site-packages/airflow/example_dags/example_latest_only_with_trigger.py
[2025-03-19T18:24:37.414+0000] {processor.py:914} INFO - Processing file /home/amdari/apex-env/venv/lib/python3.11/site-packages/airflow/example_dags/example_latest_only_with_trigger.py for tasks to queue
[2025-03-19T18:24:37.418+0000] {logging_mixin.py:190} INFO - [2025-03-19T18:24:37.417+0000] {dagbag.py:588} INFO - Filling up the DagBag from /home/amdari/apex-env/venv/lib/python3.11/site-packages/airflow/example_dags/example_latest_only_with_trigger.py
[2025-03-19T18:24:37.427+0000] {processor.py:925} INFO - DAG(s) 'latest_only_with_trigger' retrieved from /home/amdari/apex-env/venv/lib/python3.11/site-packages/airflow/example_dags/example_latest_only_with_trigger.py
[2025-03-19T18:24:37.464+0000] {logging_mixin.py:190} INFO - [2025-03-19T18:24:37.463+0000] {dag.py:3239} INFO - Sync 1 DAGs
[2025-03-19T18:24:37.735+0000] {logging_mixin.py:190} INFO - [2025-03-19T18:24:37.735+0000] {dag.py:4180} INFO - Setting next_dagrun for latest_only_with_trigger to 2025-03-19 12:00:00+00:00, run_after=2025-03-19 16:00:00+00:00
[2025-03-19T18:24:37.752+0000] {processor.py:208} INFO - Processing /home/amdari/apex-env/venv/lib/python3.11/site-packages/airflow/example_dags/example_latest_only_with_trigger.py took 0.349 seconds
[2025-03-19T18:25:08.376+0000] {processor.py:186} INFO - Started process (PID=44613) to work on /home/amdari/apex-env/venv/lib/python3.11/site-packages/airflow/example_dags/example_latest_only_with_trigger.py
[2025-03-19T18:25:08.378+0000] {processor.py:914} INFO - Processing file /home/amdari/apex-env/venv/lib/python3.11/site-packages/airflow/example_dags/example_latest_only_with_trigger.py for tasks to queue
[2025-03-19T18:25:08.382+0000] {logging_mixin.py:190} INFO - [2025-03-19T18:25:08.381+0000] {dagbag.py:588} INFO - Filling up the DagBag from /home/amdari/apex-env/venv/lib/python3.11/site-packages/airflow/example_dags/example_latest_only_with_trigger.py
[2025-03-19T18:25:08.390+0000] {processor.py:925} INFO - DAG(s) 'latest_only_with_trigger' retrieved from /home/amdari/apex-env/venv/lib/python3.11/site-packages/airflow/example_dags/example_latest_only_with_trigger.py
[2025-03-19T18:25:08.428+0000] {logging_mixin.py:190} INFO - [2025-03-19T18:25:08.427+0000] {dag.py:3239} INFO - Sync 1 DAGs
[2025-03-19T18:25:08.697+0000] {logging_mixin.py:190} INFO - [2025-03-19T18:25:08.697+0000] {dag.py:4180} INFO - Setting next_dagrun for latest_only_with_trigger to 2025-03-19 12:00:00+00:00, run_after=2025-03-19 16:00:00+00:00
[2025-03-19T18:25:08.716+0000] {processor.py:208} INFO - Processing /home/amdari/apex-env/venv/lib/python3.11/site-packages/airflow/example_dags/example_latest_only_with_trigger.py took 0.348 seconds
