[2025-03-19T18:23:07.485+0000] {processor.py:186} INFO - Started process (PID=43222) to work on /home/amdari/apex-env/venv/lib/python3.11/site-packages/airflow/example_dags/example_branch_datetime_operator.py
[2025-03-19T18:23:07.486+0000] {processor.py:914} INFO - Processing file /home/amdari/apex-env/venv/lib/python3.11/site-packages/airflow/example_dags/example_branch_datetime_operator.py for tasks to queue
[2025-03-19T18:23:07.489+0000] {logging_mixin.py:190} INFO - [2025-03-19T18:23:07.489+0000] {dagbag.py:588} INFO - Filling up the DagBag from /home/amdari/apex-env/venv/lib/python3.11/site-packages/airflow/example_dags/example_branch_datetime_operator.py
[2025-03-19T18:23:07.503+0000] {processor.py:925} INFO - DAG(s) 'example_branch_datetime_operator_2', 'example_branch_datetime_operator_3', 'example_branch_datetime_operator' retrieved from /home/amdari/apex-env/venv/lib/python3.11/site-packages/airflow/example_dags/example_branch_datetime_operator.py
[2025-03-19T18:23:07.639+0000] {logging_mixin.py:190} INFO - [2025-03-19T18:23:07.638+0000] {dag.py:3239} INFO - Sync 3 DAGs
[2025-03-19T18:23:07.670+0000] {logging_mixin.py:190} INFO - [2025-03-19T18:23:07.669+0000] {dag.py:4180} INFO - Setting next_dagrun for example_branch_datetime_operator to 2025-03-18 00:00:00+00:00, run_after=2025-03-19 00:00:00+00:00
[2025-03-19T18:23:07.674+0000] {logging_mixin.py:190} INFO - [2025-03-19T18:23:07.674+0000] {dag.py:4180} INFO - Setting next_dagrun for example_branch_datetime_operator_2 to 2025-03-18 00:00:00+00:00, run_after=2025-03-19 00:00:00+00:00
[2025-03-19T18:23:07.677+0000] {logging_mixin.py:190} INFO - [2025-03-19T18:23:07.677+0000] {dag.py:4180} INFO - Setting next_dagrun for example_branch_datetime_operator_3 to 2025-03-18 00:00:00+00:00, run_after=2025-03-19 00:00:00+00:00
[2025-03-19T18:23:07.698+0000] {processor.py:208} INFO - Processing /home/amdari/apex-env/venv/lib/python3.11/site-packages/airflow/example_dags/example_branch_datetime_operator.py took 0.222 seconds
[2025-03-19T18:23:37.932+0000] {processor.py:186} INFO - Started process (PID=43582) to work on /home/amdari/apex-env/venv/lib/python3.11/site-packages/airflow/example_dags/example_branch_datetime_operator.py
[2025-03-19T18:23:37.977+0000] {processor.py:914} INFO - Processing file /home/amdari/apex-env/venv/lib/python3.11/site-packages/airflow/example_dags/example_branch_datetime_operator.py for tasks to queue
[2025-03-19T18:23:37.981+0000] {logging_mixin.py:190} INFO - [2025-03-19T18:23:37.980+0000] {dagbag.py:588} INFO - Filling up the DagBag from /home/amdari/apex-env/venv/lib/python3.11/site-packages/airflow/example_dags/example_branch_datetime_operator.py
[2025-03-19T18:23:37.994+0000] {processor.py:925} INFO - DAG(s) 'example_branch_datetime_operator_2', 'example_branch_datetime_operator_3', 'example_branch_datetime_operator' retrieved from /home/amdari/apex-env/venv/lib/python3.11/site-packages/airflow/example_dags/example_branch_datetime_operator.py
[2025-03-19T18:23:38.039+0000] {logging_mixin.py:190} INFO - [2025-03-19T18:23:38.039+0000] {dag.py:3239} INFO - Sync 3 DAGs
[2025-03-19T18:23:38.069+0000] {logging_mixin.py:190} INFO - [2025-03-19T18:23:38.069+0000] {dag.py:4180} INFO - Setting next_dagrun for example_branch_datetime_operator to 2025-03-18 00:00:00+00:00, run_after=2025-03-19 00:00:00+00:00
[2025-03-19T18:23:38.075+0000] {logging_mixin.py:190} INFO - [2025-03-19T18:23:38.075+0000] {dag.py:4180} INFO - Setting next_dagrun for example_branch_datetime_operator_2 to 2025-03-18 00:00:00+00:00, run_after=2025-03-19 00:00:00+00:00
[2025-03-19T18:23:38.079+0000] {logging_mixin.py:190} INFO - [2025-03-19T18:23:38.078+0000] {dag.py:4180} INFO - Setting next_dagrun for example_branch_datetime_operator_3 to 2025-03-18 00:00:00+00:00, run_after=2025-03-19 00:00:00+00:00
[2025-03-19T18:23:38.097+0000] {processor.py:208} INFO - Processing /home/amdari/apex-env/venv/lib/python3.11/site-packages/airflow/example_dags/example_branch_datetime_operator.py took 0.173 seconds
[2025-03-19T18:24:09.779+0000] {processor.py:186} INFO - Started process (PID=43930) to work on /home/amdari/apex-env/venv/lib/python3.11/site-packages/airflow/example_dags/example_branch_datetime_operator.py
[2025-03-19T18:24:09.783+0000] {processor.py:914} INFO - Processing file /home/amdari/apex-env/venv/lib/python3.11/site-packages/airflow/example_dags/example_branch_datetime_operator.py for tasks to queue
[2025-03-19T18:24:09.786+0000] {logging_mixin.py:190} INFO - [2025-03-19T18:24:09.786+0000] {dagbag.py:588} INFO - Filling up the DagBag from /home/amdari/apex-env/venv/lib/python3.11/site-packages/airflow/example_dags/example_branch_datetime_operator.py
[2025-03-19T18:24:09.799+0000] {processor.py:925} INFO - DAG(s) 'example_branch_datetime_operator', 'example_branch_datetime_operator_2', 'example_branch_datetime_operator_3' retrieved from /home/amdari/apex-env/venv/lib/python3.11/site-packages/airflow/example_dags/example_branch_datetime_operator.py
[2025-03-19T18:24:09.843+0000] {logging_mixin.py:190} INFO - [2025-03-19T18:24:09.843+0000] {dag.py:3239} INFO - Sync 3 DAGs
[2025-03-19T18:24:09.873+0000] {logging_mixin.py:190} INFO - [2025-03-19T18:24:09.873+0000] {dag.py:4180} INFO - Setting next_dagrun for example_branch_datetime_operator to 2025-03-18 00:00:00+00:00, run_after=2025-03-19 00:00:00+00:00
[2025-03-19T18:24:09.878+0000] {logging_mixin.py:190} INFO - [2025-03-19T18:24:09.878+0000] {dag.py:4180} INFO - Setting next_dagrun for example_branch_datetime_operator_2 to 2025-03-18 00:00:00+00:00, run_after=2025-03-19 00:00:00+00:00
[2025-03-19T18:24:09.881+0000] {logging_mixin.py:190} INFO - [2025-03-19T18:24:09.881+0000] {dag.py:4180} INFO - Setting next_dagrun for example_branch_datetime_operator_3 to 2025-03-18 00:00:00+00:00, run_after=2025-03-19 00:00:00+00:00
[2025-03-19T18:24:09.899+0000] {processor.py:208} INFO - Processing /home/amdari/apex-env/venv/lib/python3.11/site-packages/airflow/example_dags/example_branch_datetime_operator.py took 0.129 seconds
[2025-03-19T18:24:42.330+0000] {processor.py:186} INFO - Started process (PID=44312) to work on /home/amdari/apex-env/venv/lib/python3.11/site-packages/airflow/example_dags/example_branch_datetime_operator.py
[2025-03-19T18:24:42.331+0000] {processor.py:914} INFO - Processing file /home/amdari/apex-env/venv/lib/python3.11/site-packages/airflow/example_dags/example_branch_datetime_operator.py for tasks to queue
[2025-03-19T18:24:42.335+0000] {logging_mixin.py:190} INFO - [2025-03-19T18:24:42.334+0000] {dagbag.py:588} INFO - Filling up the DagBag from /home/amdari/apex-env/venv/lib/python3.11/site-packages/airflow/example_dags/example_branch_datetime_operator.py
[2025-03-19T18:24:42.349+0000] {processor.py:925} INFO - DAG(s) 'example_branch_datetime_operator_3', 'example_branch_datetime_operator', 'example_branch_datetime_operator_2' retrieved from /home/amdari/apex-env/venv/lib/python3.11/site-packages/airflow/example_dags/example_branch_datetime_operator.py
[2025-03-19T18:24:42.395+0000] {logging_mixin.py:190} INFO - [2025-03-19T18:24:42.394+0000] {dag.py:3239} INFO - Sync 3 DAGs
[2025-03-19T18:24:42.662+0000] {logging_mixin.py:190} INFO - [2025-03-19T18:24:42.662+0000] {dag.py:4180} INFO - Setting next_dagrun for example_branch_datetime_operator to 2025-03-18 00:00:00+00:00, run_after=2025-03-19 00:00:00+00:00
[2025-03-19T18:24:42.667+0000] {logging_mixin.py:190} INFO - [2025-03-19T18:24:42.667+0000] {dag.py:4180} INFO - Setting next_dagrun for example_branch_datetime_operator_2 to 2025-03-18 00:00:00+00:00, run_after=2025-03-19 00:00:00+00:00
[2025-03-19T18:24:42.670+0000] {logging_mixin.py:190} INFO - [2025-03-19T18:24:42.670+0000] {dag.py:4180} INFO - Setting next_dagrun for example_branch_datetime_operator_3 to 2025-03-18 00:00:00+00:00, run_after=2025-03-19 00:00:00+00:00
[2025-03-19T18:24:42.687+0000] {processor.py:208} INFO - Processing /home/amdari/apex-env/venv/lib/python3.11/site-packages/airflow/example_dags/example_branch_datetime_operator.py took 0.366 seconds
[2025-03-19T18:25:13.281+0000] {processor.py:186} INFO - Started process (PID=44758) to work on /home/amdari/apex-env/venv/lib/python3.11/site-packages/airflow/example_dags/example_branch_datetime_operator.py
[2025-03-19T18:25:13.283+0000] {processor.py:914} INFO - Processing file /home/amdari/apex-env/venv/lib/python3.11/site-packages/airflow/example_dags/example_branch_datetime_operator.py for tasks to queue
[2025-03-19T18:25:13.287+0000] {logging_mixin.py:190} INFO - [2025-03-19T18:25:13.286+0000] {dagbag.py:588} INFO - Filling up the DagBag from /home/amdari/apex-env/venv/lib/python3.11/site-packages/airflow/example_dags/example_branch_datetime_operator.py
[2025-03-19T18:25:13.300+0000] {processor.py:925} INFO - DAG(s) 'example_branch_datetime_operator_2', 'example_branch_datetime_operator_3', 'example_branch_datetime_operator' retrieved from /home/amdari/apex-env/venv/lib/python3.11/site-packages/airflow/example_dags/example_branch_datetime_operator.py
[2025-03-19T18:25:13.349+0000] {logging_mixin.py:190} INFO - [2025-03-19T18:25:13.348+0000] {dag.py:3239} INFO - Sync 3 DAGs
[2025-03-19T18:25:13.622+0000] {logging_mixin.py:190} INFO - [2025-03-19T18:25:13.622+0000] {dag.py:4180} INFO - Setting next_dagrun for example_branch_datetime_operator to 2025-03-18 00:00:00+00:00, run_after=2025-03-19 00:00:00+00:00
[2025-03-19T18:25:13.628+0000] {logging_mixin.py:190} INFO - [2025-03-19T18:25:13.627+0000] {dag.py:4180} INFO - Setting next_dagrun for example_branch_datetime_operator_2 to 2025-03-18 00:00:00+00:00, run_after=2025-03-19 00:00:00+00:00
[2025-03-19T18:25:13.630+0000] {logging_mixin.py:190} INFO - [2025-03-19T18:25:13.630+0000] {dag.py:4180} INFO - Setting next_dagrun for example_branch_datetime_operator_3 to 2025-03-18 00:00:00+00:00, run_after=2025-03-19 00:00:00+00:00
[2025-03-19T18:25:13.653+0000] {processor.py:208} INFO - Processing /home/amdari/apex-env/venv/lib/python3.11/site-packages/airflow/example_dags/example_branch_datetime_operator.py took 0.381 seconds
