[2025-03-19T18:23:05.180+0000] {processor.py:186} INFO - Started process (PID=42972) to work on /home/amdari/apex-env/venv/lib/python3.11/site-packages/airflow/example_dags/example_params_trigger_ui.py
[2025-03-19T18:23:05.181+0000] {processor.py:914} INFO - Processing file /home/amdari/apex-env/venv/lib/python3.11/site-packages/airflow/example_dags/example_params_trigger_ui.py for tasks to queue
[2025-03-19T18:23:05.185+0000] {logging_mixin.py:190} INFO - [2025-03-19T18:23:05.184+0000] {dagbag.py:588} INFO - Filling up the DagBag from /home/amdari/apex-env/venv/lib/python3.11/site-packages/airflow/example_dags/example_params_trigger_ui.py
[2025-03-19T18:23:05.199+0000] {processor.py:925} INFO - DAG(s) 'example_params_trigger_ui' retrieved from /home/amdari/apex-env/venv/lib/python3.11/site-packages/airflow/example_dags/example_params_trigger_ui.py
[2025-03-19T18:23:05.309+0000] {logging_mixin.py:190} INFO - [2025-03-19T18:23:05.309+0000] {dag.py:3239} INFO - Sync 1 DAGs
[2025-03-19T18:23:05.323+0000] {logging_mixin.py:190} INFO - [2025-03-19T18:23:05.323+0000] {dag.py:4180} INFO - Setting next_dagrun for example_params_trigger_ui to None, run_after=None
[2025-03-19T18:23:05.344+0000] {processor.py:208} INFO - Processing /home/amdari/apex-env/venv/lib/python3.11/site-packages/airflow/example_dags/example_params_trigger_ui.py took 0.173 seconds
[2025-03-19T18:23:36.265+0000] {processor.py:186} INFO - Started process (PID=43460) to work on /home/amdari/apex-env/venv/lib/python3.11/site-packages/airflow/example_dags/example_params_trigger_ui.py
[2025-03-19T18:23:36.266+0000] {processor.py:914} INFO - Processing file /home/amdari/apex-env/venv/lib/python3.11/site-packages/airflow/example_dags/example_params_trigger_ui.py for tasks to queue
[2025-03-19T18:23:36.269+0000] {logging_mixin.py:190} INFO - [2025-03-19T18:23:36.269+0000] {dagbag.py:588} INFO - Filling up the DagBag from /home/amdari/apex-env/venv/lib/python3.11/site-packages/airflow/example_dags/example_params_trigger_ui.py
[2025-03-19T18:23:36.283+0000] {processor.py:925} INFO - DAG(s) 'example_params_trigger_ui' retrieved from /home/amdari/apex-env/venv/lib/python3.11/site-packages/airflow/example_dags/example_params_trigger_ui.py
[2025-03-19T18:23:36.343+0000] {logging_mixin.py:190} INFO - [2025-03-19T18:23:36.342+0000] {dag.py:3239} INFO - Sync 1 DAGs
[2025-03-19T18:23:36.360+0000] {logging_mixin.py:190} INFO - [2025-03-19T18:23:36.360+0000] {dag.py:4180} INFO - Setting next_dagrun for example_params_trigger_ui to None, run_after=None
[2025-03-19T18:23:36.380+0000] {processor.py:208} INFO - Processing /home/amdari/apex-env/venv/lib/python3.11/site-packages/airflow/example_dags/example_params_trigger_ui.py took 0.124 seconds
[2025-03-19T18:24:07.366+0000] {processor.py:186} INFO - Started process (PID=43811) to work on /home/amdari/apex-env/venv/lib/python3.11/site-packages/airflow/example_dags/example_params_trigger_ui.py
[2025-03-19T18:24:07.368+0000] {processor.py:914} INFO - Processing file /home/amdari/apex-env/venv/lib/python3.11/site-packages/airflow/example_dags/example_params_trigger_ui.py for tasks to queue
[2025-03-19T18:24:07.372+0000] {logging_mixin.py:190} INFO - [2025-03-19T18:24:07.371+0000] {dagbag.py:588} INFO - Filling up the DagBag from /home/amdari/apex-env/venv/lib/python3.11/site-packages/airflow/example_dags/example_params_trigger_ui.py
[2025-03-19T18:24:07.386+0000] {processor.py:925} INFO - DAG(s) 'example_params_trigger_ui' retrieved from /home/amdari/apex-env/venv/lib/python3.11/site-packages/airflow/example_dags/example_params_trigger_ui.py
[2025-03-19T18:24:07.449+0000] {logging_mixin.py:190} INFO - [2025-03-19T18:24:07.448+0000] {dag.py:3239} INFO - Sync 1 DAGs
[2025-03-19T18:24:07.711+0000] {logging_mixin.py:190} INFO - [2025-03-19T18:24:07.711+0000] {dag.py:4180} INFO - Setting next_dagrun for example_params_trigger_ui to None, run_after=None
[2025-03-19T18:24:07.731+0000] {processor.py:208} INFO - Processing /home/amdari/apex-env/venv/lib/python3.11/site-packages/airflow/example_dags/example_params_trigger_ui.py took 0.374 seconds
[2025-03-19T18:24:38.198+0000] {processor.py:186} INFO - Started process (PID=44162) to work on /home/amdari/apex-env/venv/lib/python3.11/site-packages/airflow/example_dags/example_params_trigger_ui.py
[2025-03-19T18:24:38.199+0000] {processor.py:914} INFO - Processing file /home/amdari/apex-env/venv/lib/python3.11/site-packages/airflow/example_dags/example_params_trigger_ui.py for tasks to queue
[2025-03-19T18:24:38.202+0000] {logging_mixin.py:190} INFO - [2025-03-19T18:24:38.202+0000] {dagbag.py:588} INFO - Filling up the DagBag from /home/amdari/apex-env/venv/lib/python3.11/site-packages/airflow/example_dags/example_params_trigger_ui.py
[2025-03-19T18:24:38.216+0000] {processor.py:925} INFO - DAG(s) 'example_params_trigger_ui' retrieved from /home/amdari/apex-env/venv/lib/python3.11/site-packages/airflow/example_dags/example_params_trigger_ui.py
[2025-03-19T18:24:38.280+0000] {logging_mixin.py:190} INFO - [2025-03-19T18:24:38.279+0000] {dag.py:3239} INFO - Sync 1 DAGs
[2025-03-19T18:24:38.549+0000] {logging_mixin.py:190} INFO - [2025-03-19T18:24:38.548+0000] {dag.py:4180} INFO - Setting next_dagrun for example_params_trigger_ui to None, run_after=None
[2025-03-19T18:24:38.568+0000] {processor.py:208} INFO - Processing /home/amdari/apex-env/venv/lib/python3.11/site-packages/airflow/example_dags/example_params_trigger_ui.py took 0.380 seconds
[2025-03-19T18:25:09.156+0000] {processor.py:186} INFO - Started process (PID=44637) to work on /home/amdari/apex-env/venv/lib/python3.11/site-packages/airflow/example_dags/example_params_trigger_ui.py
[2025-03-19T18:25:09.158+0000] {processor.py:914} INFO - Processing file /home/amdari/apex-env/venv/lib/python3.11/site-packages/airflow/example_dags/example_params_trigger_ui.py for tasks to queue
[2025-03-19T18:25:09.161+0000] {logging_mixin.py:190} INFO - [2025-03-19T18:25:09.160+0000] {dagbag.py:588} INFO - Filling up the DagBag from /home/amdari/apex-env/venv/lib/python3.11/site-packages/airflow/example_dags/example_params_trigger_ui.py
[2025-03-19T18:25:09.175+0000] {processor.py:925} INFO - DAG(s) 'example_params_trigger_ui' retrieved from /home/amdari/apex-env/venv/lib/python3.11/site-packages/airflow/example_dags/example_params_trigger_ui.py
[2025-03-19T18:25:09.236+0000] {logging_mixin.py:190} INFO - [2025-03-19T18:25:09.236+0000] {dag.py:3239} INFO - Sync 1 DAGs
[2025-03-19T18:25:09.505+0000] {logging_mixin.py:190} INFO - [2025-03-19T18:25:09.505+0000] {dag.py:4180} INFO - Setting next_dagrun for example_params_trigger_ui to None, run_after=None
[2025-03-19T18:25:09.523+0000] {processor.py:208} INFO - Processing /home/amdari/apex-env/venv/lib/python3.11/site-packages/airflow/example_dags/example_params_trigger_ui.py took 0.377 seconds
