[2025-03-19T18:23:07.273+0000] {processor.py:186} INFO - Started process (PID=43129) to work on /home/amdari/apex-env/venv/lib/python3.11/site-packages/airflow/example_dags/example_branch_python_dop_operator_3.py
[2025-03-19T18:23:07.274+0000] {processor.py:914} INFO - Processing file /home/amdari/apex-env/venv/lib/python3.11/site-packages/airflow/example_dags/example_branch_python_dop_operator_3.py for tasks to queue
[2025-03-19T18:23:07.277+0000] {logging_mixin.py:190} INFO - [2025-03-19T18:23:07.277+0000] {dagbag.py:588} INFO - Filling up the DagBag from /home/amdari/apex-env/venv/lib/python3.11/site-packages/airflow/example_dags/example_branch_python_dop_operator_3.py
[2025-03-19T18:23:07.289+0000] {processor.py:925} INFO - DAG(s) 'example_branch_dop_operator_v3' retrieved from /home/amdari/apex-env/venv/lib/python3.11/site-packages/airflow/example_dags/example_branch_python_dop_operator_3.py
[2025-03-19T18:23:07.387+0000] {logging_mixin.py:190} INFO - [2025-03-19T18:23:07.386+0000] {dag.py:3239} INFO - Sync 1 DAGs
[2025-03-19T18:23:07.416+0000] {logging_mixin.py:190} INFO - [2025-03-19T18:23:07.416+0000] {dag.py:4180} INFO - Setting next_dagrun for example_branch_dop_operator_v3 to 2025-03-19 18:22:00+00:00, run_after=2025-03-19 18:23:00+00:00
[2025-03-19T18:23:07.439+0000] {processor.py:208} INFO - Processing /home/amdari/apex-env/venv/lib/python3.11/site-packages/airflow/example_dags/example_branch_python_dop_operator_3.py took 0.175 seconds
[2025-03-19T18:23:37.652+0000] {processor.py:186} INFO - Started process (PID=43567) to work on /home/amdari/apex-env/venv/lib/python3.11/site-packages/airflow/example_dags/example_branch_python_dop_operator_3.py
[2025-03-19T18:23:37.654+0000] {processor.py:914} INFO - Processing file /home/amdari/apex-env/venv/lib/python3.11/site-packages/airflow/example_dags/example_branch_python_dop_operator_3.py for tasks to queue
[2025-03-19T18:23:37.657+0000] {logging_mixin.py:190} INFO - [2025-03-19T18:23:37.657+0000] {dagbag.py:588} INFO - Filling up the DagBag from /home/amdari/apex-env/venv/lib/python3.11/site-packages/airflow/example_dags/example_branch_python_dop_operator_3.py
[2025-03-19T18:23:37.669+0000] {processor.py:925} INFO - DAG(s) 'example_branch_dop_operator_v3' retrieved from /home/amdari/apex-env/venv/lib/python3.11/site-packages/airflow/example_dags/example_branch_python_dop_operator_3.py
[2025-03-19T18:23:37.705+0000] {logging_mixin.py:190} INFO - [2025-03-19T18:23:37.705+0000] {dag.py:3239} INFO - Sync 1 DAGs
[2025-03-19T18:23:37.736+0000] {logging_mixin.py:190} INFO - [2025-03-19T18:23:37.736+0000] {dag.py:4180} INFO - Setting next_dagrun for example_branch_dop_operator_v3 to 2025-03-19 18:22:00+00:00, run_after=2025-03-19 18:23:00+00:00
[2025-03-19T18:23:37.758+0000] {processor.py:208} INFO - Processing /home/amdari/apex-env/venv/lib/python3.11/site-packages/airflow/example_dags/example_branch_python_dop_operator_3.py took 0.114 seconds
[2025-03-19T18:24:09.628+0000] {processor.py:186} INFO - Started process (PID=43918) to work on /home/amdari/apex-env/venv/lib/python3.11/site-packages/airflow/example_dags/example_branch_python_dop_operator_3.py
[2025-03-19T18:24:09.630+0000] {processor.py:914} INFO - Processing file /home/amdari/apex-env/venv/lib/python3.11/site-packages/airflow/example_dags/example_branch_python_dop_operator_3.py for tasks to queue
[2025-03-19T18:24:09.634+0000] {logging_mixin.py:190} INFO - [2025-03-19T18:24:09.634+0000] {dagbag.py:588} INFO - Filling up the DagBag from /home/amdari/apex-env/venv/lib/python3.11/site-packages/airflow/example_dags/example_branch_python_dop_operator_3.py
[2025-03-19T18:24:09.646+0000] {processor.py:925} INFO - DAG(s) 'example_branch_dop_operator_v3' retrieved from /home/amdari/apex-env/venv/lib/python3.11/site-packages/airflow/example_dags/example_branch_python_dop_operator_3.py
[2025-03-19T18:24:09.683+0000] {logging_mixin.py:190} INFO - [2025-03-19T18:24:09.682+0000] {dag.py:3239} INFO - Sync 1 DAGs
[2025-03-19T18:24:09.714+0000] {logging_mixin.py:190} INFO - [2025-03-19T18:24:09.714+0000] {dag.py:4180} INFO - Setting next_dagrun for example_branch_dop_operator_v3 to 2025-03-19 18:23:00+00:00, run_after=2025-03-19 18:24:00+00:00
[2025-03-19T18:24:09.736+0000] {processor.py:208} INFO - Processing /home/amdari/apex-env/venv/lib/python3.11/site-packages/airflow/example_dags/example_branch_python_dop_operator_3.py took 0.117 seconds
[2025-03-19T18:24:41.942+0000] {processor.py:186} INFO - Started process (PID=44300) to work on /home/amdari/apex-env/venv/lib/python3.11/site-packages/airflow/example_dags/example_branch_python_dop_operator_3.py
[2025-03-19T18:24:41.944+0000] {processor.py:914} INFO - Processing file /home/amdari/apex-env/venv/lib/python3.11/site-packages/airflow/example_dags/example_branch_python_dop_operator_3.py for tasks to queue
[2025-03-19T18:24:41.947+0000] {logging_mixin.py:190} INFO - [2025-03-19T18:24:41.947+0000] {dagbag.py:588} INFO - Filling up the DagBag from /home/amdari/apex-env/venv/lib/python3.11/site-packages/airflow/example_dags/example_branch_python_dop_operator_3.py
[2025-03-19T18:24:41.960+0000] {processor.py:925} INFO - DAG(s) 'example_branch_dop_operator_v3' retrieved from /home/amdari/apex-env/venv/lib/python3.11/site-packages/airflow/example_dags/example_branch_python_dop_operator_3.py
[2025-03-19T18:24:41.996+0000] {logging_mixin.py:190} INFO - [2025-03-19T18:24:41.995+0000] {dag.py:3239} INFO - Sync 1 DAGs
[2025-03-19T18:24:42.265+0000] {logging_mixin.py:190} INFO - [2025-03-19T18:24:42.265+0000] {dag.py:4180} INFO - Setting next_dagrun for example_branch_dop_operator_v3 to 2025-03-19 18:23:00+00:00, run_after=2025-03-19 18:24:00+00:00
[2025-03-19T18:24:42.284+0000] {processor.py:208} INFO - Processing /home/amdari/apex-env/venv/lib/python3.11/site-packages/airflow/example_dags/example_branch_python_dop_operator_3.py took 0.351 seconds
[2025-03-19T18:25:12.870+0000] {processor.py:186} INFO - Started process (PID=44746) to work on /home/amdari/apex-env/venv/lib/python3.11/site-packages/airflow/example_dags/example_branch_python_dop_operator_3.py
[2025-03-19T18:25:12.872+0000] {processor.py:914} INFO - Processing file /home/amdari/apex-env/venv/lib/python3.11/site-packages/airflow/example_dags/example_branch_python_dop_operator_3.py for tasks to queue
[2025-03-19T18:25:12.876+0000] {logging_mixin.py:190} INFO - [2025-03-19T18:25:12.875+0000] {dagbag.py:588} INFO - Filling up the DagBag from /home/amdari/apex-env/venv/lib/python3.11/site-packages/airflow/example_dags/example_branch_python_dop_operator_3.py
[2025-03-19T18:25:12.888+0000] {processor.py:925} INFO - DAG(s) 'example_branch_dop_operator_v3' retrieved from /home/amdari/apex-env/venv/lib/python3.11/site-packages/airflow/example_dags/example_branch_python_dop_operator_3.py
[2025-03-19T18:25:12.923+0000] {logging_mixin.py:190} INFO - [2025-03-19T18:25:12.923+0000] {dag.py:3239} INFO - Sync 1 DAGs
[2025-03-19T18:25:13.204+0000] {logging_mixin.py:190} INFO - [2025-03-19T18:25:13.204+0000] {dag.py:4180} INFO - Setting next_dagrun for example_branch_dop_operator_v3 to 2025-03-19 18:24:00+00:00, run_after=2025-03-19 18:25:00+00:00
[2025-03-19T18:25:13.225+0000] {processor.py:208} INFO - Processing /home/amdari/apex-env/venv/lib/python3.11/site-packages/airflow/example_dags/example_branch_python_dop_operator_3.py took 0.365 seconds
