[2025-03-19T18:23:04.601+0000] {processor.py:186} INFO - Started process (PID=42942) to work on /home/amdari/apex-env/venv/lib/python3.11/site-packages/airflow/example_dags/example_latest_only.py
[2025-03-19T18:23:04.602+0000] {processor.py:914} INFO - Processing file /home/amdari/apex-env/venv/lib/python3.11/site-packages/airflow/example_dags/example_latest_only.py for tasks to queue
[2025-03-19T18:23:04.605+0000] {logging_mixin.py:190} INFO - [2025-03-19T18:23:04.605+0000] {dagbag.py:588} INFO - Filling up the DagBag from /home/amdari/apex-env/venv/lib/python3.11/site-packages/airflow/example_dags/example_latest_only.py
[2025-03-19T18:23:04.612+0000] {processor.py:925} INFO - DAG(s) 'latest_only' retrieved from /home/amdari/apex-env/venv/lib/python3.11/site-packages/airflow/example_dags/example_latest_only.py
[2025-03-19T18:23:04.705+0000] {logging_mixin.py:190} INFO - [2025-03-19T18:23:04.704+0000] {dag.py:3239} INFO - Sync 1 DAGs
[2025-03-19T18:23:04.730+0000] {logging_mixin.py:190} INFO - [2025-03-19T18:23:04.730+0000] {dag.py:4180} INFO - Setting next_dagrun for latest_only to 2025-03-19 12:00:00+00:00, run_after=2025-03-19 16:00:00+00:00
[2025-03-19T18:23:04.752+0000] {processor.py:208} INFO - Processing /home/amdari/apex-env/venv/lib/python3.11/site-packages/airflow/example_dags/example_latest_only.py took 0.160 seconds
[2025-03-19T18:23:35.493+0000] {processor.py:186} INFO - Started process (PID=43430) to work on /home/amdari/apex-env/venv/lib/python3.11/site-packages/airflow/example_dags/example_latest_only.py
[2025-03-19T18:23:35.494+0000] {processor.py:914} INFO - Processing file /home/amdari/apex-env/venv/lib/python3.11/site-packages/airflow/example_dags/example_latest_only.py for tasks to queue
[2025-03-19T18:23:35.498+0000] {logging_mixin.py:190} INFO - [2025-03-19T18:23:35.497+0000] {dagbag.py:588} INFO - Filling up the DagBag from /home/amdari/apex-env/venv/lib/python3.11/site-packages/airflow/example_dags/example_latest_only.py
[2025-03-19T18:23:35.505+0000] {processor.py:925} INFO - DAG(s) 'latest_only' retrieved from /home/amdari/apex-env/venv/lib/python3.11/site-packages/airflow/example_dags/example_latest_only.py
[2025-03-19T18:23:35.541+0000] {logging_mixin.py:190} INFO - [2025-03-19T18:23:35.541+0000] {dag.py:3239} INFO - Sync 1 DAGs
[2025-03-19T18:23:35.812+0000] {logging_mixin.py:190} INFO - [2025-03-19T18:23:35.812+0000] {dag.py:4180} INFO - Setting next_dagrun for latest_only to 2025-03-19 12:00:00+00:00, run_after=2025-03-19 16:00:00+00:00
[2025-03-19T18:23:35.831+0000] {processor.py:208} INFO - Processing /home/amdari/apex-env/venv/lib/python3.11/site-packages/airflow/example_dags/example_latest_only.py took 0.347 seconds
[2025-03-19T18:24:06.368+0000] {processor.py:186} INFO - Started process (PID=43781) to work on /home/amdari/apex-env/venv/lib/python3.11/site-packages/airflow/example_dags/example_latest_only.py
[2025-03-19T18:24:06.370+0000] {processor.py:914} INFO - Processing file /home/amdari/apex-env/venv/lib/python3.11/site-packages/airflow/example_dags/example_latest_only.py for tasks to queue
[2025-03-19T18:24:06.373+0000] {logging_mixin.py:190} INFO - [2025-03-19T18:24:06.372+0000] {dagbag.py:588} INFO - Filling up the DagBag from /home/amdari/apex-env/venv/lib/python3.11/site-packages/airflow/example_dags/example_latest_only.py
[2025-03-19T18:24:06.380+0000] {processor.py:925} INFO - DAG(s) 'latest_only' retrieved from /home/amdari/apex-env/venv/lib/python3.11/site-packages/airflow/example_dags/example_latest_only.py
[2025-03-19T18:24:06.418+0000] {logging_mixin.py:190} INFO - [2025-03-19T18:24:06.417+0000] {dag.py:3239} INFO - Sync 1 DAGs
[2025-03-19T18:24:06.693+0000] {logging_mixin.py:190} INFO - [2025-03-19T18:24:06.693+0000] {dag.py:4180} INFO - Setting next_dagrun for latest_only to 2025-03-19 12:00:00+00:00, run_after=2025-03-19 16:00:00+00:00
[2025-03-19T18:24:06.712+0000] {processor.py:208} INFO - Processing /home/amdari/apex-env/venv/lib/python3.11/site-packages/airflow/example_dags/example_latest_only.py took 0.353 seconds
[2025-03-19T18:24:37.186+0000] {processor.py:186} INFO - Started process (PID=44131) to work on /home/amdari/apex-env/venv/lib/python3.11/site-packages/airflow/example_dags/example_latest_only.py
[2025-03-19T18:24:37.187+0000] {processor.py:914} INFO - Processing file /home/amdari/apex-env/venv/lib/python3.11/site-packages/airflow/example_dags/example_latest_only.py for tasks to queue
[2025-03-19T18:24:37.190+0000] {logging_mixin.py:190} INFO - [2025-03-19T18:24:37.190+0000] {dagbag.py:588} INFO - Filling up the DagBag from /home/amdari/apex-env/venv/lib/python3.11/site-packages/airflow/example_dags/example_latest_only.py
[2025-03-19T18:24:37.198+0000] {processor.py:925} INFO - DAG(s) 'latest_only' retrieved from /home/amdari/apex-env/venv/lib/python3.11/site-packages/airflow/example_dags/example_latest_only.py
[2025-03-19T18:24:37.235+0000] {logging_mixin.py:190} INFO - [2025-03-19T18:24:37.235+0000] {dag.py:3239} INFO - Sync 1 DAGs
[2025-03-19T18:24:37.506+0000] {logging_mixin.py:190} INFO - [2025-03-19T18:24:37.506+0000] {dag.py:4180} INFO - Setting next_dagrun for latest_only to 2025-03-19 12:00:00+00:00, run_after=2025-03-19 16:00:00+00:00
[2025-03-19T18:24:37.524+0000] {processor.py:208} INFO - Processing /home/amdari/apex-env/venv/lib/python3.11/site-packages/airflow/example_dags/example_latest_only.py took 0.347 seconds
[2025-03-19T18:25:08.187+0000] {processor.py:186} INFO - Started process (PID=44607) to work on /home/amdari/apex-env/venv/lib/python3.11/site-packages/airflow/example_dags/example_latest_only.py
[2025-03-19T18:25:08.189+0000] {processor.py:914} INFO - Processing file /home/amdari/apex-env/venv/lib/python3.11/site-packages/airflow/example_dags/example_latest_only.py for tasks to queue
[2025-03-19T18:25:08.193+0000] {logging_mixin.py:190} INFO - [2025-03-19T18:25:08.192+0000] {dagbag.py:588} INFO - Filling up the DagBag from /home/amdari/apex-env/venv/lib/python3.11/site-packages/airflow/example_dags/example_latest_only.py
[2025-03-19T18:25:08.201+0000] {processor.py:925} INFO - DAG(s) 'latest_only' retrieved from /home/amdari/apex-env/venv/lib/python3.11/site-packages/airflow/example_dags/example_latest_only.py
[2025-03-19T18:25:08.239+0000] {logging_mixin.py:190} INFO - [2025-03-19T18:25:08.238+0000] {dag.py:3239} INFO - Sync 1 DAGs
[2025-03-19T18:25:08.517+0000] {logging_mixin.py:190} INFO - [2025-03-19T18:25:08.517+0000] {dag.py:4180} INFO - Setting next_dagrun for latest_only to 2025-03-19 12:00:00+00:00, run_after=2025-03-19 16:00:00+00:00
[2025-03-19T18:25:08.538+0000] {processor.py:208} INFO - Processing /home/amdari/apex-env/venv/lib/python3.11/site-packages/airflow/example_dags/example_latest_only.py took 0.359 seconds
