[2025-03-19T18:23:02.485+0000] {processor.py:186} INFO - Started process (PID=42849) to work on /home/amdari/apex-env/venv/lib/python3.11/site-packages/airflow/example_dags/tutorial_dag.py
[2025-03-19T18:23:02.487+0000] {processor.py:914} INFO - Processing file /home/amdari/apex-env/venv/lib/python3.11/site-packages/airflow/example_dags/tutorial_dag.py for tasks to queue
[2025-03-19T18:23:02.490+0000] {logging_mixin.py:190} INFO - [2025-03-19T18:23:02.489+0000] {dagbag.py:588} INFO - Filling up the DagBag from /home/amdari/apex-env/venv/lib/python3.11/site-packages/airflow/example_dags/tutorial_dag.py
[2025-03-19T18:23:02.499+0000] {processor.py:925} INFO - DAG(s) 'tutorial_dag' retrieved from /home/amdari/apex-env/venv/lib/python3.11/site-packages/airflow/example_dags/tutorial_dag.py
[2025-03-19T18:23:02.595+0000] {logging_mixin.py:190} INFO - [2025-03-19T18:23:02.594+0000] {dag.py:3239} INFO - Sync 1 DAGs
[2025-03-19T18:23:02.854+0000] {logging_mixin.py:190} INFO - [2025-03-19T18:23:02.854+0000] {dag.py:4180} INFO - Setting next_dagrun for tutorial_dag to None, run_after=None
[2025-03-19T18:23:02.876+0000] {processor.py:208} INFO - Processing /home/amdari/apex-env/venv/lib/python3.11/site-packages/airflow/example_dags/tutorial_dag.py took 0.399 seconds
[2025-03-19T18:23:33.065+0000] {processor.py:186} INFO - Started process (PID=43339) to work on /home/amdari/apex-env/venv/lib/python3.11/site-packages/airflow/example_dags/tutorial_dag.py
[2025-03-19T18:23:33.068+0000] {processor.py:914} INFO - Processing file /home/amdari/apex-env/venv/lib/python3.11/site-packages/airflow/example_dags/tutorial_dag.py for tasks to queue
[2025-03-19T18:23:33.071+0000] {logging_mixin.py:190} INFO - [2025-03-19T18:23:33.071+0000] {dagbag.py:588} INFO - Filling up the DagBag from /home/amdari/apex-env/venv/lib/python3.11/site-packages/airflow/example_dags/tutorial_dag.py
[2025-03-19T18:23:33.080+0000] {processor.py:925} INFO - DAG(s) 'tutorial_dag' retrieved from /home/amdari/apex-env/venv/lib/python3.11/site-packages/airflow/example_dags/tutorial_dag.py
[2025-03-19T18:23:33.114+0000] {logging_mixin.py:190} INFO - [2025-03-19T18:23:33.114+0000] {dag.py:3239} INFO - Sync 1 DAGs
[2025-03-19T18:23:33.131+0000] {logging_mixin.py:190} INFO - [2025-03-19T18:23:33.131+0000] {dag.py:4180} INFO - Setting next_dagrun for tutorial_dag to None, run_after=None
[2025-03-19T18:23:33.152+0000] {processor.py:208} INFO - Processing /home/amdari/apex-env/venv/lib/python3.11/site-packages/airflow/example_dags/tutorial_dag.py took 0.096 seconds
[2025-03-19T18:24:03.856+0000] {processor.py:186} INFO - Started process (PID=43691) to work on /home/amdari/apex-env/venv/lib/python3.11/site-packages/airflow/example_dags/tutorial_dag.py
[2025-03-19T18:24:03.858+0000] {processor.py:914} INFO - Processing file /home/amdari/apex-env/venv/lib/python3.11/site-packages/airflow/example_dags/tutorial_dag.py for tasks to queue
[2025-03-19T18:24:03.861+0000] {logging_mixin.py:190} INFO - [2025-03-19T18:24:03.861+0000] {dagbag.py:588} INFO - Filling up the DagBag from /home/amdari/apex-env/venv/lib/python3.11/site-packages/airflow/example_dags/tutorial_dag.py
[2025-03-19T18:24:03.870+0000] {processor.py:925} INFO - DAG(s) 'tutorial_dag' retrieved from /home/amdari/apex-env/venv/lib/python3.11/site-packages/airflow/example_dags/tutorial_dag.py
[2025-03-19T18:24:03.905+0000] {logging_mixin.py:190} INFO - [2025-03-19T18:24:03.904+0000] {dag.py:3239} INFO - Sync 1 DAGs
[2025-03-19T18:24:03.922+0000] {logging_mixin.py:190} INFO - [2025-03-19T18:24:03.922+0000] {dag.py:4180} INFO - Setting next_dagrun for tutorial_dag to None, run_after=None
[2025-03-19T18:24:03.944+0000] {processor.py:208} INFO - Processing /home/amdari/apex-env/venv/lib/python3.11/site-packages/airflow/example_dags/tutorial_dag.py took 0.096 seconds
[2025-03-19T18:24:34.597+0000] {processor.py:186} INFO - Started process (PID=44041) to work on /home/amdari/apex-env/venv/lib/python3.11/site-packages/airflow/example_dags/tutorial_dag.py
[2025-03-19T18:24:34.599+0000] {processor.py:914} INFO - Processing file /home/amdari/apex-env/venv/lib/python3.11/site-packages/airflow/example_dags/tutorial_dag.py for tasks to queue
[2025-03-19T18:24:34.602+0000] {logging_mixin.py:190} INFO - [2025-03-19T18:24:34.602+0000] {dagbag.py:588} INFO - Filling up the DagBag from /home/amdari/apex-env/venv/lib/python3.11/site-packages/airflow/example_dags/tutorial_dag.py
[2025-03-19T18:24:34.611+0000] {processor.py:925} INFO - DAG(s) 'tutorial_dag' retrieved from /home/amdari/apex-env/venv/lib/python3.11/site-packages/airflow/example_dags/tutorial_dag.py
[2025-03-19T18:24:34.646+0000] {logging_mixin.py:190} INFO - [2025-03-19T18:24:34.646+0000] {dag.py:3239} INFO - Sync 1 DAGs
[2025-03-19T18:24:34.663+0000] {logging_mixin.py:190} INFO - [2025-03-19T18:24:34.663+0000] {dag.py:4180} INFO - Setting next_dagrun for tutorial_dag to None, run_after=None
[2025-03-19T18:24:34.683+0000] {processor.py:208} INFO - Processing /home/amdari/apex-env/venv/lib/python3.11/site-packages/airflow/example_dags/tutorial_dag.py took 0.094 seconds
[2025-03-19T18:25:05.549+0000] {processor.py:186} INFO - Started process (PID=44517) to work on /home/amdari/apex-env/venv/lib/python3.11/site-packages/airflow/example_dags/tutorial_dag.py
[2025-03-19T18:25:05.551+0000] {processor.py:914} INFO - Processing file /home/amdari/apex-env/venv/lib/python3.11/site-packages/airflow/example_dags/tutorial_dag.py for tasks to queue
[2025-03-19T18:25:05.555+0000] {logging_mixin.py:190} INFO - [2025-03-19T18:25:05.554+0000] {dagbag.py:588} INFO - Filling up the DagBag from /home/amdari/apex-env/venv/lib/python3.11/site-packages/airflow/example_dags/tutorial_dag.py
[2025-03-19T18:25:05.563+0000] {processor.py:925} INFO - DAG(s) 'tutorial_dag' retrieved from /home/amdari/apex-env/venv/lib/python3.11/site-packages/airflow/example_dags/tutorial_dag.py
[2025-03-19T18:25:05.599+0000] {logging_mixin.py:190} INFO - [2025-03-19T18:25:05.599+0000] {dag.py:3239} INFO - Sync 1 DAGs
[2025-03-19T18:25:05.617+0000] {logging_mixin.py:190} INFO - [2025-03-19T18:25:05.617+0000] {dag.py:4180} INFO - Setting next_dagrun for tutorial_dag to None, run_after=None
[2025-03-19T18:25:05.638+0000] {processor.py:208} INFO - Processing /home/amdari/apex-env/venv/lib/python3.11/site-packages/airflow/example_dags/tutorial_dag.py took 0.098 seconds
