[2025-03-19T18:23:02.453+0000] {processor.py:186} INFO - Started process (PID=42844) to work on /home/amdari/apex-env/venv/lib/python3.11/site-packages/airflow/example_dags/tutorial_taskflow_api_virtualenv.py
[2025-03-19T18:23:02.454+0000] {processor.py:914} INFO - Processing file /home/amdari/apex-env/venv/lib/python3.11/site-packages/airflow/example_dags/tutorial_taskflow_api_virtualenv.py for tasks to queue
[2025-03-19T18:23:02.457+0000] {logging_mixin.py:190} INFO - [2025-03-19T18:23:02.457+0000] {dagbag.py:588} INFO - Filling up the DagBag from /home/amdari/apex-env/venv/lib/python3.11/site-packages/airflow/example_dags/tutorial_taskflow_api_virtualenv.py
[2025-03-19T18:23:02.472+0000] {processor.py:925} INFO - DAG(s) 'tutorial_taskflow_api_virtualenv' retrieved from /home/amdari/apex-env/venv/lib/python3.11/site-packages/airflow/example_dags/tutorial_taskflow_api_virtualenv.py
[2025-03-19T18:23:02.564+0000] {logging_mixin.py:190} INFO - [2025-03-19T18:23:02.564+0000] {dag.py:3239} INFO - Sync 1 DAGs
[2025-03-19T18:23:02.824+0000] {logging_mixin.py:190} INFO - [2025-03-19T18:23:02.823+0000] {dag.py:4180} INFO - Setting next_dagrun for tutorial_taskflow_api_virtualenv to None, run_after=None
[2025-03-19T18:23:02.847+0000] {processor.py:208} INFO - Processing /home/amdari/apex-env/venv/lib/python3.11/site-packages/airflow/example_dags/tutorial_taskflow_api_virtualenv.py took 0.407 seconds
[2025-03-19T18:23:33.055+0000] {processor.py:186} INFO - Started process (PID=43336) to work on /home/amdari/apex-env/venv/lib/python3.11/site-packages/airflow/example_dags/tutorial_taskflow_api_virtualenv.py
[2025-03-19T18:23:33.059+0000] {processor.py:914} INFO - Processing file /home/amdari/apex-env/venv/lib/python3.11/site-packages/airflow/example_dags/tutorial_taskflow_api_virtualenv.py for tasks to queue
[2025-03-19T18:23:33.062+0000] {logging_mixin.py:190} INFO - [2025-03-19T18:23:33.062+0000] {dagbag.py:588} INFO - Filling up the DagBag from /home/amdari/apex-env/venv/lib/python3.11/site-packages/airflow/example_dags/tutorial_taskflow_api_virtualenv.py
[2025-03-19T18:23:33.077+0000] {processor.py:925} INFO - DAG(s) 'tutorial_taskflow_api_virtualenv' retrieved from /home/amdari/apex-env/venv/lib/python3.11/site-packages/airflow/example_dags/tutorial_taskflow_api_virtualenv.py
[2025-03-19T18:23:33.112+0000] {logging_mixin.py:190} INFO - [2025-03-19T18:23:33.111+0000] {dag.py:3239} INFO - Sync 1 DAGs
[2025-03-19T18:23:33.129+0000] {logging_mixin.py:190} INFO - [2025-03-19T18:23:33.129+0000] {dag.py:4180} INFO - Setting next_dagrun for tutorial_taskflow_api_virtualenv to None, run_after=None
[2025-03-19T18:23:33.150+0000] {processor.py:208} INFO - Processing /home/amdari/apex-env/venv/lib/python3.11/site-packages/airflow/example_dags/tutorial_taskflow_api_virtualenv.py took 0.103 seconds
[2025-03-19T18:24:03.726+0000] {processor.py:186} INFO - Started process (PID=43685) to work on /home/amdari/apex-env/venv/lib/python3.11/site-packages/airflow/example_dags/tutorial_taskflow_api_virtualenv.py
[2025-03-19T18:24:03.728+0000] {processor.py:914} INFO - Processing file /home/amdari/apex-env/venv/lib/python3.11/site-packages/airflow/example_dags/tutorial_taskflow_api_virtualenv.py for tasks to queue
[2025-03-19T18:24:03.731+0000] {logging_mixin.py:190} INFO - [2025-03-19T18:24:03.731+0000] {dagbag.py:588} INFO - Filling up the DagBag from /home/amdari/apex-env/venv/lib/python3.11/site-packages/airflow/example_dags/tutorial_taskflow_api_virtualenv.py
[2025-03-19T18:24:03.746+0000] {processor.py:925} INFO - DAG(s) 'tutorial_taskflow_api_virtualenv' retrieved from /home/amdari/apex-env/venv/lib/python3.11/site-packages/airflow/example_dags/tutorial_taskflow_api_virtualenv.py
[2025-03-19T18:24:03.781+0000] {logging_mixin.py:190} INFO - [2025-03-19T18:24:03.781+0000] {dag.py:3239} INFO - Sync 1 DAGs
[2025-03-19T18:24:03.798+0000] {logging_mixin.py:190} INFO - [2025-03-19T18:24:03.798+0000] {dag.py:4180} INFO - Setting next_dagrun for tutorial_taskflow_api_virtualenv to None, run_after=None
[2025-03-19T18:24:03.817+0000] {processor.py:208} INFO - Processing /home/amdari/apex-env/venv/lib/python3.11/site-packages/airflow/example_dags/tutorial_taskflow_api_virtualenv.py took 0.100 seconds
[2025-03-19T18:24:34.464+0000] {processor.py:186} INFO - Started process (PID=44035) to work on /home/amdari/apex-env/venv/lib/python3.11/site-packages/airflow/example_dags/tutorial_taskflow_api_virtualenv.py
[2025-03-19T18:24:34.466+0000] {processor.py:914} INFO - Processing file /home/amdari/apex-env/venv/lib/python3.11/site-packages/airflow/example_dags/tutorial_taskflow_api_virtualenv.py for tasks to queue
[2025-03-19T18:24:34.469+0000] {logging_mixin.py:190} INFO - [2025-03-19T18:24:34.469+0000] {dagbag.py:588} INFO - Filling up the DagBag from /home/amdari/apex-env/venv/lib/python3.11/site-packages/airflow/example_dags/tutorial_taskflow_api_virtualenv.py
[2025-03-19T18:24:34.484+0000] {processor.py:925} INFO - DAG(s) 'tutorial_taskflow_api_virtualenv' retrieved from /home/amdari/apex-env/venv/lib/python3.11/site-packages/airflow/example_dags/tutorial_taskflow_api_virtualenv.py
[2025-03-19T18:24:34.520+0000] {logging_mixin.py:190} INFO - [2025-03-19T18:24:34.520+0000] {dag.py:3239} INFO - Sync 1 DAGs
[2025-03-19T18:24:34.537+0000] {logging_mixin.py:190} INFO - [2025-03-19T18:24:34.537+0000] {dag.py:4180} INFO - Setting next_dagrun for tutorial_taskflow_api_virtualenv to None, run_after=None
[2025-03-19T18:24:34.558+0000] {processor.py:208} INFO - Processing /home/amdari/apex-env/venv/lib/python3.11/site-packages/airflow/example_dags/tutorial_taskflow_api_virtualenv.py took 0.102 seconds
[2025-03-19T18:25:05.411+0000] {processor.py:186} INFO - Started process (PID=44511) to work on /home/amdari/apex-env/venv/lib/python3.11/site-packages/airflow/example_dags/tutorial_taskflow_api_virtualenv.py
[2025-03-19T18:25:05.412+0000] {processor.py:914} INFO - Processing file /home/amdari/apex-env/venv/lib/python3.11/site-packages/airflow/example_dags/tutorial_taskflow_api_virtualenv.py for tasks to queue
[2025-03-19T18:25:05.416+0000] {logging_mixin.py:190} INFO - [2025-03-19T18:25:05.415+0000] {dagbag.py:588} INFO - Filling up the DagBag from /home/amdari/apex-env/venv/lib/python3.11/site-packages/airflow/example_dags/tutorial_taskflow_api_virtualenv.py
[2025-03-19T18:25:05.431+0000] {processor.py:925} INFO - DAG(s) 'tutorial_taskflow_api_virtualenv' retrieved from /home/amdari/apex-env/venv/lib/python3.11/site-packages/airflow/example_dags/tutorial_taskflow_api_virtualenv.py
[2025-03-19T18:25:05.468+0000] {logging_mixin.py:190} INFO - [2025-03-19T18:25:05.467+0000] {dag.py:3239} INFO - Sync 1 DAGs
[2025-03-19T18:25:05.485+0000] {logging_mixin.py:190} INFO - [2025-03-19T18:25:05.484+0000] {dag.py:4180} INFO - Setting next_dagrun for tutorial_taskflow_api_virtualenv to None, run_after=None
[2025-03-19T18:25:05.506+0000] {processor.py:208} INFO - Processing /home/amdari/apex-env/venv/lib/python3.11/site-packages/airflow/example_dags/tutorial_taskflow_api_virtualenv.py took 0.104 seconds
