[2025-03-19T18:23:03.877+0000] {processor.py:186} INFO - Started process (PID=42892) to work on /home/amdari/apex-env/venv/lib/python3.11/site-packages/airflow/example_dags/plugins/decreasing_priority_weight_strategy.py
[2025-03-19T18:23:03.878+0000] {processor.py:914} INFO - Processing file /home/amdari/apex-env/venv/lib/python3.11/site-packages/airflow/example_dags/plugins/decreasing_priority_weight_strategy.py for tasks to queue
[2025-03-19T18:23:03.882+0000] {logging_mixin.py:190} INFO - [2025-03-19T18:23:03.881+0000] {dagbag.py:588} INFO - Filling up the DagBag from /home/amdari/apex-env/venv/lib/python3.11/site-packages/airflow/example_dags/plugins/decreasing_priority_weight_strategy.py
[2025-03-19T18:23:03.884+0000] {processor.py:927} WARNING - No viable dags retrieved from /home/amdari/apex-env/venv/lib/python3.11/site-packages/airflow/example_dags/plugins/decreasing_priority_weight_strategy.py
[2025-03-19T18:23:03.910+0000] {processor.py:208} INFO - Processing /home/amdari/apex-env/venv/lib/python3.11/site-packages/airflow/example_dags/plugins/decreasing_priority_weight_strategy.py took 0.042 seconds
[2025-03-19T18:23:34.677+0000] {processor.py:186} INFO - Started process (PID=43382) to work on /home/amdari/apex-env/venv/lib/python3.11/site-packages/airflow/example_dags/plugins/decreasing_priority_weight_strategy.py
[2025-03-19T18:23:34.678+0000] {processor.py:914} INFO - Processing file /home/amdari/apex-env/venv/lib/python3.11/site-packages/airflow/example_dags/plugins/decreasing_priority_weight_strategy.py for tasks to queue
[2025-03-19T18:23:34.682+0000] {logging_mixin.py:190} INFO - [2025-03-19T18:23:34.681+0000] {dagbag.py:588} INFO - Filling up the DagBag from /home/amdari/apex-env/venv/lib/python3.11/site-packages/airflow/example_dags/plugins/decreasing_priority_weight_strategy.py
[2025-03-19T18:23:34.685+0000] {processor.py:927} WARNING - No viable dags retrieved from /home/amdari/apex-env/venv/lib/python3.11/site-packages/airflow/example_dags/plugins/decreasing_priority_weight_strategy.py
[2025-03-19T18:23:34.710+0000] {processor.py:208} INFO - Processing /home/amdari/apex-env/venv/lib/python3.11/site-packages/airflow/example_dags/plugins/decreasing_priority_weight_strategy.py took 0.042 seconds
[2025-03-19T18:24:05.472+0000] {processor.py:186} INFO - Started process (PID=43734) to work on /home/amdari/apex-env/venv/lib/python3.11/site-packages/airflow/example_dags/plugins/decreasing_priority_weight_strategy.py
[2025-03-19T18:24:05.474+0000] {processor.py:914} INFO - Processing file /home/amdari/apex-env/venv/lib/python3.11/site-packages/airflow/example_dags/plugins/decreasing_priority_weight_strategy.py for tasks to queue
[2025-03-19T18:24:05.477+0000] {logging_mixin.py:190} INFO - [2025-03-19T18:24:05.476+0000] {dagbag.py:588} INFO - Filling up the DagBag from /home/amdari/apex-env/venv/lib/python3.11/site-packages/airflow/example_dags/plugins/decreasing_priority_weight_strategy.py
[2025-03-19T18:24:05.480+0000] {processor.py:927} WARNING - No viable dags retrieved from /home/amdari/apex-env/venv/lib/python3.11/site-packages/airflow/example_dags/plugins/decreasing_priority_weight_strategy.py
[2025-03-19T18:24:05.506+0000] {processor.py:208} INFO - Processing /home/amdari/apex-env/venv/lib/python3.11/site-packages/airflow/example_dags/plugins/decreasing_priority_weight_strategy.py took 0.043 seconds
[2025-03-19T18:24:36.323+0000] {processor.py:186} INFO - Started process (PID=44083) to work on /home/amdari/apex-env/venv/lib/python3.11/site-packages/airflow/example_dags/plugins/decreasing_priority_weight_strategy.py
[2025-03-19T18:24:36.324+0000] {processor.py:914} INFO - Processing file /home/amdari/apex-env/venv/lib/python3.11/site-packages/airflow/example_dags/plugins/decreasing_priority_weight_strategy.py for tasks to queue
[2025-03-19T18:24:36.327+0000] {logging_mixin.py:190} INFO - [2025-03-19T18:24:36.327+0000] {dagbag.py:588} INFO - Filling up the DagBag from /home/amdari/apex-env/venv/lib/python3.11/site-packages/airflow/example_dags/plugins/decreasing_priority_weight_strategy.py
[2025-03-19T18:24:36.330+0000] {processor.py:927} WARNING - No viable dags retrieved from /home/amdari/apex-env/venv/lib/python3.11/site-packages/airflow/example_dags/plugins/decreasing_priority_weight_strategy.py
[2025-03-19T18:24:36.355+0000] {processor.py:208} INFO - Processing /home/amdari/apex-env/venv/lib/python3.11/site-packages/airflow/example_dags/plugins/decreasing_priority_weight_strategy.py took 0.041 seconds
[2025-03-19T18:25:07.187+0000] {processor.py:186} INFO - Started process (PID=44558) to work on /home/amdari/apex-env/venv/lib/python3.11/site-packages/airflow/example_dags/plugins/decreasing_priority_weight_strategy.py
[2025-03-19T18:25:07.190+0000] {processor.py:914} INFO - Processing file /home/amdari/apex-env/venv/lib/python3.11/site-packages/airflow/example_dags/plugins/decreasing_priority_weight_strategy.py for tasks to queue
[2025-03-19T18:25:07.193+0000] {logging_mixin.py:190} INFO - [2025-03-19T18:25:07.192+0000] {dagbag.py:588} INFO - Filling up the DagBag from /home/amdari/apex-env/venv/lib/python3.11/site-packages/airflow/example_dags/plugins/decreasing_priority_weight_strategy.py
[2025-03-19T18:25:07.196+0000] {processor.py:927} WARNING - No viable dags retrieved from /home/amdari/apex-env/venv/lib/python3.11/site-packages/airflow/example_dags/plugins/decreasing_priority_weight_strategy.py
[2025-03-19T18:25:07.225+0000] {processor.py:208} INFO - Processing /home/amdari/apex-env/venv/lib/python3.11/site-packages/airflow/example_dags/plugins/decreasing_priority_weight_strategy.py took 0.046 seconds
